INFO: [VRFC 10-2263] Analyzing SystemVerilog file "C:/Users/austi/OneDrive/Documents/GitHub/Basys3/ALU_IMMED_GEN/ALU_IMMED_GEN.srcs/sources_1/new/ALU.sv" into library xil_defaultlib
INFO: [VRFC 10-311] analyzing module ALU
INFO: [VRFC 10-2263] Analyzing SystemVerilog file "C:/Users/austi/OneDrive/Documents/GitHub/Basys3/Branch_addr_gen/Branch_addr_gen.srcs/sources_1/new/BRANCH_ADDR_GEN.sv" into library xil_defaultlib
INFO: [VRFC 10-311] analyzing module BRANCH_ADDR_GEN
INFO: [VRFC 10-2263] Analyzing SystemVerilog file "C:/Users/austi/OneDrive/Documents/GitHub/Basys3/Branch_cond_gen/Branch_cond_gen.srcs/sources_1/new/BRANCH_COND_GEN.sv" into library xil_defaultlib
INFO: [VRFC 10-311] analyzing module BRANCH_COND_GEN
INFO: [VRFC 10-2263] Analyzing SystemVerilog file "C:/Users/austi/OneDrive/Documents/GitHub/Basys3/OTTERWRAPPER.srcs/sources_1/new/CSR.sv" into library xil_defaultlib
INFO: [VRFC 10-311] analyzing module CSR
INFO: [VRFC 10-2263] Analyzing SystemVerilog file "C:/Users/austi/OneDrive/Documents/GitHub/Basys3/CU_FSM.srcs/sources_1/new/CU_DCDR.sv" into library xil_defaultlib
INFO: [VRFC 10-311] analyzing module CU_DCDR
INFO: [VRFC 10-2263] Analyzing SystemVerilog file "C:/Users/austi/OneDrive/Documents/GitHub/Basys3/CU_FSM.srcs/sources_1/new/CU_FSM.sv" into library xil_defaultlib
INFO: [VRFC 10-311] analyzing module CU_FSM
INFO: [VRFC 10-2263] Analyzing SystemVerilog file "C:/Users/austi/OneDrive/Documents/GitHub/Basys3/ALU_IMMED_GEN/ALU_IMMED_GEN.srcs/sources_1/new/IMMED_GEN.sv" into library xil_defaultlib
INFO: [VRFC 10-311] analyzing module IMMED_GEN
INFO: [VRFC 10-2263] Analyzing SystemVerilog file "C:/Users/austi/OneDrive/Documents/GitHub/Basys3/HW2_PC_MUX/HW2_PC_MUX.srcs/sources_1/new/MUX.sv" into library xil_defaultlib
INFO: [VRFC 10-311] analyzing module MUX
INFO: [VRFC 10-2263] Analyzing SystemVerilog file "C:/Users/austi/OneDrive/Documents/GitHub/Basys3/CU_FSM.srcs/sources_1/new/OTTERMCU.sv" into library xil_defaultlib
INFO: [VRFC 10-311] analyzing module OTTERMCU
INFO: [VRFC 10-2263] Analyzing SystemVerilog file "C:/Users/austi/OneDrive/Documents/GitHub/Basys3/HW2_PC_MUX/HW2_PC_MUX.srcs/sources_1/new/PC.sv" into library xil_defaultlib
INFO: [VRFC 10-311] analyzing module PC
INFO: [VRFC 10-2263] Analyzing SystemVerilog file "C:/Users/austi/OneDrive/Documents/GitHub/Basys3/CU_FSM.srcs/sources_1/new/alu_muxA.sv" into library xil_defaultlib
INFO: [VRFC 10-311] analyzing module alu_muxA
INFO: [VRFC 10-2263] Analyzing SystemVerilog file "C:/Users/austi/OneDrive/Documents/GitHub/Basys3/CU_FSM.srcs/sources_1/new/alu_muxB.sv" into library xil_defaultlib
INFO: [VRFC 10-311] analyzing module alu_muxB
INFO: [VRFC 10-2263] Analyzing SystemVerilog file "C:/Users/austi/OneDrive/Documents/GitHub/Basys3/OTTERWRAPPER.srcs/sources_1/new/intrpt_and.sv" into library xil_defaultlib
INFO: [VRFC 10-311] analyzing module intrpt_and
INFO: [VRFC 10-2263] Analyzing SystemVerilog file "C:/Users/austi/OneDrive/Documents/GitHub/Basys3/otter_memory_v1_07.sv" into library xil_defaultlib
INFO: [VRFC 10-311] analyzing module Memory
INFO: [VRFC 10-2263] Analyzing SystemVerilog file "C:/Users/austi/OneDrive/Documents/GitHub/Basys3/reg_file/reg_file.srcs/sources_1/new/reg_file.sv" into library xil_defaultlib
INFO: [VRFC 10-311] analyzing module reg_file
INFO: [VRFC 10-2263] Analyzing SystemVerilog file "C:/Users/austi/OneDrive/Documents/GitHub/Basys3/CU_FSM.srcs/sources_1/new/rf_mux.sv" into library xil_defaultlib
INFO: [VRFC 10-311] analyzing module rf_mux
INFO: [VRFC 10-2263] Analyzing SystemVerilog file "C:/Users/austi/OneDrive/Documents/GitHub/Basys3/HW2_PC_MUX/HW2_PC_MUX.srcs/sources_1/new/top_pc.sv" into library xil_defaultlib
INFO: [VRFC 10-311] analyzing module top_pc
INFO: [VRFC 10-2263] Analyzing SystemVerilog file "C:/Users/austi/OneDrive/Documents/GitHub/Basys3/OTTERWRAPPER.srcs/sim_1/new/otterMCU_TB.sv" into library xil_defaultlib
INFO: [VRFC 10-311] analyzing module otterMCU_TB
INFO: [VRFC 10-2263] Analyzing Verilog file "C:/Users/austi/OneDrive/Documents/GitHub/Basys3/OTTERWRAPPER.sim/sim_1/behav/xsim/glbl.v" into library xil_defaultlib
INFO: [VRFC 10-311] analyzing module glbl
