#-----------------------------------------------------------
# Vivado v2020.1 (64-bit)
# SW Build 2902540 on Wed May 27 19:54:49 MDT 2020
# IP Build 2902112 on Wed May 27 22:43:36 MDT 2020
# Start of session at: Fri Jan 27 13:36:25 2023
# Process ID: 876
# Current directory: C:/Users/austi/CPE 233/reg_file/reg_file.sim/sim_1/behav/xsim
# Command line: vivado.exe -gui_launcher_event rodinguilauncherevent14728 C:\Users\austi\CPE 233\reg_file\reg_file.sim\sim_1\behav\xsim\reg_file_behav.wdb
# Log file: C:/Users/austi/CPE 233/reg_file/reg_file.sim/sim_1/behav/xsim/vivado.log
# Journal file: C:/Users/austi/CPE 233/reg_file/reg_file.sim/sim_1/behav/xsim\vivado.jou
#-----------------------------------------------------------
start_gui
open_wave_database {C:\Users\austi\CPE 233\reg_file\reg_file.sim\sim_1\behav\xsim\reg_file_behav.wdb}
INFO: [IP_Flow 19-234] Refreshing IP repositories
INFO: [IP_Flow 19-1704] No user IP repositories specified
INFO: [IP_Flow 19-2313] Loaded Vivado IP repository 'C:/Xilinx/Vivado/2020.1/data/ip'.
current_fileset: Time (s): cpu = 00:00:08 ; elapsed = 00:00:05 . Memory (MB): peak = 1028.102 ; gain = 0.000
open_wave_database: Time (s): cpu = 00:00:11 ; elapsed = 00:00:07 . Memory (MB): peak = 1028.102 ; gain = 0.000
close_sim
INFO: [Simtcl 6-16] Simulation closed
close_project
exit
INFO: [Common 17-206] Exiting Vivado at Fri Jan 27 14:27:33 2023...
