#-----------------------------------------------------------
# Vivado v2020.1 (64-bit)
# SW Build 2902540 on Wed May 27 19:54:49 MDT 2020
# IP Build 2902112 on Wed May 27 22:43:36 MDT 2020
# Start of session at: Wed Feb  8 22:26:35 2023
# Process ID: 19820
# Current directory: C:/Users/austi/CPE 233/Branch_cond_gen
# Command line: vivado.exe -gui_launcher_event rodinguilauncherevent29564 C:\Users\austi\CPE 233\Branch_cond_gen\Branch_cond_gen.xpr
# Log file: C:/Users/austi/CPE 233/Branch_cond_gen/vivado.log
# Journal file: C:/Users/austi/CPE 233/Branch_cond_gen\vivado.jou
#-----------------------------------------------------------
start_gui
open_project {C:/Users/austi/CPE 233/Branch_cond_gen/Branch_cond_gen.xpr}
Scanning sources...
Finished scanning sources
INFO: [IP_Flow 19-234] Refreshing IP repositories
INFO: [IP_Flow 19-1704] No user IP repositories specified
INFO: [IP_Flow 19-2313] Loaded Vivado IP repository 'C:/Xilinx/Vivado/2020.1/data/ip'.
open_project: Time (s): cpu = 00:00:15 ; elapsed = 00:00:05 . Memory (MB): peak = 1225.605 ; gain = 0.000
update_compile_order -fileset sources_1
launch_simulation
Command: launch_simulation 
INFO: [Vivado 12-5682] Launching behavioral simulation in 'C:/Users/austi/CPE 233/Branch_cond_gen/Branch_cond_gen.sim/sim_1/behav/xsim'
INFO: [SIM-utils-51] Simulation object is 'sim_1'
INFO: [SIM-utils-54] Inspecting design source files for 'BRANCH_COND_GEN_TB' in fileset 'sim_1'...
INFO: [USF-XSim-97] Finding global include files...
INFO: [USF-XSim-98] Fetching design files from 'sim_1'...
INFO: [USF-XSim-2] XSim::Compile design
INFO: [USF-XSim-61] Executing 'COMPILE and ANALYZE' step in 'C:/Users/austi/CPE 233/Branch_cond_gen/Branch_cond_gen.sim/sim_1/behav/xsim'
"xvlog --incr --relax -prj BRANCH_COND_GEN_TB_vlog.prj"
INFO: [USF-XSim-69] 'compile' step finished in '2' seconds
INFO: [USF-XSim-3] XSim::Elaborate design
INFO: [USF-XSim-61] Executing 'ELABORATE' step in 'C:/Users/austi/CPE 233/Branch_cond_gen/Branch_cond_gen.sim/sim_1/behav/xsim'
"xelab -wto 70ce46b8932545fb85dda92d44e1b4cf --incr --debug typical --relax --mt 2 -L xil_defaultlib -L unisims_ver -L unimacro_ver -L secureip --snapshot BRANCH_COND_GEN_TB_behav xil_defaultlib.BRANCH_COND_GEN_TB xil_defaultlib.glbl -log elaborate.log"
Vivado Simulator 2020.1
Copyright 1986-1999, 2001-2020 Xilinx, Inc. All Rights Reserved.
Running: C:/Xilinx/Vivado/2020.1/bin/unwrapped/win64.o/xelab.exe -wto 70ce46b8932545fb85dda92d44e1b4cf --incr --debug typical --relax --mt 2 -L xil_defaultlib -L unisims_ver -L unimacro_ver -L secureip --snapshot BRANCH_COND_GEN_TB_behav xil_defaultlib.BRANCH_COND_GEN_TB xil_defaultlib.glbl -log elaborate.log 
Using 2 slave threads.
Starting static elaboration
Pass Through NonSizing Optimizer
Completed static elaboration
INFO: [XSIM 43-4323] No Change in HDL. Linking previously generated obj files to create kernel
INFO: [USF-XSim-69] 'elaborate' step finished in '1' seconds
INFO: [USF-XSim-4] XSim::Simulate design
INFO: [USF-XSim-61] Executing 'SIMULATE' step in 'C:/Users/austi/CPE 233/Branch_cond_gen/Branch_cond_gen.sim/sim_1/behav/xsim'
INFO: [USF-XSim-98] *** Running xsim
   with args "BRANCH_COND_GEN_TB_behav -key {Behavioral:sim_1:Functional:BRANCH_COND_GEN_TB} -tclbatch {BRANCH_COND_GEN_TB.tcl} -log {simulate.log}"
INFO: [USF-XSim-8] Loading simulator feature
Vivado Simulator 2020.1
Time resolution is 1 ps
source BRANCH_COND_GEN_TB.tcl
# set curr_wave [current_wave_config]
# if { [string length $curr_wave] == 0 } {
#   if { [llength [get_objects]] > 0} {
#     add_wave /
#     set_property needs_save false [current_wave_config]
#   } else {
#      send_msg_id Add_Wave-1 WARNING "No top level signals found. Simulator will start without a wave window. If you want to open a wave window go to 'File->New Waveform Configuration' or type 'create_wave_config' in the TCL console."
#   }
# }
# run 1000ns
INFO: [USF-XSim-96] XSim completed. Design snapshot 'BRANCH_COND_GEN_TB_behav' loaded.
INFO: [USF-XSim-97] XSim simulation ran for 1000ns
launch_simulation: Time (s): cpu = 00:00:08 ; elapsed = 00:00:07 . Memory (MB): peak = 1225.605 ; gain = 0.000
synth_design -rtl -name rtl_1
Command: synth_design -rtl -name rtl_1
Starting synth_design
Using part: xc7a35tcpg236-1
Top: BRANCH_COND_GEN
INFO: [Device 21-403] Loading part xc7a35tcpg236-1
---------------------------------------------------------------------------------
Starting RTL Elaboration : Time (s): cpu = 00:00:05 ; elapsed = 00:00:05 . Memory (MB): peak = 1354.875 ; gain = 129.270
---------------------------------------------------------------------------------
INFO: [Synth 8-6157] synthesizing module 'BRANCH_COND_GEN' [C:/Users/austi/CPE 233/Branch_cond_gen/Branch_cond_gen.srcs/sources_1/new/BRANCH_COND_GEN.sv:23]
INFO: [Synth 8-6155] done synthesizing module 'BRANCH_COND_GEN' (1#1) [C:/Users/austi/CPE 233/Branch_cond_gen/Branch_cond_gen.srcs/sources_1/new/BRANCH_COND_GEN.sv:23]
---------------------------------------------------------------------------------
Finished RTL Elaboration : Time (s): cpu = 00:00:07 ; elapsed = 00:00:07 . Memory (MB): peak = 1433.473 ; gain = 207.867
---------------------------------------------------------------------------------
---------------------------------------------------------------------------------
Start Handling Custom Attributes
---------------------------------------------------------------------------------
---------------------------------------------------------------------------------
Finished Handling Custom Attributes : Time (s): cpu = 00:00:07 ; elapsed = 00:00:07 . Memory (MB): peak = 1446.105 ; gain = 220.500
---------------------------------------------------------------------------------
---------------------------------------------------------------------------------
Finished RTL Optimization Phase 1 : Time (s): cpu = 00:00:07 ; elapsed = 00:00:07 . Memory (MB): peak = 1446.105 ; gain = 220.500
---------------------------------------------------------------------------------
Netlist sorting complete. Time (s): cpu = 00:00:00 ; elapsed = 00:00:00.002 . Memory (MB): peak = 1446.105 ; gain = 0.000
INFO: [Project 1-570] Preparing netlist for logic optimization

Processing XDC Constraints
Initializing timing engine
Completed Processing XDC Constraints

INFO: [Opt 31-138] Pushed 0 inverter(s) to 0 load pin(s).
Netlist sorting complete. Time (s): cpu = 00:00:00 ; elapsed = 00:00:00 . Memory (MB): peak = 1489.441 ; gain = 0.000
INFO: [Project 1-111] Unisim Transformation Summary:
No Unisim elements were transformed.

RTL Elaboration Complete:  : Time (s): cpu = 00:00:22 ; elapsed = 00:00:13 . Memory (MB): peak = 1585.059 ; gain = 359.453
6 Infos, 0 Warnings, 0 Critical Warnings and 0 Errors encountered.
synth_design completed successfully
synth_design: Time (s): cpu = 00:00:29 ; elapsed = 00:00:29 . Memory (MB): peak = 1585.059 ; gain = 359.453
launch_runs synth_1 -jobs 10
[Fri Feb 10 16:22:55 2023] Launched synth_1...
Run output will be captured here: C:/Users/austi/CPE 233/Branch_cond_gen/Branch_cond_gen.runs/synth_1/runme.log
close_sim
INFO: [Simtcl 6-16] Simulation closed
exit
INFO: [Common 17-206] Exiting Vivado at Tue Feb 14 13:17:52 2023...
 -log elaborate.log 
Using 2 slave threads.
Starting static elaboration
Pass Through NonSizing Optimizer
Completed static elaboration
Starting simulation data flow analysis
Completed simulation data flow analysis
Time Resolution for simulation is 1ps
Compiling module xil_defaultlib.BRANCH_COND_GEN
Compiling module xil_defaultlib.BRANCH_COND_GEN_TB
Compiling module xil_defaultlib.glbl
Built simulation snapshot BRANCH_COND_GEN_TB_behav
INFO: [USF-XSim-69] 'elaborate' step finished in '2' seconds
INFO: [USF-XSim-4] XSim::Simulate design
INFO: [USF-XSim-61] Executing 'SIMULATE' step in 'C:/Users/austi/CPE 233/Branch_cond_gen/Branch_cond_gen.sim/sim_1/behav/xsim'
INFO: [USF-XSim-98] *** Running xsim
   with args "BRANCH_COND_GEN_TB_behav -key {Behavioral:sim_1:Functional:BRANCH_COND_GEN_TB} -tclbatch {BRANCH_COND_GEN_TB.tcl} -log {simulate.log}"
INFO: [USF-XSim-8] Loading simulator feature
Vivado Simulator 2020.1
Time resolution is 1 ps
source BRANCH_COND_GEN_TB.tcl
# set curr_wave [current_wave_config]
# if { [string length $curr_wave] == 0 } {
#   if { [llength [get_objects]] > 0} {
#     add_wave /
#     set_property needs_save false [current_wave_config]
#   } else {
#      send_msg_id Add_Wave-1 WARNING "No top level signals found. Simulator will start without a wave window. If you want to open a wave window go to 'File->New Waveform Configuration' or type 'create_wave_config' in the TCL console."
#   }
# }
# run 1000ns
INFO: [USF-XSim-96] XSim completed. Design snapshot 'BRANCH_COND_GEN_TB_behav' loaded.
INFO: [USF-XSim-97] XSim simulation ran for 1000ns
launch_simulation: Time (s): cpu = 00:00:08 ; elapsed = 00:00:06 . Memory (MB): peak = 1236.816 ; gain = 0.000
close_sim
INFO: [Simtcl 6-16] Simulation closed
close_project
create_project Branch_addr_gen {C:/Users/austi/CPE 233/Branch_addr_gen} -part xc7a35tcpg236-1
INFO: [IP_Flow 19-234] Refreshing IP repositories
INFO: [IP_Flow 19-1704] No user IP repositories specified
INFO: [IP_Flow 19-2313] Loaded Vivado IP repository 'C:/Xilinx/Vivado/2020.1/data/ip'.
file mkdir C:/Users/austi/CPE 233/Branch_addr_gen/Branch_addr_gen.srcs/sources_1/new
file mkdir C:/Users/austi/CPE 233/Branch_addr_gen/Branch_addr_gen.srcs/sources_1/new
file mkdir C:/Users/austi/CPE 233/Branch_addr_gen/Branch_addr_gen.srcs/sources_1/new
file mkdir {C:/Users/austi/CPE 233/Branch_addr_gen/Branch_addr_gen.srcs/sources_1/new}
close [ open {C:/Users/austi/CPE 233/Branch_addr_gen/Branch_addr_gen.srcs/sources_1/new/BRANCH_ADDR_GEN.sv} w ]
add_files {{C:/Users/austi/CPE 233/Branch_addr_gen/Branch_addr_gen.srcs/sources_1/new/BRANCH_ADDR_GEN.sv}}
update_compile_order -fileset sources_1
file mkdir C:/Users/austi/CPE 233/Branch_addr_gen/Branch_addr_gen.srcs/sim_1/new
file mkdir C:/Users/austi/CPE 233/Branch_addr_gen/Branch_addr_gen.srcs/sim_1/new
file mkdir C:/Users/austi/CPE 233/Branch_addr_gen/Branch_addr_gen.srcs/sim_1/new
file mkdir C:/Users/austi/CPE 233/Branch_addr_gen/Branch_addr_gen.srcs/sim_1/new
file mkdir C:/Users/austi/CPE 233/Branch_addr_gen/Branch_addr_gen.srcs/sim_1/new
set_property SOURCE_SET sources_1 [get_filesets sim_1]
file mkdir C:/Users/austi/CPE 233/Branch_addr_gen/Branch_addr_gen.srcs/sim_1/new
file mkdir {C:/Users/austi/CPE 233/Branch_addr_gen/Branch_addr_gen.srcs/sim_1/new}
close [ open {C:/Users/austi/CPE 233/Branch_addr_gen/Branch_addr_gen.srcs/sim_1/new/BRANCH_ADDR_GEN_TB.sv} w ]
add_files -fileset sim_1 {{C:/Users/austi/CPE 233/Branch_addr_gen/Branch_addr_gen.srcs/sim_1/new/BRANCH_ADDR_GEN_TB.sv}}
update_compile_order -fileset sim_1
launch_simulation
Command: launch_simulation 
INFO: [Vivado 12-5682] Launching behavioral simulation in 'C:/Users/austi/CPE 233/Branch_addr_gen/Branch_addr_gen.sim/sim_1/behav/xsim'
INFO: [SIM-utils-51] Simulation object is 'sim_1'
INFO: [SIM-utils-54] Inspecting design source files for 'BRANCH_ADDR_GEN' in fileset 'sim_1'...
INFO: [USF-XSim-97] Finding global include files...
INFO: [USF-XSim-98] Fetching design files from 'sim_1'...
INFO: [USF-XSim-2] XSim::Compile design
INFO: [USF-XSim-61] Executing 'COMPILE and ANALYZE' step in 'C:/Users/austi/CPE 233/Branch_addr_gen/Branch_addr_gen.sim/sim_1/behav/xsim'
"xvlog --incr --relax -prj BRANCH_ADDR_GEN_vlog.prj"
INFO: [VRFC 10-2263] Analyzing SystemVerilog file "C:/Users/austi/CPE 233/Branch_addr_gen/Branch_addr_gen.srcs/sources_1/new/BRANCH_ADDR_GEN.sv" into library xil_defaultlib
INFO: [VRFC 10-311] analyzing module BRANCH_ADDR_GEN
INFO: [VRFC 10-2263] Analyzing Verilog file "C:/Users/austi/CPE 233/Branch_addr_gen/Branch_addr_gen.sim/sim_1/behav/xsim/glbl.v" into library xil_defaultlib
INFO: [VRFC 10-311] analyzing module glbl
INFO: [USF-XSim-69] 'compile' step finished in '2' seconds
INFO: [USF-XSim-3] XSim::Elaborate design
INFO: [USF-XSim-61] Executing 'ELABORATE' step in 'C:/Users/austi/CPE 233/Branch_addr_gen/Branch_addr_gen.sim/sim_1/behav/xsim'
"xelab -wto 966b95bca15a4763b4461a759c798488 --incr --debug typical --relax --mt 2 -L xil_defaultlib -L unisims_ver -L unimacro_ver -L secureip --snapshot BRANCH_ADDR_GEN_behav xil_defaultlib.BRANCH_ADDR_GEN xil_defaultlib.glbl -log elaborate.log"
Vivado Simulator 2020.1
Copyright 1986-1999, 2001-2020 Xilinx, Inc. All Rights Reserved.
Running: C:/Xilinx/Vivado/2020.1/bin/unwrapped/win64.o/xelab.exe -wto 966b95bca15a4763b4461a759c798488 --incr --debug typical --relax --mt 2 -L xil_defaultlib -L unisims_ver -L unimacro_ver -L secureip --snapshot BRANCH_ADDR_GEN_behav xil_defaultlib.BRANCH_ADDR_GEN xil_defaultlib.glbl -log elaborate.log 
Using 2 slave threads.
Starting static elaboration
Pass Through NonSizing Optimizer
Completed static elaboration
Starting simulation data flow analysis
Completed simulation data flow analysis
Time Resolution for simulation is 1ps
Compiling module xil_defaultlib.BRANCH_ADDR_GEN
Compiling module xil_defaultlib.glbl
Built simulation snapshot BRANCH_ADDR_GEN_behav

****** Webtalk v2020.1 (64-bit)
  **** SW Build 2902540 on Wed May 27 19:54:49 MDT 2020
  **** IP Build 2902112 on Wed May 27 22:43:36 MDT 2020
    ** Copyright 1986-2020 Xilinx, Inc. All Rights Reserved.

source C:/Users/austi/CPE -notrace
couldn't read file "C:/Users/austi/CPE": permission denied
INFO: [Common 17-206] Exiting Webtalk at Thu Feb  9 09:32:56 2023...
INFO: [USF-XSim-69] 'elaborate' step finished in '4' seconds
INFO: [USF-XSim-4] XSim::Simulate design
INFO: [USF-XSim-61] Executing 'SIMULATE' step in 'C:/Users/austi/CPE 233/Branch_addr_gen/Branch_addr_gen.sim/sim_1/behav/xsim'
INFO: [USF-XSim-98] *** Running xsim
   with args "BRANCH_ADDR_GEN_behav -key {Behavioral:sim_1:Functional:BRANCH_ADDR_GEN} -tclbatch {BRANCH_ADDR_GEN.tcl} -log {simulate.log}"
INFO: [USF-XSim-8] Loading simulator feature
Vivado Simulator 2020.1
Time resolution is 1 ps
source BRANCH_ADDR_GEN.tcl
# set curr_wave [current_wave_config]
# if { [string length $curr_wave] == 0 } {
#   if { [llength [get_objects]] > 0} {
#     add_wave /
#     set_property needs_save false [current_wave_config]
#   } else {
#      send_msg_id Add_Wave-1 WARNING "No top level signals found. Simulator will start without a wave window. If you want to open a wave window go to 'File->New Waveform Configuration' or type 'create_wave_config' in the TCL console."
#   }
# }
# run 1000ns
INFO: [USF-XSim-96] XSim completed. Design snapshot 'BRANCH_ADDR_GEN_behav' loaded.
INFO: [USF-XSim-97] XSim simulation ran for 1000ns
launch_simulation: Time (s): cpu = 00:00:04 ; elapsed = 00:00:11 . Memory (MB): peak = 1236.816 ; gain = 0.000
update_compile_order -fileset sim_1
launch_simulation
Command: launch_simulation 
boost::filesystem::remove: The process cannot access the file because it is being used by another process: "C:/Users/austi/CPE 233/Branch_addr_gen/Branch_addr_gen.sim/sim_1/behav/xsim/simulate.log"
launch_simulation
Command: launch_simulation 
boost::filesystem::remove: The process cannot access the file because it is being used by another process: "C:/Users/austi/CPE 233/Branch_addr_gen/Branch_addr_gen.sim/sim_1/behav/xsim/simulate.log"
launch_simulation
Command: launch_simulation 
boost::filesystem::remove: The process cannot access the file because it is being used by another process: "C:/Users/austi/CPE 233/Branch_addr_gen/Branch_addr_gen.sim/sim_1/behav/xsim/simulate.log"
close_sim
INFO: [Simtcl 6-16] Simulation closed
exit
INFO: [Common 17-206] Exiting Vivado at Thu Feb  9 09:35:05 2023...
