
*** Running vivado
    with args -log OTTERMCU.vdi -applog -m64 -product Vivado -messageDb vivado.pb -mode batch -source OTTERMCU.tcl -notrace



****** Vivado v2020.1 (64-bit)
  **** SW Build 2902540 on Wed May 27 19:54:49 MDT 2020
  **** IP Build 2902112 on Wed May 27 22:43:36 MDT 2020
    ** Copyright 1986-2020 Xilinx, Inc. All Rights Reserved.

source OTTERMCU.tcl -notrace
Command: link_design -top OTTERMCU -part xc7a35tcpg236-1
Design is defaulting to srcset: sources_1
Design is defaulting to constrset: constrs_1
INFO: [Device 21-403] Loading part xc7a35tcpg236-1
Netlist sorting complete. Time (s): cpu = 00:00:00 ; elapsed = 00:00:00.026 . Memory (MB): peak = 1037.102 ; gain = 0.000
INFO: [Netlist 29-17] Analyzing 574 Unisim elements for replacement
INFO: [Netlist 29-28] Unisim Transformation completed in 0 CPU seconds
INFO: [Project 1-479] Netlist was created with Vivado 2020.1
INFO: [Project 1-570] Preparing netlist for logic optimization
Parsing XDC File [C:/Users/austi/Downloads/Basys3_Master_v1_03.xdc]
WARNING: [Vivado 12-584] No ports matched 'CLK'. [C:/Users/austi/Downloads/Basys3_Master_v1_03.xdc:18]
CRITICAL WARNING: [Common 17-55] 'set_property' expects at least one object. [C:/Users/austi/Downloads/Basys3_Master_v1_03.xdc:18]
Resolution: If [get_<value>] was used to populate the object, check to make sure this command returns at least one valid object.
WARNING: [Vivado 12-584] No ports matched 'CLK'. [C:/Users/austi/Downloads/Basys3_Master_v1_03.xdc:19]
CRITICAL WARNING: [Common 17-55] 'set_property' expects at least one object. [C:/Users/austi/Downloads/Basys3_Master_v1_03.xdc:19]
Resolution: If [get_<value>] was used to populate the object, check to make sure this command returns at least one valid object.
WARNING: [Vivado 12-584] No ports matched 'CLK'. [C:/Users/austi/Downloads/Basys3_Master_v1_03.xdc:20]
CRITICAL WARNING: [Vivado 12-4739] create_clock:No valid object(s) found for '-objects [get_ports CLK]'. [C:/Users/austi/Downloads/Basys3_Master_v1_03.xdc:20]
Resolution: Check if the specified object(s) exists in the current design. If it does, ensure that the correct design hierarchy was specified for the object. If you are working with clocks, make sure create_clock was used to create the clock object before it is referenced.
WARNING: [Vivado 12-584] No ports matched 'SWITCHES[0]'. [C:/Users/austi/Downloads/Basys3_Master_v1_03.xdc:23]
CRITICAL WARNING: [Common 17-55] 'set_property' expects at least one object. [C:/Users/austi/Downloads/Basys3_Master_v1_03.xdc:23]
Resolution: If [get_<value>] was used to populate the object, check to make sure this command returns at least one valid object.
WARNING: [Vivado 12-584] No ports matched 'SWITCHES[0]'. [C:/Users/austi/Downloads/Basys3_Master_v1_03.xdc:24]
CRITICAL WARNING: [Common 17-55] 'set_property' expects at least one object. [C:/Users/austi/Downloads/Basys3_Master_v1_03.xdc:24]
Resolution: If [get_<value>] was used to populate the object, check to make sure this command returns at least one valid object.
WARNING: [Vivado 12-584] No ports matched 'SWITCHES[1]'. [C:/Users/austi/Downloads/Basys3_Master_v1_03.xdc:25]
CRITICAL WARNING: [Common 17-55] 'set_property' expects at least one object. [C:/Users/austi/Downloads/Basys3_Master_v1_03.xdc:25]
Resolution: If [get_<value>] was used to populate the object, check to make sure this command returns at least one valid object.
WARNING: [Vivado 12-584] No ports matched 'SWITCHES[1]'. [C:/Users/austi/Downloads/Basys3_Master_v1_03.xdc:26]
CRITICAL WARNING: [Common 17-55] 'set_property' expects at least one object. [C:/Users/austi/Downloads/Basys3_Master_v1_03.xdc:26]
Resolution: If [get_<value>] was used to populate the object, check to make sure this command returns at least one valid object.
WARNING: [Vivado 12-584] No ports matched 'SWITCHES[2]'. [C:/Users/austi/Downloads/Basys3_Master_v1_03.xdc:27]
CRITICAL WARNING: [Common 17-55] 'set_property' expects at least one object. [C:/Users/austi/Downloads/Basys3_Master_v1_03.xdc:27]
Resolution: If [get_<value>] was used to populate the object, check to make sure this command returns at least one valid object.
WARNING: [Vivado 12-584] No ports matched 'SWITCHES[2]'. [C:/Users/austi/Downloads/Basys3_Master_v1_03.xdc:28]
CRITICAL WARNING: [Common 17-55] 'set_property' expects at least one object. [C:/Users/austi/Downloads/Basys3_Master_v1_03.xdc:28]
Resolution: If [get_<value>] was used to populate the object, check to make sure this command returns at least one valid object.
WARNING: [Vivado 12-584] No ports matched 'SWITCHES[3]'. [C:/Users/austi/Downloads/Basys3_Master_v1_03.xdc:29]
CRITICAL WARNING: [Common 17-55] 'set_property' expects at least one object. [C:/Users/austi/Downloads/Basys3_Master_v1_03.xdc:29]
Resolution: If [get_<value>] was used to populate the object, check to make sure this command returns at least one valid object.
WARNING: [Vivado 12-584] No ports matched 'SWITCHES[3]'. [C:/Users/austi/Downloads/Basys3_Master_v1_03.xdc:30]
CRITICAL WARNING: [Common 17-55] 'set_property' expects at least one object. [C:/Users/austi/Downloads/Basys3_Master_v1_03.xdc:30]
Resolution: If [get_<value>] was used to populate the object, check to make sure this command returns at least one valid object.
WARNING: [Vivado 12-584] No ports matched 'SWITCHES[4]'. [C:/Users/austi/Downloads/Basys3_Master_v1_03.xdc:31]
CRITICAL WARNING: [Common 17-55] 'set_property' expects at least one object. [C:/Users/austi/Downloads/Basys3_Master_v1_03.xdc:31]
Resolution: If [get_<value>] was used to populate the object, check to make sure this command returns at least one valid object.
WARNING: [Vivado 12-584] No ports matched 'SWITCHES[4]'. [C:/Users/austi/Downloads/Basys3_Master_v1_03.xdc:32]
CRITICAL WARNING: [Common 17-55] 'set_property' expects at least one object. [C:/Users/austi/Downloads/Basys3_Master_v1_03.xdc:32]
Resolution: If [get_<value>] was used to populate the object, check to make sure this command returns at least one valid object.
WARNING: [Vivado 12-584] No ports matched 'SWITCHES[5]'. [C:/Users/austi/Downloads/Basys3_Master_v1_03.xdc:33]
CRITICAL WARNING: [Common 17-55] 'set_property' expects at least one object. [C:/Users/austi/Downloads/Basys3_Master_v1_03.xdc:33]
Resolution: If [get_<value>] was used to populate the object, check to make sure this command returns at least one valid object.
WARNING: [Vivado 12-584] No ports matched 'SWITCHES[5]'. [C:/Users/austi/Downloads/Basys3_Master_v1_03.xdc:34]
CRITICAL WARNING: [Common 17-55] 'set_property' expects at least one object. [C:/Users/austi/Downloads/Basys3_Master_v1_03.xdc:34]
Resolution: If [get_<value>] was used to populate the object, check to make sure this command returns at least one valid object.
WARNING: [Vivado 12-584] No ports matched 'SWITCHES[6]'. [C:/Users/austi/Downloads/Basys3_Master_v1_03.xdc:35]
CRITICAL WARNING: [Common 17-55] 'set_property' expects at least one object. [C:/Users/austi/Downloads/Basys3_Master_v1_03.xdc:35]
Resolution: If [get_<value>] was used to populate the object, check to make sure this command returns at least one valid object.
WARNING: [Vivado 12-584] No ports matched 'SWITCHES[6]'. [C:/Users/austi/Downloads/Basys3_Master_v1_03.xdc:36]
CRITICAL WARNING: [Common 17-55] 'set_property' expects at least one object. [C:/Users/austi/Downloads/Basys3_Master_v1_03.xdc:36]
Resolution: If [get_<value>] was used to populate the object, check to make sure this command returns at least one valid object.
WARNING: [Vivado 12-584] No ports matched 'SWITCHES[7]'. [C:/Users/austi/Downloads/Basys3_Master_v1_03.xdc:37]
CRITICAL WARNING: [Common 17-55] 'set_property' expects at least one object. [C:/Users/austi/Downloads/Basys3_Master_v1_03.xdc:37]
Resolution: If [get_<value>] was used to populate the object, check to make sure this command returns at least one valid object.
WARNING: [Vivado 12-584] No ports matched 'SWITCHES[7]'. [C:/Users/austi/Downloads/Basys3_Master_v1_03.xdc:38]
CRITICAL WARNING: [Common 17-55] 'set_property' expects at least one object. [C:/Users/austi/Downloads/Basys3_Master_v1_03.xdc:38]
Resolution: If [get_<value>] was used to populate the object, check to make sure this command returns at least one valid object.
WARNING: [Vivado 12-584] No ports matched 'SWITCHES[8]'. [C:/Users/austi/Downloads/Basys3_Master_v1_03.xdc:39]
CRITICAL WARNING: [Common 17-55] 'set_property' expects at least one object. [C:/Users/austi/Downloads/Basys3_Master_v1_03.xdc:39]
Resolution: If [get_<value>] was used to populate the object, check to make sure this command returns at least one valid object.
WARNING: [Vivado 12-584] No ports matched 'SWITCHES[8]'. [C:/Users/austi/Downloads/Basys3_Master_v1_03.xdc:40]
CRITICAL WARNING: [Common 17-55] 'set_property' expects at least one object. [C:/Users/austi/Downloads/Basys3_Master_v1_03.xdc:40]
Resolution: If [get_<value>] was used to populate the object, check to make sure this command returns at least one valid object.
WARNING: [Vivado 12-584] No ports matched 'SWITCHES[9]'. [C:/Users/austi/Downloads/Basys3_Master_v1_03.xdc:41]
CRITICAL WARNING: [Common 17-55] 'set_property' expects at least one object. [C:/Users/austi/Downloads/Basys3_Master_v1_03.xdc:41]
Resolution: If [get_<value>] was used to populate the object, check to make sure this command returns at least one valid object.
WARNING: [Vivado 12-584] No ports matched 'SWITCHES[9]'. [C:/Users/austi/Downloads/Basys3_Master_v1_03.xdc:42]
CRITICAL WARNING: [Common 17-55] 'set_property' expects at least one object. [C:/Users/austi/Downloads/Basys3_Master_v1_03.xdc:42]
Resolution: If [get_<value>] was used to populate the object, check to make sure this command returns at least one valid object.
WARNING: [Vivado 12-584] No ports matched 'SWITCHES[10]'. [C:/Users/austi/Downloads/Basys3_Master_v1_03.xdc:43]
CRITICAL WARNING: [Common 17-55] 'set_property' expects at least one object. [C:/Users/austi/Downloads/Basys3_Master_v1_03.xdc:43]
Resolution: If [get_<value>] was used to populate the object, check to make sure this command returns at least one valid object.
WARNING: [Vivado 12-584] No ports matched 'SWITCHES[10]'. [C:/Users/austi/Downloads/Basys3_Master_v1_03.xdc:44]
CRITICAL WARNING: [Common 17-55] 'set_property' expects at least one object. [C:/Users/austi/Downloads/Basys3_Master_v1_03.xdc:44]
Resolution: If [get_<value>] was used to populate the object, check to make sure this command returns at least one valid object.
WARNING: [Vivado 12-584] No ports matched 'SWITCHES[11]'. [C:/Users/austi/Downloads/Basys3_Master_v1_03.xdc:45]
CRITICAL WARNING: [Common 17-55] 'set_property' expects at least one object. [C:/Users/austi/Downloads/Basys3_Master_v1_03.xdc:45]
Resolution: If [get_<value>] was used to populate the object, check to make sure this command returns at least one valid object.
WARNING: [Vivado 12-584] No ports matched 'SWITCHES[11]'. [C:/Users/austi/Downloads/Basys3_Master_v1_03.xdc:46]
CRITICAL WARNING: [Common 17-55] 'set_property' expects at least one object. [C:/Users/austi/Downloads/Basys3_Master_v1_03.xdc:46]
Resolution: If [get_<value>] was used to populate the object, check to make sure this command returns at least one valid object.
WARNING: [Vivado 12-584] No ports matched 'SWITCHES[12]'. [C:/Users/austi/Downloads/Basys3_Master_v1_03.xdc:47]
CRITICAL WARNING: [Common 17-55] 'set_property' expects at least one object. [C:/Users/austi/Downloads/Basys3_Master_v1_03.xdc:47]
Resolution: If [get_<value>] was used to populate the object, check to make sure this command returns at least one valid object.
WARNING: [Vivado 12-584] No ports matched 'SWITCHES[12]'. [C:/Users/austi/Downloads/Basys3_Master_v1_03.xdc:48]
CRITICAL WARNING: [Common 17-55] 'set_property' expects at least one object. [C:/Users/austi/Downloads/Basys3_Master_v1_03.xdc:48]
Resolution: If [get_<value>] was used to populate the object, check to make sure this command returns at least one valid object.
WARNING: [Vivado 12-584] No ports matched 'SWITCHES[13]'. [C:/Users/austi/Downloads/Basys3_Master_v1_03.xdc:49]
CRITICAL WARNING: [Common 17-55] 'set_property' expects at least one object. [C:/Users/austi/Downloads/Basys3_Master_v1_03.xdc:49]
Resolution: If [get_<value>] was used to populate the object, check to make sure this command returns at least one valid object.
WARNING: [Vivado 12-584] No ports matched 'SWITCHES[13]'. [C:/Users/austi/Downloads/Basys3_Master_v1_03.xdc:50]
CRITICAL WARNING: [Common 17-55] 'set_property' expects at least one object. [C:/Users/austi/Downloads/Basys3_Master_v1_03.xdc:50]
Resolution: If [get_<value>] was used to populate the object, check to make sure this command returns at least one valid object.
WARNING: [Vivado 12-584] No ports matched 'SWITCHES[14]'. [C:/Users/austi/Downloads/Basys3_Master_v1_03.xdc:51]
CRITICAL WARNING: [Common 17-55] 'set_property' expects at least one object. [C:/Users/austi/Downloads/Basys3_Master_v1_03.xdc:51]
Resolution: If [get_<value>] was used to populate the object, check to make sure this command returns at least one valid object.
WARNING: [Vivado 12-584] No ports matched 'SWITCHES[14]'. [C:/Users/austi/Downloads/Basys3_Master_v1_03.xdc:52]
CRITICAL WARNING: [Common 17-55] 'set_property' expects at least one object. [C:/Users/austi/Downloads/Basys3_Master_v1_03.xdc:52]
Resolution: If [get_<value>] was used to populate the object, check to make sure this command returns at least one valid object.
WARNING: [Vivado 12-584] No ports matched 'SWITCHES[15]'. [C:/Users/austi/Downloads/Basys3_Master_v1_03.xdc:53]
CRITICAL WARNING: [Common 17-55] 'set_property' expects at least one object. [C:/Users/austi/Downloads/Basys3_Master_v1_03.xdc:53]
Resolution: If [get_<value>] was used to populate the object, check to make sure this command returns at least one valid object.
WARNING: [Vivado 12-584] No ports matched 'SWITCHES[15]'. [C:/Users/austi/Downloads/Basys3_Master_v1_03.xdc:54]
CRITICAL WARNING: [Common 17-55] 'set_property' expects at least one object. [C:/Users/austi/Downloads/Basys3_Master_v1_03.xdc:54]
Resolution: If [get_<value>] was used to populate the object, check to make sure this command returns at least one valid object.
WARNING: [Vivado 12-584] No ports matched 'LEDS[15]'. [C:/Users/austi/Downloads/Basys3_Master_v1_03.xdc:58]
CRITICAL WARNING: [Common 17-55] 'set_property' expects at least one object. [C:/Users/austi/Downloads/Basys3_Master_v1_03.xdc:58]
Resolution: If [get_<value>] was used to populate the object, check to make sure this command returns at least one valid object.
WARNING: [Vivado 12-584] No ports matched 'LEDS[15]'. [C:/Users/austi/Downloads/Basys3_Master_v1_03.xdc:59]
CRITICAL WARNING: [Common 17-55] 'set_property' expects at least one object. [C:/Users/austi/Downloads/Basys3_Master_v1_03.xdc:59]
Resolution: If [get_<value>] was used to populate the object, check to make sure this command returns at least one valid object.
WARNING: [Vivado 12-584] No ports matched 'LEDS[14]'. [C:/Users/austi/Downloads/Basys3_Master_v1_03.xdc:60]
CRITICAL WARNING: [Common 17-55] 'set_property' expects at least one object. [C:/Users/austi/Downloads/Basys3_Master_v1_03.xdc:60]
Resolution: If [get_<value>] was used to populate the object, check to make sure this command returns at least one valid object.
WARNING: [Vivado 12-584] No ports matched 'LEDS[14]'. [C:/Users/austi/Downloads/Basys3_Master_v1_03.xdc:61]
CRITICAL WARNING: [Common 17-55] 'set_property' expects at least one object. [C:/Users/austi/Downloads/Basys3_Master_v1_03.xdc:61]
Resolution: If [get_<value>] was used to populate the object, check to make sure this command returns at least one valid object.
WARNING: [Vivado 12-584] No ports matched 'LEDS[13]'. [C:/Users/austi/Downloads/Basys3_Master_v1_03.xdc:62]
CRITICAL WARNING: [Common 17-55] 'set_property' expects at least one object. [C:/Users/austi/Downloads/Basys3_Master_v1_03.xdc:62]
Resolution: If [get_<value>] was used to populate the object, check to make sure this command returns at least one valid object.
WARNING: [Vivado 12-584] No ports matched 'LEDS[13]'. [C:/Users/austi/Downloads/Basys3_Master_v1_03.xdc:63]
CRITICAL WARNING: [Common 17-55] 'set_property' expects at least one object. [C:/Users/austi/Downloads/Basys3_Master_v1_03.xdc:63]
Resolution: If [get_<value>] was used to populate the object, check to make sure this command returns at least one valid object.
WARNING: [Vivado 12-584] No ports matched 'LEDS[12]'. [C:/Users/austi/Downloads/Basys3_Master_v1_03.xdc:64]
CRITICAL WARNING: [Common 17-55] 'set_property' expects at least one object. [C:/Users/austi/Downloads/Basys3_Master_v1_03.xdc:64]
Resolution: If [get_<value>] was used to populate the object, check to make sure this command returns at least one valid object.
WARNING: [Vivado 12-584] No ports matched 'LEDS[12]'. [C:/Users/austi/Downloads/Basys3_Master_v1_03.xdc:65]
CRITICAL WARNING: [Common 17-55] 'set_property' expects at least one object. [C:/Users/austi/Downloads/Basys3_Master_v1_03.xdc:65]
Resolution: If [get_<value>] was used to populate the object, check to make sure this command returns at least one valid object.
WARNING: [Vivado 12-584] No ports matched 'LEDS[11]'. [C:/Users/austi/Downloads/Basys3_Master_v1_03.xdc:66]
CRITICAL WARNING: [Common 17-55] 'set_property' expects at least one object. [C:/Users/austi/Downloads/Basys3_Master_v1_03.xdc:66]
Resolution: If [get_<value>] was used to populate the object, check to make sure this command returns at least one valid object.
WARNING: [Vivado 12-584] No ports matched 'LEDS[11]'. [C:/Users/austi/Downloads/Basys3_Master_v1_03.xdc:67]
CRITICAL WARNING: [Common 17-55] 'set_property' expects at least one object. [C:/Users/austi/Downloads/Basys3_Master_v1_03.xdc:67]
Resolution: If [get_<value>] was used to populate the object, check to make sure this command returns at least one valid object.
WARNING: [Vivado 12-584] No ports matched 'LEDS[10]'. [C:/Users/austi/Downloads/Basys3_Master_v1_03.xdc:68]
CRITICAL WARNING: [Common 17-55] 'set_property' expects at least one object. [C:/Users/austi/Downloads/Basys3_Master_v1_03.xdc:68]
Resolution: If [get_<value>] was used to populate the object, check to make sure this command returns at least one valid object.
WARNING: [Vivado 12-584] No ports matched 'LEDS[10]'. [C:/Users/austi/Downloads/Basys3_Master_v1_03.xdc:69]
CRITICAL WARNING: [Common 17-55] 'set_property' expects at least one object. [C:/Users/austi/Downloads/Basys3_Master_v1_03.xdc:69]
Resolution: If [get_<value>] was used to populate the object, check to make sure this command returns at least one valid object.
WARNING: [Vivado 12-584] No ports matched 'LEDS[9]'. [C:/Users/austi/Downloads/Basys3_Master_v1_03.xdc:70]
CRITICAL WARNING: [Common 17-55] 'set_property' expects at least one object. [C:/Users/austi/Downloads/Basys3_Master_v1_03.xdc:70]
Resolution: If [get_<value>] was used to populate the object, check to make sure this command returns at least one valid object.
WARNING: [Vivado 12-584] No ports matched 'LEDS[9]'. [C:/Users/austi/Downloads/Basys3_Master_v1_03.xdc:71]
CRITICAL WARNING: [Common 17-55] 'set_property' expects at least one object. [C:/Users/austi/Downloads/Basys3_Master_v1_03.xdc:71]
Resolution: If [get_<value>] was used to populate the object, check to make sure this command returns at least one valid object.
WARNING: [Vivado 12-584] No ports matched 'LEDS[8]'. [C:/Users/austi/Downloads/Basys3_Master_v1_03.xdc:72]
CRITICAL WARNING: [Common 17-55] 'set_property' expects at least one object. [C:/Users/austi/Downloads/Basys3_Master_v1_03.xdc:72]
Resolution: If [get_<value>] was used to populate the object, check to make sure this command returns at least one valid object.
WARNING: [Vivado 12-584] No ports matched 'LEDS[8]'. [C:/Users/austi/Downloads/Basys3_Master_v1_03.xdc:73]
CRITICAL WARNING: [Common 17-55] 'set_property' expects at least one object. [C:/Users/austi/Downloads/Basys3_Master_v1_03.xdc:73]
Resolution: If [get_<value>] was used to populate the object, check to make sure this command returns at least one valid object.
WARNING: [Vivado 12-584] No ports matched 'LEDS[7]'. [C:/Users/austi/Downloads/Basys3_Master_v1_03.xdc:74]
CRITICAL WARNING: [Common 17-55] 'set_property' expects at least one object. [C:/Users/austi/Downloads/Basys3_Master_v1_03.xdc:74]
Resolution: If [get_<value>] was used to populate the object, check to make sure this command returns at least one valid object.
WARNING: [Vivado 12-584] No ports matched 'LEDS[7]'. [C:/Users/austi/Downloads/Basys3_Master_v1_03.xdc:75]
CRITICAL WARNING: [Common 17-55] 'set_property' expects at least one object. [C:/Users/austi/Downloads/Basys3_Master_v1_03.xdc:75]
Resolution: If [get_<value>] was used to populate the object, check to make sure this command returns at least one valid object.
WARNING: [Vivado 12-584] No ports matched 'LEDS[6]'. [C:/Users/austi/Downloads/Basys3_Master_v1_03.xdc:76]
CRITICAL WARNING: [Common 17-55] 'set_property' expects at least one object. [C:/Users/austi/Downloads/Basys3_Master_v1_03.xdc:76]
Resolution: If [get_<value>] was used to populate the object, check to make sure this command returns at least one valid object.
WARNING: [Vivado 12-584] No ports matched 'LEDS[6]'. [C:/Users/austi/Downloads/Basys3_Master_v1_03.xdc:77]
CRITICAL WARNING: [Common 17-55] 'set_property' expects at least one object. [C:/Users/austi/Downloads/Basys3_Master_v1_03.xdc:77]
Resolution: If [get_<value>] was used to populate the object, check to make sure this command returns at least one valid object.
WARNING: [Vivado 12-584] No ports matched 'LEDS[5]'. [C:/Users/austi/Downloads/Basys3_Master_v1_03.xdc:78]
CRITICAL WARNING: [Common 17-55] 'set_property' expects at least one object. [C:/Users/austi/Downloads/Basys3_Master_v1_03.xdc:78]
Resolution: If [get_<value>] was used to populate the object, check to make sure this command returns at least one valid object.
WARNING: [Vivado 12-584] No ports matched 'LEDS[5]'. [C:/Users/austi/Downloads/Basys3_Master_v1_03.xdc:79]
CRITICAL WARNING: [Common 17-55] 'set_property' expects at least one object. [C:/Users/austi/Downloads/Basys3_Master_v1_03.xdc:79]
Resolution: If [get_<value>] was used to populate the object, check to make sure this command returns at least one valid object.
WARNING: [Vivado 12-584] No ports matched 'LEDS[4]'. [C:/Users/austi/Downloads/Basys3_Master_v1_03.xdc:80]
CRITICAL WARNING: [Common 17-55] 'set_property' expects at least one object. [C:/Users/austi/Downloads/Basys3_Master_v1_03.xdc:80]
Resolution: If [get_<value>] was used to populate the object, check to make sure this command returns at least one valid object.
WARNING: [Vivado 12-584] No ports matched 'LEDS[4]'. [C:/Users/austi/Downloads/Basys3_Master_v1_03.xdc:81]
CRITICAL WARNING: [Common 17-55] 'set_property' expects at least one object. [C:/Users/austi/Downloads/Basys3_Master_v1_03.xdc:81]
Resolution: If [get_<value>] was used to populate the object, check to make sure this command returns at least one valid object.
WARNING: [Vivado 12-584] No ports matched 'LEDS[3]'. [C:/Users/austi/Downloads/Basys3_Master_v1_03.xdc:82]
CRITICAL WARNING: [Common 17-55] 'set_property' expects at least one object. [C:/Users/austi/Downloads/Basys3_Master_v1_03.xdc:82]
Resolution: If [get_<value>] was used to populate the object, check to make sure this command returns at least one valid object.
WARNING: [Vivado 12-584] No ports matched 'LEDS[3]'. [C:/Users/austi/Downloads/Basys3_Master_v1_03.xdc:83]
CRITICAL WARNING: [Common 17-55] 'set_property' expects at least one object. [C:/Users/austi/Downloads/Basys3_Master_v1_03.xdc:83]
Resolution: If [get_<value>] was used to populate the object, check to make sure this command returns at least one valid object.
WARNING: [Vivado 12-584] No ports matched 'LEDS[2]'. [C:/Users/austi/Downloads/Basys3_Master_v1_03.xdc:84]
CRITICAL WARNING: [Common 17-55] 'set_property' expects at least one object. [C:/Users/austi/Downloads/Basys3_Master_v1_03.xdc:84]
Resolution: If [get_<value>] was used to populate the object, check to make sure this command returns at least one valid object.
WARNING: [Vivado 12-584] No ports matched 'LEDS[2]'. [C:/Users/austi/Downloads/Basys3_Master_v1_03.xdc:85]
CRITICAL WARNING: [Common 17-55] 'set_property' expects at least one object. [C:/Users/austi/Downloads/Basys3_Master_v1_03.xdc:85]
Resolution: If [get_<value>] was used to populate the object, check to make sure this command returns at least one valid object.
WARNING: [Vivado 12-584] No ports matched 'LEDS[1]'. [C:/Users/austi/Downloads/Basys3_Master_v1_03.xdc:86]
CRITICAL WARNING: [Common 17-55] 'set_property' expects at least one object. [C:/Users/austi/Downloads/Basys3_Master_v1_03.xdc:86]
Resolution: If [get_<value>] was used to populate the object, check to make sure this command returns at least one valid object.
WARNING: [Vivado 12-584] No ports matched 'LEDS[1]'. [C:/Users/austi/Downloads/Basys3_Master_v1_03.xdc:87]
CRITICAL WARNING: [Common 17-55] 'set_property' expects at least one object. [C:/Users/austi/Downloads/Basys3_Master_v1_03.xdc:87]
Resolution: If [get_<value>] was used to populate the object, check to make sure this command returns at least one valid object.
WARNING: [Vivado 12-584] No ports matched 'LEDS[0]'. [C:/Users/austi/Downloads/Basys3_Master_v1_03.xdc:88]
CRITICAL WARNING: [Common 17-55] 'set_property' expects at least one object. [C:/Users/austi/Downloads/Basys3_Master_v1_03.xdc:88]
Resolution: If [get_<value>] was used to populate the object, check to make sure this command returns at least one valid object.
WARNING: [Vivado 12-584] No ports matched 'LEDS[0]'. [C:/Users/austi/Downloads/Basys3_Master_v1_03.xdc:89]
CRITICAL WARNING: [Common 17-55] 'set_property' expects at least one object. [C:/Users/austi/Downloads/Basys3_Master_v1_03.xdc:89]
Resolution: If [get_<value>] was used to populate the object, check to make sure this command returns at least one valid object.
WARNING: [Vivado 12-584] No ports matched 'CATHODES[6]'. [C:/Users/austi/Downloads/Basys3_Master_v1_03.xdc:95]
CRITICAL WARNING: [Common 17-55] 'set_property' expects at least one object. [C:/Users/austi/Downloads/Basys3_Master_v1_03.xdc:95]
Resolution: If [get_<value>] was used to populate the object, check to make sure this command returns at least one valid object.
WARNING: [Vivado 12-584] No ports matched 'CATHODES[6]'. [C:/Users/austi/Downloads/Basys3_Master_v1_03.xdc:96]
CRITICAL WARNING: [Common 17-55] 'set_property' expects at least one object. [C:/Users/austi/Downloads/Basys3_Master_v1_03.xdc:96]
Resolution: If [get_<value>] was used to populate the object, check to make sure this command returns at least one valid object.
WARNING: [Vivado 12-584] No ports matched 'CATHODES[5]'. [C:/Users/austi/Downloads/Basys3_Master_v1_03.xdc:97]
CRITICAL WARNING: [Common 17-55] 'set_property' expects at least one object. [C:/Users/austi/Downloads/Basys3_Master_v1_03.xdc:97]
Resolution: If [get_<value>] was used to populate the object, check to make sure this command returns at least one valid object.
WARNING: [Vivado 12-584] No ports matched 'CATHODES[5]'. [C:/Users/austi/Downloads/Basys3_Master_v1_03.xdc:98]
CRITICAL WARNING: [Common 17-55] 'set_property' expects at least one object. [C:/Users/austi/Downloads/Basys3_Master_v1_03.xdc:98]
Resolution: If [get_<value>] was used to populate the object, check to make sure this command returns at least one valid object.
WARNING: [Vivado 12-584] No ports matched 'CATHODES[4]'. [C:/Users/austi/Downloads/Basys3_Master_v1_03.xdc:99]
CRITICAL WARNING: [Common 17-55] 'set_property' expects at least one object. [C:/Users/austi/Downloads/Basys3_Master_v1_03.xdc:99]
Resolution: If [get_<value>] was used to populate the object, check to make sure this command returns at least one valid object.
WARNING: [Vivado 12-584] No ports matched 'CATHODES[4]'. [C:/Users/austi/Downloads/Basys3_Master_v1_03.xdc:100]
CRITICAL WARNING: [Common 17-55] 'set_property' expects at least one object. [C:/Users/austi/Downloads/Basys3_Master_v1_03.xdc:100]
Resolution: If [get_<value>] was used to populate the object, check to make sure this command returns at least one valid object.
WARNING: [Vivado 12-584] No ports matched 'CATHODES[3]'. [C:/Users/austi/Downloads/Basys3_Master_v1_03.xdc:101]
CRITICAL WARNING: [Common 17-55] 'set_property' expects at least one object. [C:/Users/austi/Downloads/Basys3_Master_v1_03.xdc:101]
Resolution: If [get_<value>] was used to populate the object, check to make sure this command returns at least one valid object.
WARNING: [Vivado 12-584] No ports matched 'CATHODES[3]'. [C:/Users/austi/Downloads/Basys3_Master_v1_03.xdc:102]
CRITICAL WARNING: [Common 17-55] 'set_property' expects at least one object. [C:/Users/austi/Downloads/Basys3_Master_v1_03.xdc:102]
Resolution: If [get_<value>] was used to populate the object, check to make sure this command returns at least one valid object.
WARNING: [Vivado 12-584] No ports matched 'CATHODES[2]'. [C:/Users/austi/Downloads/Basys3_Master_v1_03.xdc:103]
CRITICAL WARNING: [Common 17-55] 'set_property' expects at least one object. [C:/Users/austi/Downloads/Basys3_Master_v1_03.xdc:103]
Resolution: If [get_<value>] was used to populate the object, check to make sure this command returns at least one valid object.
WARNING: [Vivado 12-584] No ports matched 'CATHODES[2]'. [C:/Users/austi/Downloads/Basys3_Master_v1_03.xdc:104]
CRITICAL WARNING: [Common 17-55] 'set_property' expects at least one object. [C:/Users/austi/Downloads/Basys3_Master_v1_03.xdc:104]
Resolution: If [get_<value>] was used to populate the object, check to make sure this command returns at least one valid object.
WARNING: [Vivado 12-584] No ports matched 'CATHODES[1]'. [C:/Users/austi/Downloads/Basys3_Master_v1_03.xdc:105]
CRITICAL WARNING: [Common 17-55] 'set_property' expects at least one object. [C:/Users/austi/Downloads/Basys3_Master_v1_03.xdc:105]
Resolution: If [get_<value>] was used to populate the object, check to make sure this command returns at least one valid object.
WARNING: [Vivado 12-584] No ports matched 'CATHODES[1]'. [C:/Users/austi/Downloads/Basys3_Master_v1_03.xdc:106]
CRITICAL WARNING: [Common 17-55] 'set_property' expects at least one object. [C:/Users/austi/Downloads/Basys3_Master_v1_03.xdc:106]
Resolution: If [get_<value>] was used to populate the object, check to make sure this command returns at least one valid object.
WARNING: [Vivado 12-584] No ports matched 'CATHODES[0]'. [C:/Users/austi/Downloads/Basys3_Master_v1_03.xdc:107]
CRITICAL WARNING: [Common 17-55] 'set_property' expects at least one object. [C:/Users/austi/Downloads/Basys3_Master_v1_03.xdc:107]
Resolution: If [get_<value>] was used to populate the object, check to make sure this command returns at least one valid object.
WARNING: [Vivado 12-584] No ports matched 'CATHODES[0]'. [C:/Users/austi/Downloads/Basys3_Master_v1_03.xdc:108]
CRITICAL WARNING: [Common 17-55] 'set_property' expects at least one object. [C:/Users/austi/Downloads/Basys3_Master_v1_03.xdc:108]
Resolution: If [get_<value>] was used to populate the object, check to make sure this command returns at least one valid object.
WARNING: [Vivado 12-584] No ports matched 'CATHODES[7]'. [C:/Users/austi/Downloads/Basys3_Master_v1_03.xdc:111]
CRITICAL WARNING: [Common 17-55] 'set_property' expects at least one object. [C:/Users/austi/Downloads/Basys3_Master_v1_03.xdc:111]
Resolution: If [get_<value>] was used to populate the object, check to make sure this command returns at least one valid object.
WARNING: [Vivado 12-584] No ports matched 'CATHODES[7]'. [C:/Users/austi/Downloads/Basys3_Master_v1_03.xdc:112]
CRITICAL WARNING: [Common 17-55] 'set_property' expects at least one object. [C:/Users/austi/Downloads/Basys3_Master_v1_03.xdc:112]
Resolution: If [get_<value>] was used to populate the object, check to make sure this command returns at least one valid object.
WARNING: [Vivado 12-584] No ports matched 'ANODES[0]'. [C:/Users/austi/Downloads/Basys3_Master_v1_03.xdc:115]
CRITICAL WARNING: [Common 17-55] 'set_property' expects at least one object. [C:/Users/austi/Downloads/Basys3_Master_v1_03.xdc:115]
Resolution: If [get_<value>] was used to populate the object, check to make sure this command returns at least one valid object.
WARNING: [Vivado 12-584] No ports matched 'ANODES[0]'. [C:/Users/austi/Downloads/Basys3_Master_v1_03.xdc:116]
CRITICAL WARNING: [Common 17-55] 'set_property' expects at least one object. [C:/Users/austi/Downloads/Basys3_Master_v1_03.xdc:116]
Resolution: If [get_<value>] was used to populate the object, check to make sure this command returns at least one valid object.
WARNING: [Vivado 12-584] No ports matched 'ANODES[1]'. [C:/Users/austi/Downloads/Basys3_Master_v1_03.xdc:117]
CRITICAL WARNING: [Common 17-55] 'set_property' expects at least one object. [C:/Users/austi/Downloads/Basys3_Master_v1_03.xdc:117]
Resolution: If [get_<value>] was used to populate the object, check to make sure this command returns at least one valid object.
WARNING: [Vivado 12-584] No ports matched 'ANODES[1]'. [C:/Users/austi/Downloads/Basys3_Master_v1_03.xdc:118]
CRITICAL WARNING: [Common 17-55] 'set_property' expects at least one object. [C:/Users/austi/Downloads/Basys3_Master_v1_03.xdc:118]
Resolution: If [get_<value>] was used to populate the object, check to make sure this command returns at least one valid object.
WARNING: [Vivado 12-584] No ports matched 'ANODES[2]'. [C:/Users/austi/Downloads/Basys3_Master_v1_03.xdc:119]
CRITICAL WARNING: [Common 17-55] 'set_property' expects at least one object. [C:/Users/austi/Downloads/Basys3_Master_v1_03.xdc:119]
Resolution: If [get_<value>] was used to populate the object, check to make sure this command returns at least one valid object.
WARNING: [Vivado 12-584] No ports matched 'ANODES[2]'. [C:/Users/austi/Downloads/Basys3_Master_v1_03.xdc:120]
CRITICAL WARNING: [Common 17-55] 'set_property' expects at least one object. [C:/Users/austi/Downloads/Basys3_Master_v1_03.xdc:120]
Resolution: If [get_<value>] was used to populate the object, check to make sure this command returns at least one valid object.
WARNING: [Vivado 12-584] No ports matched 'ANODES[3]'. [C:/Users/austi/Downloads/Basys3_Master_v1_03.xdc:121]
CRITICAL WARNING: [Common 17-55] 'set_property' expects at least one object. [C:/Users/austi/Downloads/Basys3_Master_v1_03.xdc:121]
Resolution: If [get_<value>] was used to populate the object, check to make sure this command returns at least one valid object.
WARNING: [Vivado 12-584] No ports matched 'ANODES[3]'. [C:/Users/austi/Downloads/Basys3_Master_v1_03.xdc:122]
CRITICAL WARNING: [Common 17-55] 'set_property' expects at least one object. [C:/Users/austi/Downloads/Basys3_Master_v1_03.xdc:122]
Resolution: If [get_<value>] was used to populate the object, check to make sure this command returns at least one valid object.
WARNING: [Vivado 12-584] No ports matched 'BTNC'. [C:/Users/austi/Downloads/Basys3_Master_v1_03.xdc:127]
CRITICAL WARNING: [Common 17-55] 'set_property' expects at least one object. [C:/Users/austi/Downloads/Basys3_Master_v1_03.xdc:127]
Resolution: If [get_<value>] was used to populate the object, check to make sure this command returns at least one valid object.
WARNING: [Vivado 12-584] No ports matched 'BTNC'. [C:/Users/austi/Downloads/Basys3_Master_v1_03.xdc:128]
CRITICAL WARNING: [Common 17-55] 'set_property' expects at least one object. [C:/Users/austi/Downloads/Basys3_Master_v1_03.xdc:128]
Resolution: If [get_<value>] was used to populate the object, check to make sure this command returns at least one valid object.
WARNING: [Vivado 12-584] No ports matched 'BTNL'. [C:/Users/austi/Downloads/Basys3_Master_v1_03.xdc:131]
CRITICAL WARNING: [Common 17-55] 'set_property' expects at least one object. [C:/Users/austi/Downloads/Basys3_Master_v1_03.xdc:131]
Resolution: If [get_<value>] was used to populate the object, check to make sure this command returns at least one valid object.
WARNING: [Vivado 12-584] No ports matched 'BTNL'. [C:/Users/austi/Downloads/Basys3_Master_v1_03.xdc:132]
CRITICAL WARNING: [Common 17-55] 'set_property' expects at least one object. [C:/Users/austi/Downloads/Basys3_Master_v1_03.xdc:132]
Resolution: If [get_<value>] was used to populate the object, check to make sure this command returns at least one valid object.
WARNING: [Vivado 12-584] No ports matched 'VGA_RGB[5]'. [C:/Users/austi/Downloads/Basys3_Master_v1_03.xdc:252]
CRITICAL WARNING: [Common 17-55] 'set_property' expects at least one object. [C:/Users/austi/Downloads/Basys3_Master_v1_03.xdc:252]
Resolution: If [get_<value>] was used to populate the object, check to make sure this command returns at least one valid object.
WARNING: [Vivado 12-584] No ports matched 'VGA_RGB[5]'. [C:/Users/austi/Downloads/Basys3_Master_v1_03.xdc:253]
CRITICAL WARNING: [Common 17-55] 'set_property' expects at least one object. [C:/Users/austi/Downloads/Basys3_Master_v1_03.xdc:253]
Resolution: If [get_<value>] was used to populate the object, check to make sure this command returns at least one valid object.
WARNING: [Vivado 12-584] No ports matched 'VGA_RGB[5]'. [C:/Users/austi/Downloads/Basys3_Master_v1_03.xdc:254]
CRITICAL WARNING: [Common 17-55] 'set_property' expects at least one object. [C:/Users/austi/Downloads/Basys3_Master_v1_03.xdc:254]
Resolution: If [get_<value>] was used to populate the object, check to make sure this command returns at least one valid object.
WARNING: [Vivado 12-584] No ports matched 'VGA_RGB[5]'. [C:/Users/austi/Downloads/Basys3_Master_v1_03.xdc:255]
CRITICAL WARNING: [Common 17-55] 'set_property' expects at least one object. [C:/Users/austi/Downloads/Basys3_Master_v1_03.xdc:255]
Resolution: If [get_<value>] was used to populate the object, check to make sure this command returns at least one valid object.
WARNING: [Vivado 12-584] No ports matched 'VGA_RGB[6]'. [C:/Users/austi/Downloads/Basys3_Master_v1_03.xdc:256]
INFO: [Common 17-14] Message 'Vivado 12-584' appears 100 times and further instances of the messages will be disabled. Use the Tcl command set_msg_config to change the current settings. [C:/Users/austi/Downloads/Basys3_Master_v1_03.xdc:256]
CRITICAL WARNING: [Common 17-55] 'set_property' expects at least one object. [C:/Users/austi/Downloads/Basys3_Master_v1_03.xdc:256]
Resolution: If [get_<value>] was used to populate the object, check to make sure this command returns at least one valid object.
CRITICAL WARNING: [Common 17-55] 'set_property' expects at least one object. [C:/Users/austi/Downloads/Basys3_Master_v1_03.xdc:257]
Resolution: If [get_<value>] was used to populate the object, check to make sure this command returns at least one valid object.
INFO: [Common 17-14] Message 'Common 17-55' appears 100 times and further instances of the messages will be disabled. Use the Tcl command set_msg_config to change the current settings. [C:/Users/austi/Downloads/Basys3_Master_v1_03.xdc:257]
Finished Parsing XDC File [C:/Users/austi/Downloads/Basys3_Master_v1_03.xdc]
INFO: [Opt 31-138] Pushed 0 inverter(s) to 0 load pin(s).
Netlist sorting complete. Time (s): cpu = 00:00:00 ; elapsed = 00:00:00 . Memory (MB): peak = 1037.102 ; gain = 0.000
INFO: [Project 1-111] Unisim Transformation Summary:
No Unisim elements were transformed.

9 Infos, 100 Warnings, 101 Critical Warnings and 0 Errors encountered.
link_design completed successfully
link_design: Time (s): cpu = 00:00:04 ; elapsed = 00:00:06 . Memory (MB): peak = 1037.102 ; gain = 0.000
Command: opt_design
Attempting to get a license for feature 'Implementation' and/or device 'xc7a35t'
INFO: [Common 17-349] Got license for feature 'Implementation' and/or device 'xc7a35t'
Running DRC as a precondition to command opt_design

Starting DRC Task
INFO: [DRC 23-27] Running DRC with 2 threads
INFO: [Project 1-461] DRC finished with 0 Errors
INFO: [Project 1-462] Please refer to the DRC report (report_drc) for more information.

Time (s): cpu = 00:00:01 ; elapsed = 00:00:00.821 . Memory (MB): peak = 1037.102 ; gain = 0.000

Starting Cache Timing Information Task
INFO: [Timing 38-35] Done setting XDC timing constraints.
Ending Cache Timing Information Task | Checksum: feb7b79f

Time (s): cpu = 00:00:07 ; elapsed = 00:00:07 . Memory (MB): peak = 1304.875 ; gain = 267.773

Starting Logic Optimization Task

Phase 1 Retarget
INFO: [Opt 31-138] Pushed 0 inverter(s) to 0 load pin(s).
INFO: [Opt 31-49] Retargeted 0 cell(s).
Phase 1 Retarget | Checksum: e6fb6784

Time (s): cpu = 00:00:00 ; elapsed = 00:00:00.108 . Memory (MB): peak = 1507.035 ; gain = 0.000
INFO: [Opt 31-389] Phase Retarget created 0 cells and removed 2 cells

Phase 2 Constant propagation
INFO: [Opt 31-138] Pushed 0 inverter(s) to 0 load pin(s).
Phase 2 Constant propagation | Checksum: 105ab2fe7

Time (s): cpu = 00:00:00 ; elapsed = 00:00:00.128 . Memory (MB): peak = 1507.035 ; gain = 0.000
INFO: [Opt 31-389] Phase Constant propagation created 0 cells and removed 0 cells

Phase 3 Sweep
Phase 3 Sweep | Checksum: ba97ffd7

Time (s): cpu = 00:00:00 ; elapsed = 00:00:00.185 . Memory (MB): peak = 1507.035 ; gain = 0.000
INFO: [Opt 31-389] Phase Sweep created 0 cells and removed 0 cells

Phase 4 BUFG optimization
Phase 4 BUFG optimization | Checksum: ba97ffd7

Time (s): cpu = 00:00:00 ; elapsed = 00:00:00.252 . Memory (MB): peak = 1507.035 ; gain = 0.000
INFO: [Opt 31-662] Phase BUFG optimization created 0 cells of which 0 are BUFGs and removed 0 cells.

Phase 5 Shift Register Optimization
INFO: [Opt 31-1064] SRL Remap converted 0 SRLs to 0 registers and converted 0 registers of register chains to 0 SRLs
Phase 5 Shift Register Optimization | Checksum: ba97ffd7

Time (s): cpu = 00:00:00 ; elapsed = 00:00:00.283 . Memory (MB): peak = 1507.035 ; gain = 0.000
INFO: [Opt 31-389] Phase Shift Register Optimization created 0 cells and removed 0 cells

Phase 6 Post Processing Netlist
Phase 6 Post Processing Netlist | Checksum: ba97ffd7

Time (s): cpu = 00:00:00 ; elapsed = 00:00:00.293 . Memory (MB): peak = 1507.035 ; gain = 0.000
INFO: [Opt 31-389] Phase Post Processing Netlist created 0 cells and removed 0 cells
Opt_design Change Summary
=========================


-------------------------------------------------------------------------------------------------------------------------
|  Phase                        |  #Cells created  |  #Cells Removed  |  #Constrained objects preventing optimizations  |
-------------------------------------------------------------------------------------------------------------------------
|  Retarget                     |               0  |               2  |                                              0  |
|  Constant propagation         |               0  |               0  |                                              0  |
|  Sweep                        |               0  |               0  |                                              0  |
|  BUFG optimization            |               0  |               0  |                                              0  |
|  Shift Register Optimization  |               0  |               0  |                                              0  |
|  Post Processing Netlist      |               0  |               0  |                                              0  |
-------------------------------------------------------------------------------------------------------------------------



Starting Connectivity Check Task

Time (s): cpu = 00:00:00 ; elapsed = 00:00:00.005 . Memory (MB): peak = 1507.035 ; gain = 0.000
Ending Logic Optimization Task | Checksum: 16f73bc6c

Time (s): cpu = 00:00:00 ; elapsed = 00:00:00.333 . Memory (MB): peak = 1507.035 ; gain = 0.000

Starting Power Optimization Task
INFO: [Pwropt 34-132] Skipping clock gating for clocks with a period < 2.00 ns.
INFO: [Timing 38-35] Done setting XDC timing constraints.
WARNING: [Power 33-232] No user defined clocks were found in the design! Power estimation will be inaccurate until this is corrected.
Resolution: Please specify clocks using create_clock/create_generated_clock for sequential elements. For pure combinatorial circuits, please specify a virtual clock, otherwise the vectorless estimation might be inaccurate
Running Vector-less Activity Propagation...

Finished Running Vector-less Activity Propagation
INFO: [Pwropt 34-9] Applying IDT optimizations ...
INFO: [Pwropt 34-10] Applying ODC optimizations ...


Starting PowerOpt Patch Enables Task
INFO: [Pwropt 34-162] WRITE_MODE attribute of 0 BRAM(s) out of a total of 16 has been updated to save power. Run report_power_opt to get a complete listing of the BRAMs updated.
INFO: [Pwropt 34-201] Structural ODC has moved 0 WE to EN ports
Number of BRAM Ports augmented: 0 newly gated: 0 Total Ports: 32
Ending PowerOpt Patch Enables Task | Checksum: 16f73bc6c

Time (s): cpu = 00:00:00 ; elapsed = 00:00:00.049 . Memory (MB): peak = 1643.895 ; gain = 0.000
Ending Power Optimization Task | Checksum: 16f73bc6c

Time (s): cpu = 00:00:12 ; elapsed = 00:00:12 . Memory (MB): peak = 1643.895 ; gain = 136.859

Starting Final Cleanup Task
Ending Final Cleanup Task | Checksum: 16f73bc6c

Time (s): cpu = 00:00:00 ; elapsed = 00:00:00 . Memory (MB): peak = 1643.895 ; gain = 0.000

Starting Netlist Obfuscation Task
Netlist sorting complete. Time (s): cpu = 00:00:00 ; elapsed = 00:00:00 . Memory (MB): peak = 1643.895 ; gain = 0.000
Ending Netlist Obfuscation Task | Checksum: 16f73bc6c

Time (s): cpu = 00:00:00 ; elapsed = 00:00:00 . Memory (MB): peak = 1643.895 ; gain = 0.000
INFO: [Common 17-83] Releasing license: Implementation
31 Infos, 101 Warnings, 101 Critical Warnings and 0 Errors encountered.
opt_design completed successfully
opt_design: Time (s): cpu = 00:00:21 ; elapsed = 00:00:22 . Memory (MB): peak = 1643.895 ; gain = 606.793
INFO: [Timing 38-480] Writing timing data to binary archive.
INFO: [Common 17-1381] The checkpoint 'C:/Users/austi/CPE/CPE 233/OTTERWRAPPER.runs/impl_1/OTTERMCU_opt.dcp' has been generated.
INFO: [runtcl-4] Executing : report_drc -file OTTERMCU_drc_opted.rpt -pb OTTERMCU_drc_opted.pb -rpx OTTERMCU_drc_opted.rpx
Command: report_drc -file OTTERMCU_drc_opted.rpt -pb OTTERMCU_drc_opted.pb -rpx OTTERMCU_drc_opted.rpx
INFO: [IP_Flow 19-234] Refreshing IP repositories
INFO: [IP_Flow 19-1704] No user IP repositories specified
INFO: [IP_Flow 19-2313] Loaded Vivado IP repository 'C:/Xilinx/Vivado/2020.1/data/ip'.
INFO: [DRC 23-27] Running DRC with 2 threads
INFO: [Coretcl 2-168] The results of DRC are in file C:/Users/austi/CPE/CPE 233/OTTERWRAPPER.runs/impl_1/OTTERMCU_drc_opted.rpt.
report_drc completed successfully
Command: place_design
Attempting to get a license for feature 'Implementation' and/or device 'xc7a35t'
INFO: [Common 17-349] Got license for feature 'Implementation' and/or device 'xc7a35t'
INFO: [DRC 23-27] Running DRC with 2 threads
INFO: [Vivado_Tcl 4-198] DRC finished with 0 Errors
INFO: [Vivado_Tcl 4-199] Please refer to the DRC report (report_drc) for more information.
Running DRC as a precondition to command place_design
INFO: [DRC 23-27] Running DRC with 2 threads
INFO: [Vivado_Tcl 4-198] DRC finished with 0 Errors
INFO: [Vivado_Tcl 4-199] Please refer to the DRC report (report_drc) for more information.

Starting Placer Task
INFO: [Place 30-611] Multithreading enabled for place_design using a maximum of 2 CPUs

Phase 1 Placer Initialization

Phase 1.1 Placer Initialization Netlist Sorting
Netlist sorting complete. Time (s): cpu = 00:00:00 ; elapsed = 00:00:00 . Memory (MB): peak = 1643.895 ; gain = 0.000
Phase 1.1 Placer Initialization Netlist Sorting | Checksum: 90c6dfd6

Time (s): cpu = 00:00:00 ; elapsed = 00:00:00.013 . Memory (MB): peak = 1643.895 ; gain = 0.000
Netlist sorting complete. Time (s): cpu = 00:00:00 ; elapsed = 00:00:00.001 . Memory (MB): peak = 1643.895 ; gain = 0.000

Phase 1.2 IO Placement/ Clock Placement/ Build Placer Device
INFO: [Timing 38-35] Done setting XDC timing constraints.
Phase 1.2 IO Placement/ Clock Placement/ Build Placer Device | Checksum: 158c1ddbf

Time (s): cpu = 00:00:01 ; elapsed = 00:00:00.757 . Memory (MB): peak = 1643.895 ; gain = 0.000

Phase 1.3 Build Placer Netlist Model
Phase 1.3 Build Placer Netlist Model | Checksum: 1e602893e

Time (s): cpu = 00:00:01 ; elapsed = 00:00:00.900 . Memory (MB): peak = 1643.895 ; gain = 0.000

Phase 1.4 Constrain Clocks/Macros
Phase 1.4 Constrain Clocks/Macros | Checksum: 1e602893e

Time (s): cpu = 00:00:01 ; elapsed = 00:00:00.904 . Memory (MB): peak = 1643.895 ; gain = 0.000
Phase 1 Placer Initialization | Checksum: 1e602893e

Time (s): cpu = 00:00:01 ; elapsed = 00:00:00.909 . Memory (MB): peak = 1643.895 ; gain = 0.000

Phase 2 Global Placement

Phase 2.1 Floorplanning
Phase 2.1 Floorplanning | Checksum: 1e602893e

Time (s): cpu = 00:00:01 ; elapsed = 00:00:00.917 . Memory (MB): peak = 1643.895 ; gain = 0.000

Phase 2.2 Global Placement Core
WARNING: [Place 46-29] place_design is not in timing mode. Skip physical synthesis in placer
Phase 2.2 Global Placement Core | Checksum: 1533e3eb8

Time (s): cpu = 00:00:03 ; elapsed = 00:00:03 . Memory (MB): peak = 1643.895 ; gain = 0.000
Phase 2 Global Placement | Checksum: 1533e3eb8

Time (s): cpu = 00:00:03 ; elapsed = 00:00:03 . Memory (MB): peak = 1643.895 ; gain = 0.000

Phase 3 Detail Placement

Phase 3.1 Commit Multi Column Macros
Phase 3.1 Commit Multi Column Macros | Checksum: 1533e3eb8

Time (s): cpu = 00:00:03 ; elapsed = 00:00:03 . Memory (MB): peak = 1643.895 ; gain = 0.000

Phase 3.2 Commit Most Macros & LUTRAMs
Phase 3.2 Commit Most Macros & LUTRAMs | Checksum: 128b1a9b7

Time (s): cpu = 00:00:03 ; elapsed = 00:00:03 . Memory (MB): peak = 1643.895 ; gain = 0.000

Phase 3.3 Area Swap Optimization
Phase 3.3 Area Swap Optimization | Checksum: 204dc9d8a

Time (s): cpu = 00:00:03 ; elapsed = 00:00:03 . Memory (MB): peak = 1643.895 ; gain = 0.000

Phase 3.4 Pipeline Register Optimization
Phase 3.4 Pipeline Register Optimization | Checksum: 204dc9d8a

Time (s): cpu = 00:00:03 ; elapsed = 00:00:03 . Memory (MB): peak = 1643.895 ; gain = 0.000

Phase 3.5 Small Shape Detail Placement
Phase 3.5 Small Shape Detail Placement | Checksum: 1cc558ac1

Time (s): cpu = 00:00:04 ; elapsed = 00:00:04 . Memory (MB): peak = 1643.895 ; gain = 0.000

Phase 3.6 Re-assign LUT pins
Phase 3.6 Re-assign LUT pins | Checksum: 1cc558ac1

Time (s): cpu = 00:00:04 ; elapsed = 00:00:04 . Memory (MB): peak = 1643.895 ; gain = 0.000

Phase 3.7 Pipeline Register Optimization
Phase 3.7 Pipeline Register Optimization | Checksum: 1cc558ac1

Time (s): cpu = 00:00:05 ; elapsed = 00:00:04 . Memory (MB): peak = 1643.895 ; gain = 0.000
Phase 3 Detail Placement | Checksum: 1cc558ac1

Time (s): cpu = 00:00:05 ; elapsed = 00:00:04 . Memory (MB): peak = 1643.895 ; gain = 0.000

Phase 4 Post Placement Optimization and Clean-Up

Phase 4.1 Post Commit Optimization
Phase 4.1 Post Commit Optimization | Checksum: 1cc558ac1

Time (s): cpu = 00:00:05 ; elapsed = 00:00:04 . Memory (MB): peak = 1643.895 ; gain = 0.000

Phase 4.2 Post Placement Cleanup
Phase 4.2 Post Placement Cleanup | Checksum: 1cc558ac1

Time (s): cpu = 00:00:05 ; elapsed = 00:00:04 . Memory (MB): peak = 1643.895 ; gain = 0.000

Phase 4.3 Placer Reporting
Phase 4.3 Placer Reporting | Checksum: 1cc558ac1

Time (s): cpu = 00:00:05 ; elapsed = 00:00:04 . Memory (MB): peak = 1643.895 ; gain = 0.000

Phase 4.4 Final Placement Cleanup
Netlist sorting complete. Time (s): cpu = 00:00:00 ; elapsed = 00:00:00.001 . Memory (MB): peak = 1643.895 ; gain = 0.000
Phase 4.4 Final Placement Cleanup | Checksum: 1e6d5e21d

Time (s): cpu = 00:00:05 ; elapsed = 00:00:04 . Memory (MB): peak = 1643.895 ; gain = 0.000
Phase 4 Post Placement Optimization and Clean-Up | Checksum: 1e6d5e21d

Time (s): cpu = 00:00:05 ; elapsed = 00:00:04 . Memory (MB): peak = 1643.895 ; gain = 0.000
Ending Placer Task | Checksum: 156ecf1e0

Time (s): cpu = 00:00:05 ; elapsed = 00:00:04 . Memory (MB): peak = 1643.895 ; gain = 0.000
INFO: [Common 17-83] Releasing license: Implementation
49 Infos, 102 Warnings, 101 Critical Warnings and 0 Errors encountered.
place_design completed successfully
INFO: [Timing 38-480] Writing timing data to binary archive.
Writing placer database...
Writing XDEF routing.
Writing XDEF routing logical nets.
Writing XDEF routing special nets.
Write XDEF Complete: Time (s): cpu = 00:00:00 ; elapsed = 00:00:00.253 . Memory (MB): peak = 1643.895 ; gain = 0.000
INFO: [Common 17-1381] The checkpoint 'C:/Users/austi/CPE/CPE 233/OTTERWRAPPER.runs/impl_1/OTTERMCU_placed.dcp' has been generated.
INFO: [runtcl-4] Executing : report_io -file OTTERMCU_io_placed.rpt
report_io: Time (s): cpu = 00:00:01 ; elapsed = 00:00:00.043 . Memory (MB): peak = 1643.895 ; gain = 0.000
INFO: [runtcl-4] Executing : report_utilization -file OTTERMCU_utilization_placed.rpt -pb OTTERMCU_utilization_placed.pb
INFO: [runtcl-4] Executing : report_control_sets -verbose -file OTTERMCU_control_sets_placed.rpt
report_control_sets: Time (s): cpu = 00:00:00 ; elapsed = 00:00:00.005 . Memory (MB): peak = 1643.895 ; gain = 0.000
Command: phys_opt_design
Attempting to get a license for feature 'Implementation' and/or device 'xc7a35t'
INFO: [Common 17-349] Got license for feature 'Implementation' and/or device 'xc7a35t'
INFO: [Vivado_Tcl 4-235] No timing constraint found. The netlist was not modified.
INFO: [Common 17-83] Releasing license: Implementation
57 Infos, 102 Warnings, 101 Critical Warnings and 0 Errors encountered.
phys_opt_design completed successfully
INFO: [Timing 38-480] Writing timing data to binary archive.
Writing placer database...
Writing XDEF routing.
Writing XDEF routing logical nets.
Writing XDEF routing special nets.
Write XDEF Complete: Time (s): cpu = 00:00:01 ; elapsed = 00:00:00.266 . Memory (MB): peak = 1643.895 ; gain = 0.000
INFO: [Common 17-1381] The checkpoint 'C:/Users/austi/CPE/CPE 233/OTTERWRAPPER.runs/impl_1/OTTERMCU_physopt.dcp' has been generated.
Command: route_design
Attempting to get a license for feature 'Implementation' and/or device 'xc7a35t'
INFO: [Common 17-349] Got license for feature 'Implementation' and/or device 'xc7a35t'
Running DRC as a precondition to command route_design
INFO: [DRC 23-27] Running DRC with 2 threads
INFO: [Vivado_Tcl 4-198] DRC finished with 0 Errors
INFO: [Vivado_Tcl 4-199] Please refer to the DRC report (report_drc) for more information.


Starting Routing Task
INFO: [Route 35-254] Multithreading enabled for route_design using a maximum of 2 CPUs
Checksum: PlaceDB: c626120a ConstDB: 0 ShapeSum: 90c6dfd6 RouteDB: 0

Phase 1 Build RT Design
Phase 1 Build RT Design | Checksum: 12b568cbd

Time (s): cpu = 00:00:14 ; elapsed = 00:00:13 . Memory (MB): peak = 1705.531 ; gain = 61.637
Post Restoration Checksum: NetGraph: aebb6140 NumContArr: 7c9b2b7d Constraints: 0 Timing: 0

Phase 2 Router Initialization
INFO: [Route 35-64] No timing constraints were detected. The router will operate in resource-optimization mode.

Phase 2.1 Fix Topology Constraints
Phase 2.1 Fix Topology Constraints | Checksum: 12b568cbd

Time (s): cpu = 00:00:14 ; elapsed = 00:00:13 . Memory (MB): peak = 1711.570 ; gain = 67.676

Phase 2.2 Pre Route Cleanup
Phase 2.2 Pre Route Cleanup | Checksum: 12b568cbd

Time (s): cpu = 00:00:14 ; elapsed = 00:00:13 . Memory (MB): peak = 1711.570 ; gain = 67.676
 Number of Nodes with overlaps = 0
Phase 2 Router Initialization | Checksum: b596e105

Time (s): cpu = 00:00:14 ; elapsed = 00:00:13 . Memory (MB): peak = 1721.672 ; gain = 77.777

Router Utilization Summary
  Global Vertical Routing Utilization    = 0 %
  Global Horizontal Routing Utilization  = 0 %
  Routable Net Status*
  *Does not include unroutable nets such as driverless and loadless.
  Run report_route_status for detailed report.
  Number of Failed Nets               = 3967
    (Failed Nets is the sum of unrouted and partially routed nets)
  Number of Unrouted Nets             = 3967
  Number of Partially Routed Nets     = 0
  Number of Node Overlaps             = 0


Phase 3 Initial Routing
Phase 3 Initial Routing | Checksum: 85bd72a1

Time (s): cpu = 00:00:14 ; elapsed = 00:00:13 . Memory (MB): peak = 1721.672 ; gain = 77.777

Phase 4 Rip-up And Reroute

Phase 4.1 Global Iteration 0
 Number of Nodes with overlaps = 512
 Number of Nodes with overlaps = 2
 Number of Nodes with overlaps = 0
Phase 4.1 Global Iteration 0 | Checksum: 14b0fefa3

Time (s): cpu = 00:00:14 ; elapsed = 00:00:14 . Memory (MB): peak = 1721.672 ; gain = 77.777
Phase 4 Rip-up And Reroute | Checksum: 14b0fefa3

Time (s): cpu = 00:00:14 ; elapsed = 00:00:14 . Memory (MB): peak = 1721.672 ; gain = 77.777

Phase 5 Delay and Skew Optimization
Phase 5 Delay and Skew Optimization | Checksum: 14b0fefa3

Time (s): cpu = 00:00:14 ; elapsed = 00:00:14 . Memory (MB): peak = 1721.672 ; gain = 77.777

Phase 6 Post Hold Fix

Phase 6.1 Hold Fix Iter
Phase 6.1 Hold Fix Iter | Checksum: 14b0fefa3

Time (s): cpu = 00:00:14 ; elapsed = 00:00:14 . Memory (MB): peak = 1721.672 ; gain = 77.777
Phase 6 Post Hold Fix | Checksum: 14b0fefa3

Time (s): cpu = 00:00:14 ; elapsed = 00:00:14 . Memory (MB): peak = 1721.672 ; gain = 77.777

Phase 7 Route finalize

Router Utilization Summary
  Global Vertical Routing Utilization    = 2.2603 %
  Global Horizontal Routing Utilization  = 2.43389 %
  Routable Net Status*
  *Does not include unroutable nets such as driverless and loadless.
  Run report_route_status for detailed report.
  Number of Failed Nets               = 0
    (Failed Nets is the sum of unrouted and partially routed nets)
  Number of Unrouted Nets             = 0
  Number of Partially Routed Nets     = 0
  Number of Node Overlaps             = 0

Congestion Report
North Dir 1x1 Area, Max Cong = 68.4685%, No Congested Regions.
South Dir 1x1 Area, Max Cong = 62.1622%, No Congested Regions.
East Dir 1x1 Area, Max Cong = 63.2353%, No Congested Regions.
West Dir 1x1 Area, Max Cong = 63.2353%, No Congested Regions.

------------------------------
Reporting congestion hotspots
------------------------------
Direction: North
----------------
Congested clusters found at Level 0
Effective congestion level: 0 Aspect Ratio: 1 Sparse Ratio: 0
Direction: South
----------------
Congested clusters found at Level 0
Effective congestion level: 0 Aspect Ratio: 1 Sparse Ratio: 0
Direction: East
----------------
Congested clusters found at Level 0
Effective congestion level: 0 Aspect Ratio: 1 Sparse Ratio: 0
Direction: West
----------------
Congested clusters found at Level 0
Effective congestion level: 0 Aspect Ratio: 1 Sparse Ratio: 0

Phase 7 Route finalize | Checksum: 14b0fefa3

Time (s): cpu = 00:00:14 ; elapsed = 00:00:15 . Memory (MB): peak = 1721.672 ; gain = 77.777

Phase 8 Verifying routed nets

 Verification completed successfully
Phase 8 Verifying routed nets | Checksum: 14b0fefa3

Time (s): cpu = 00:00:14 ; elapsed = 00:00:15 . Memory (MB): peak = 1721.672 ; gain = 77.777

Phase 9 Depositing Routes
Phase 9 Depositing Routes | Checksum: 93b11e6f

Time (s): cpu = 00:00:14 ; elapsed = 00:00:15 . Memory (MB): peak = 1721.672 ; gain = 77.777
INFO: [Route 35-16] Router Completed Successfully

Time (s): cpu = 00:00:14 ; elapsed = 00:00:15 . Memory (MB): peak = 1721.672 ; gain = 77.777

Routing Is Done.
INFO: [Common 17-83] Releasing license: Implementation
67 Infos, 102 Warnings, 101 Critical Warnings and 0 Errors encountered.
route_design completed successfully
route_design: Time (s): cpu = 00:00:15 ; elapsed = 00:00:16 . Memory (MB): peak = 1721.672 ; gain = 77.777
INFO: [Timing 38-480] Writing timing data to binary archive.
Writing placer database...
Writing XDEF routing.
Writing XDEF routing logical nets.
Writing XDEF routing special nets.
Write XDEF Complete: Time (s): cpu = 00:00:01 ; elapsed = 00:00:00.320 . Memory (MB): peak = 1730.559 ; gain = 8.887
INFO: [Common 17-1381] The checkpoint 'C:/Users/austi/CPE/CPE 233/OTTERWRAPPER.runs/impl_1/OTTERMCU_routed.dcp' has been generated.
INFO: [runtcl-4] Executing : report_drc -file OTTERMCU_drc_routed.rpt -pb OTTERMCU_drc_routed.pb -rpx OTTERMCU_drc_routed.rpx
Command: report_drc -file OTTERMCU_drc_routed.rpt -pb OTTERMCU_drc_routed.pb -rpx OTTERMCU_drc_routed.rpx
INFO: [IP_Flow 19-1839] IP Catalog is up to date.
INFO: [DRC 23-27] Running DRC with 2 threads
INFO: [Coretcl 2-168] The results of DRC are in file C:/Users/austi/CPE/CPE 233/OTTERWRAPPER.runs/impl_1/OTTERMCU_drc_routed.rpt.
report_drc completed successfully
INFO: [runtcl-4] Executing : report_methodology -file OTTERMCU_methodology_drc_routed.rpt -pb OTTERMCU_methodology_drc_routed.pb -rpx OTTERMCU_methodology_drc_routed.rpx
Command: report_methodology -file OTTERMCU_methodology_drc_routed.rpt -pb OTTERMCU_methodology_drc_routed.pb -rpx OTTERMCU_methodology_drc_routed.rpx
INFO: [Timing 38-35] Done setting XDC timing constraints.
INFO: [DRC 23-133] Running Methodology with 2 threads
INFO: [Coretcl 2-1520] The results of Report Methodology are in file C:/Users/austi/CPE/CPE 233/OTTERWRAPPER.runs/impl_1/OTTERMCU_methodology_drc_routed.rpt.
report_methodology completed successfully
INFO: [runtcl-4] Executing : report_power -file OTTERMCU_power_routed.rpt -pb OTTERMCU_power_summary_routed.pb -rpx OTTERMCU_power_routed.rpx
Command: report_power -file OTTERMCU_power_routed.rpt -pb OTTERMCU_power_summary_routed.pb -rpx OTTERMCU_power_routed.rpx
INFO: [Timing 38-35] Done setting XDC timing constraints.
WARNING: [Power 33-232] No user defined clocks were found in the design! Power estimation will be inaccurate until this is corrected.
Resolution: Please specify clocks using create_clock/create_generated_clock for sequential elements. For pure combinatorial circuits, please specify a virtual clock, otherwise the vectorless estimation might be inaccurate
Running Vector-less Activity Propagation...

Finished Running Vector-less Activity Propagation
79 Infos, 103 Warnings, 101 Critical Warnings and 0 Errors encountered.
report_power completed successfully
INFO: [runtcl-4] Executing : report_route_status -file OTTERMCU_route_status.rpt -pb OTTERMCU_route_status.pb
INFO: [runtcl-4] Executing : report_timing_summary -max_paths 10 -file OTTERMCU_timing_summary_routed.rpt -pb OTTERMCU_timing_summary_routed.pb -rpx OTTERMCU_timing_summary_routed.rpx -warn_on_violation 
INFO: [Timing 38-91] UpdateTimingParams: Speed grade: -1, Delay Type: min_max.
INFO: [Timing 38-191] Multithreading enabled for timing update using a maximum of 2 CPUs
WARNING: [Timing 38-313] There are no user specified timing constraints. Timing constraints are needed for proper timing analysis.
INFO: [runtcl-4] Executing : report_incremental_reuse -file OTTERMCU_incremental_reuse_routed.rpt
INFO: [Vivado_Tcl 4-1062] Incremental flow is disabled. No incremental reuse Info to report.
INFO: [runtcl-4] Executing : report_clock_utilization -file OTTERMCU_clock_utilization_routed.rpt
INFO: [runtcl-4] Executing : report_bus_skew -warn_on_violation -file OTTERMCU_bus_skew_routed.rpt -pb OTTERMCU_bus_skew_routed.pb -rpx OTTERMCU_bus_skew_routed.rpx
INFO: [Timing 38-91] UpdateTimingParams: Speed grade: -1, Delay Type: min_max.
INFO: [Timing 38-191] Multithreading enabled for timing update using a maximum of 2 CPUs
INFO: [Common 17-206] Exiting Vivado at Fri Jan 19 14:22:27 2024...
