#-----------------------------------------------------------
# Vivado v2020.1 (64-bit)
# SW Build 2902540 on Wed May 27 19:54:49 MDT 2020
# IP Build 2902112 on Wed May 27 22:43:36 MDT 2020
# Start of session at: Fri Jan 27 13:38:57 2023
# Process ID: 21500
# Current directory: C:/Users/austi/CPE 233/reg_file
# Command line: vivado.exe -gui_launcher_event rodinguilauncherevent28296 C:\Users\austi\CPE 233\reg_file\reg_file.xpr
# Log file: C:/Users/austi/CPE 233/reg_file/vivado.log
# Journal file: C:/Users/austi/CPE 233/reg_file\vivado.jou
#-----------------------------------------------------------
start_gui
open_project {C:/Users/austi/CPE 233/reg_file/reg_file.xpr}
Scanning sources...
Finished scanning sources
INFO: [IP_Flow 19-234] Refreshing IP repositories
INFO: [IP_Flow 19-1704] No user IP repositories specified
INFO: [IP_Flow 19-2313] Loaded Vivado IP repository 'C:/Xilinx/Vivado/2020.1/data/ip'.
open_project: Time (s): cpu = 00:00:13 ; elapsed = 00:00:05 . Memory (MB): peak = 1238.500 ; gain = 0.000
update_compile_order -fileset sources_1
launch_simulation
Command: launch_simulation 
INFO: [Vivado 12-5682] Launching behavioral simulation in 'C:/Users/austi/CPE 233/reg_file/reg_file.sim/sim_1/behav/xsim'
INFO: [SIM-utils-51] Simulation object is 'sim_1'
INFO: [SIM-utils-54] Inspecting design source files for 'reg_file_tb' in fileset 'sim_1'...
INFO: [USF-XSim-97] Finding global include files...
INFO: [USF-XSim-98] Fetching design files from 'sim_1'...
INFO: [USF-XSim-2] XSim::Compile design
INFO: [USF-XSim-61] Executing 'COMPILE and ANALYZE' step in 'C:/Users/austi/CPE 233/reg_file/reg_file.sim/sim_1/behav/xsim'
"xvlog --incr --relax -prj reg_file_tb_vlog.prj"
INFO: [VRFC 10-2263] Analyzing SystemVerilog file "C:/Users/austi/CPE 233/reg_file/reg_file.srcs/sim_1/new/reg_file_tb.sv" into library xil_defaultlib
INFO: [VRFC 10-311] analyzing module reg_file_tb
INFO: [USF-XSim-69] 'compile' step finished in '2' seconds
INFO: [USF-XSim-3] XSim::Elaborate design
INFO: [USF-XSim-61] Executing 'ELABORATE' step in 'C:/Users/austi/CPE 233/reg_file/reg_file.sim/sim_1/behav/xsim'
"xelab -wto 128acdc763f34070a3b6ae9751a7e4f3 --incr --debug typical --relax --mt 2 -L xil_defaultlib -L unisims_ver -L unimacro_ver -L secureip --snapshot reg_file_tb_behav xil_defaultlib.reg_file_tb xil_defaultlib.glbl -log elaborate.log"
Vivado Simulator 2020.1
Copyright 1986-1999, 2001-2020 Xilinx, Inc. All Rights Reserved.
Running: C:/Xilinx/Vivado/2020.1/bin/unwrapped/win64.o/xelab.exe -wto 128acdc763f34070a3b6ae9751a7e4f3 --incr --debug typical --relax --mt 2 -L xil_defaultlib -L unisims_ver -L unimacro_ver -L secureip --snapshot reg_file_tb_behav xil_defaultlib.reg_file_tb xil_defaultlib.glbl -log elaborate.log 
Using 2 slave threads.
Starting static elaboration
Pass Through NonSizing Optimizer
Completed static elaboration
Starting simulation data flow analysis
Completed simulation data flow analysis
Time Resolution for simulation is 1ps
Compiling module xil_defaultlib.reg_file
Compiling module xil_defaultlib.reg_file_tb
Compiling module xil_defaultlib.glbl
Built simulation snapshot reg_file_tb_behav

****** Webtalk v2020.1 (64-bit)
  **** SW Build 2902540 on Wed May 27 19:54:49 MDT 2020
  **** IP Build 2902112 on Wed May 27 22:43:36 MDT 2020
    ** Copyright 1986-2020 Xilinx, Inc. All Rights Reserved.

source C:/Users/austi/CPE -notrace
couldn't read file "C:/Users/austi/CPE": permission denied
INFO: [Common 17-206] Exiting Webtalk at Fri Jan 27 13:40:09 2023...
INFO: [USF-XSim-69] 'elaborate' step finished in '2' seconds
INFO: [USF-XSim-4] XSim::Simulate design
INFO: [USF-XSim-61] Executing 'SIMULATE' step in 'C:/Users/austi/CPE 233/reg_file/reg_file.sim/sim_1/behav/xsim'
INFO: [USF-XSim-98] *** Running xsim
   with args "reg_file_tb_behav -key {Behavioral:sim_1:Functional:reg_file_tb} -tclbatch {reg_file_tb.tcl} -log {simulate.log}"
INFO: [USF-XSim-8] Loading simulator feature
Vivado Simulator 2020.1
Time resolution is 1 ps
source reg_file_tb.tcl
# set curr_wave [current_wave_config]
# if { [string length $curr_wave] == 0 } {
#   if { [llength [get_objects]] > 0} {
#     add_wave /
#     set_property needs_save false [current_wave_config]
#   } else {
#      send_msg_id Add_Wave-1 WARNING "No top level signals found. Simulator will start without a wave window. If you want to open a wave window go to 'File->New Waveform Configuration' or type 'create_wave_config' in the TCL console."
#   }
# }
# run 1000ns
INFO: [USF-XSim-96] XSim completed. Design snapshot 'reg_file_tb_behav' loaded.
INFO: [USF-XSim-97] XSim simulation ran for 1000ns
launch_simulation: Time (s): cpu = 00:00:07 ; elapsed = 00:00:09 . Memory (MB): peak = 1238.500 ; gain = 0.000
close_sim
INFO: [Simtcl 6-16] Simulation closed
launch_simulation
Command: launch_simulation 
INFO: [Vivado 12-5682] Launching behavioral simulation in 'C:/Users/austi/CPE 233/reg_file/reg_file.sim/sim_1/behav/xsim'
INFO: [SIM-utils-51] Simulation object is 'sim_1'
INFO: [SIM-utils-54] Inspecting design source files for 'reg_file_tb' in fileset 'sim_1'...
INFO: [USF-XSim-97] Finding global include files...
INFO: [USF-XSim-98] Fetching design files from 'sim_1'...
INFO: [USF-XSim-2] XSim::Compile design
INFO: [USF-XSim-61] Executing 'COMPILE and ANALYZE' step in 'C:/Users/austi/CPE 233/reg_file/reg_file.sim/sim_1/behav/xsim'
"xvlog --incr --relax -prj reg_file_tb_vlog.prj"
INFO: [VRFC 10-2263] Analyzing SystemVerilog file "C:/Users/austi/CPE 233/reg_file/reg_file.srcs/sources_1/new/reg_file.sv" into library xil_defaultlib
INFO: [VRFC 10-311] analyzing module reg_file
INFO: [VRFC 10-2263] Analyzing SystemVerilog file "C:/Users/austi/CPE 233/reg_file/reg_file.srcs/sim_1/new/reg_file_tb.sv" into library xil_defaultlib
INFO: [VRFC 10-311] analyzing module reg_file_tb
INFO: [USF-XSim-69] 'compile' step finished in '1' seconds
INFO: [USF-XSim-3] XSim::Elaborate design
INFO: [USF-XSim-61] Executing 'ELABORATE' step in 'C:/Users/austi/CPE 233/reg_file/reg_file.sim/sim_1/behav/xsim'
"xelab -wto 128acdc763f34070a3b6ae9751a7e4f3 --incr --debug typical --relax --mt 2 -L xil_defaultlib -L unisims_ver -L unimacro_ver -L secureip --snapshot reg_file_tb_behav xil_defaultlib.reg_file_tb xil_defaultlib.glbl -log elaborate.log"
Vivado Simulator 2020.1
Copyright 1986-1999, 2001-2020 Xilinx, Inc. All Rights Reserved.
Running: C:/Xilinx/Vivado/2020.1/bin/unwrapped/win64.o/xelab.exe -wto 128acdc763f34070a3b6ae9751a7e4f3 --incr --debug typical --relax --mt 2 -L xil_defaultlib -L unisims_ver -L unimacro_ver -L secureip --snapshot reg_file_tb_behav xil_defaultlib.reg_file_tb xil_defaultlib.glbl -log elaborate.log 
Using 2 slave threads.
Starting static elaboration
Pass Through NonSizing Optimizer
Completed static elaboration
Starting simulation data flow analysis
Completed simulation data flow analysis
Time Resolution for simulation is 1ps
Compiling module xil_defaultlib.reg_file
Compiling module xil_defaultlib.reg_file_tb
Compiling module xil_defaultlib.glbl
Built simulation snapshot reg_file_tb_behav
INFO: [USF-XSim-69] 'elaborate' step finished in '2' seconds
INFO: [USF-XSim-4] XSim::Simulate design
INFO: [USF-XSim-61] Executing 'SIMULATE' step in 'C:/Users/austi/CPE 233/reg_file/reg_file.sim/sim_1/behav/xsim'
INFO: [USF-XSim-98] *** Running xsim
   with args "reg_file_tb_behav -key {Behavioral:sim_1:Functional:reg_file_tb} -tclbatch {reg_file_tb.tcl} -log {simulate.log}"
INFO: [USF-XSim-8] Loading simulator feature
Vivado Simulator 2020.1
Time resolution is 1 ps
source reg_file_tb.tcl
# set curr_wave [current_wave_config]
# if { [string length $curr_wave] == 0 } {
#   if { [llength [get_objects]] > 0} {
#     add_wave /
#     set_property needs_save false [current_wave_config]
#   } else {
#      send_msg_id Add_Wave-1 WARNING "No top level signals found. Simulator will start without a wave window. If you want to open a wave window go to 'File->New Waveform Configuration' or type 'create_wave_config' in the TCL console."
#   }
# }
# run 1000ns
INFO: [USF-XSim-96] XSim completed. Design snapshot 'reg_file_tb_behav' loaded.
INFO: [USF-XSim-97] XSim simulation ran for 1000ns
launch_simulation: Time (s): cpu = 00:00:04 ; elapsed = 00:00:06 . Memory (MB): peak = 1238.500 ; gain = 0.000
synth_design -rtl -name rtl_1
Command: synth_design -rtl -name rtl_1
Starting synth_design
Using part: xc7a35tcpg236-1
Top: reg_file
INFO: [Device 21-403] Loading part xc7a35tcpg236-1
---------------------------------------------------------------------------------
Starting RTL Elaboration : Time (s): cpu = 00:00:05 ; elapsed = 00:00:05 . Memory (MB): peak = 1421.477 ; gain = 182.977
---------------------------------------------------------------------------------
INFO: [Synth 8-6157] synthesizing module 'reg_file' [C:/Users/austi/CPE 233/reg_file/reg_file.srcs/sources_1/new/reg_file.sv:23]
INFO: [Synth 8-6155] done synthesizing module 'reg_file' (1#1) [C:/Users/austi/CPE 233/reg_file/reg_file.srcs/sources_1/new/reg_file.sv:23]
---------------------------------------------------------------------------------
Finished RTL Elaboration : Time (s): cpu = 00:00:06 ; elapsed = 00:00:07 . Memory (MB): peak = 1496.250 ; gain = 257.750
---------------------------------------------------------------------------------
---------------------------------------------------------------------------------
Start Handling Custom Attributes
---------------------------------------------------------------------------------
---------------------------------------------------------------------------------
Finished Handling Custom Attributes : Time (s): cpu = 00:00:06 ; elapsed = 00:00:07 . Memory (MB): peak = 1496.250 ; gain = 257.750
---------------------------------------------------------------------------------
---------------------------------------------------------------------------------
Finished RTL Optimization Phase 1 : Time (s): cpu = 00:00:06 ; elapsed = 00:00:07 . Memory (MB): peak = 1496.250 ; gain = 257.750
---------------------------------------------------------------------------------
Netlist sorting complete. Time (s): cpu = 00:00:00 ; elapsed = 00:00:00.002 . Memory (MB): peak = 1496.250 ; gain = 0.000
INFO: [Project 1-570] Preparing netlist for logic optimization

Processing XDC Constraints
Initializing timing engine
Completed Processing XDC Constraints

INFO: [Opt 31-138] Pushed 0 inverter(s) to 0 load pin(s).
Netlist sorting complete. Time (s): cpu = 00:00:00 ; elapsed = 00:00:00 . Memory (MB): peak = 1510.445 ; gain = 0.000
INFO: [Project 1-111] Unisim Transformation Summary:
No Unisim elements were transformed.

RTL Elaboration Complete:  : Time (s): cpu = 00:00:19 ; elapsed = 00:00:13 . Memory (MB): peak = 1627.652 ; gain = 389.152
6 Infos, 0 Warnings, 0 Critical Warnings and 0 Errors encountered.
synth_design completed successfully
synth_design: Time (s): cpu = 00:00:26 ; elapsed = 00:00:29 . Memory (MB): peak = 1627.652 ; gain = 389.152
launch_runs synth_1 -jobs 10
[Fri Jan 27 13:46:13 2023] Launched synth_1...
Run output will be captured here: C:/Users/austi/CPE 233/reg_file/reg_file.runs/synth_1/runme.log
close_sim
INFO: [Simtcl 6-16] Simulation closed
launch_simulation
Command: launch_simulation 
INFO: [Vivado 12-5682] Launching behavioral simulation in 'C:/Users/austi/CPE 233/reg_file/reg_file.sim/sim_1/behav/xsim'
INFO: [SIM-utils-51] Simulation object is 'sim_1'
INFO: [SIM-utils-54] Inspecting design source files for 'reg_file_tb' in fileset 'sim_1'...
INFO: [USF-XSim-97] Finding global include files...
INFO: [USF-XSim-98] Fetching design files from 'sim_1'...
INFO: [USF-XSim-2] XSim::Compile design
INFO: [USF-XSim-61] Executing 'COMPILE and ANALYZE' step in 'C:/Users/austi/CPE 233/reg_file/reg_file.sim/sim_1/behav/xsim'
"xvlog --incr --relax -prj reg_file_tb_vlog.prj"
INFO: [VRFC 10-2263] Analyzing SystemVerilog file "C:/Users/austi/CPE 233/reg_file/reg_file.srcs/sources_1/new/reg_file.sv" into library xil_defaultlib
INFO: [VRFC 10-311] analyzing module reg_file
INFO: [VRFC 10-2263] Analyzing SystemVerilog file "C:/Users/austi/CPE 233/reg_file/reg_file.srcs/sim_1/new/reg_file_tb.sv" into library xil_defaultlib
INFO: [VRFC 10-311] analyzing module reg_file_tb
INFO: [USF-XSim-69] 'compile' step finished in '1' seconds
INFO: [USF-XSim-3] XSim::Elaborate design
INFO: [USF-XSim-61] Executing 'ELABORATE' step in 'C:/Users/austi/CPE 233/reg_file/reg_file.sim/sim_1/behav/xsim'
"xelab -wto 128acdc763f34070a3b6ae9751a7e4f3 --incr --debug typical --relax --mt 2 -L xil_defaultlib -L unisims_ver -L unimacro_ver -L secureip --snapshot reg_file_tb_behav xil_defaultlib.reg_file_tb xil_defaultlib.glbl -log elaborate.log"
Vivado Simulator 2020.1
Copyright 1986-1999, 2001-2020 Xilinx, Inc. All Rights Reserved.
Running: C:/Xilinx/Vivado/2020.1/bin/unwrapped/win64.o/xelab.exe -wto 128acdc763f34070a3b6ae9751a7e4f3 --incr --debug typical --relax --mt 2 -L xil_defaultlib -L unisims_ver -L unimacro_ver -L secureip --snapshot reg_file_tb_behav xil_defaultlib.reg_file_tb xil_defaultlib.glbl -log elaborate.log 
Using 2 slave threads.
Starting static elaboration
Pass Through NonSizing Optimizer
Completed static elaboration
Starting simulation data flow analysis
Completed simulation data flow analysis
Time Resolution for simulation is 1ps
Compiling module xil_defaultlib.reg_file
Compiling module xil_defaultlib.reg_file_tb
Compiling module xil_defaultlib.glbl
Built simulation snapshot reg_file_tb_behav
INFO: [USF-XSim-69] 'elaborate' step finished in '2' seconds
INFO: [USF-XSim-4] XSim::Simulate design
INFO: [USF-XSim-61] Executing 'SIMULATE' step in 'C:/Users/austi/CPE 233/reg_file/reg_file.sim/sim_1/behav/xsim'
INFO: [USF-XSim-98] *** Running xsim
   with args "reg_file_tb_behav -key {Behavioral:sim_1:Functional:reg_file_tb} -tclbatch {reg_file_tb.tcl} -log {simulate.log}"
INFO: [USF-XSim-8] Loading simulator feature
Vivado Simulator 2020.1
Time resolution is 1 ps
source reg_file_tb.tcl
# set curr_wave [current_wave_config]
# if { [string length $curr_wave] == 0 } {
#   if { [llength [get_objects]] > 0} {
#     add_wave /
#     set_property needs_save false [current_wave_config]
#   } else {
#      send_msg_id Add_Wave-1 WARNING "No top level signals found. Simulator will start without a wave window. If you want to open a wave window go to 'File->New Waveform Configuration' or type 'create_wave_config' in the TCL console."
#   }
# }
# run 1000ns
INFO: [USF-XSim-96] XSim completed. Design snapshot 'reg_file_tb_behav' loaded.
INFO: [USF-XSim-97] XSim simulation ran for 1000ns
launch_simulation: Time (s): cpu = 00:00:04 ; elapsed = 00:00:07 . Memory (MB): peak = 1653.309 ; gain = 25.656
close_sim
INFO: [Simtcl 6-16] Simulation closed
launch_simulation
Command: launch_simulation 
INFO: [Vivado 12-5682] Launching behavioral simulation in 'C:/Users/austi/CPE 233/reg_file/reg_file.sim/sim_1/behav/xsim'
INFO: [SIM-utils-51] Simulation object is 'sim_1'
INFO: [SIM-utils-54] Inspecting design source files for 'reg_file_tb' in fileset 'sim_1'...
INFO: [USF-XSim-97] Finding global include files...
INFO: [USF-XSim-98] Fetching design files from 'sim_1'...
INFO: [USF-XSim-2] XSim::Compile design
INFO: [USF-XSim-61] Executing 'COMPILE and ANALYZE' step in 'C:/Users/austi/CPE 233/reg_file/reg_file.sim/sim_1/behav/xsim'
"xvlog --incr --relax -prj reg_file_tb_vlog.prj"
INFO: [VRFC 10-2263] Analyzing SystemVerilog file "C:/Users/austi/CPE 233/reg_file/reg_file.srcs/sources_1/new/reg_file.sv" into library xil_defaultlib
INFO: [VRFC 10-311] analyzing module reg_file
INFO: [VRFC 10-2263] Analyzing SystemVerilog file "C:/Users/austi/CPE 233/reg_file/reg_file.srcs/sim_1/new/reg_file_tb.sv" into library xil_defaultlib
INFO: [VRFC 10-311] analyzing module reg_file_tb
INFO: [USF-XSim-69] 'compile' step finished in '1' seconds
INFO: [USF-XSim-3] XSim::Elaborate design
INFO: [USF-XSim-61] Executing 'ELABORATE' step in 'C:/Users/austi/CPE 233/reg_file/reg_file.sim/sim_1/behav/xsim'
"xelab -wto 128acdc763f34070a3b6ae9751a7e4f3 --incr --debug typical --relax --mt 2 -L xil_defaultlib -L unisims_ver -L unimacro_ver -L secureip --snapshot reg_file_tb_behav xil_defaultlib.reg_file_tb xil_defaultlib.glbl -log elaborate.log"
Vivado Simulator 2020.1
Copyright 1986-1999, 2001-2020 Xilinx, Inc. All Rights Reserved.
Running: C:/Xilinx/Vivado/2020.1/bin/unwrapped/win64.o/xelab.exe -wto 128acdc763f34070a3b6ae9751a7e4f3 --incr --debug typical --relax --mt 2 -L xil_defaultlib -L unisims_ver -L unimacro_ver -L secureip --snapshot reg_file_tb_behav xil_defaultlib.reg_file_tb xil_defaultlib.glbl -log elaborate.log 
Using 2 slave threads.
Starting static elaboration
Pass Through NonSizing Optimizer
Completed static elaboration
Starting simulation data flow analysis
Completed simulation data flow analysis
Time Resolution for simulation is 1ps
Compiling module xil_defaultlib.reg_file
Compiling module xil_defaultlib.reg_file_tb
Compiling module xil_defaultlib.glbl
Built simulation snapshot reg_file_tb_behav
INFO: [USF-XSim-69] 'elaborate' step finished in '2' seconds
INFO: [USF-XSim-4] XSim::Simulate design
INFO: [USF-XSim-61] Executing 'SIMULATE' step in 'C:/Users/austi/CPE 233/reg_file/reg_file.sim/sim_1/behav/xsim'
INFO: [USF-XSim-98] *** Running xsim
   with args "reg_file_tb_behav -key {Behavioral:sim_1:Functional:reg_file_tb} -tclbatch {reg_file_tb.tcl} -log {simulate.log}"
INFO: [USF-XSim-8] Loading simulator feature
Vivado Simulator 2020.1
Time resolution is 1 ps
source reg_file_tb.tcl
# set curr_wave [current_wave_config]
# if { [string length $curr_wave] == 0 } {
#   if { [llength [get_objects]] > 0} {
#     add_wave /
#     set_property needs_save false [current_wave_config]
#   } else {
#      send_msg_id Add_Wave-1 WARNING "No top level signals found. Simulator will start without a wave window. If you want to open a wave window go to 'File->New Waveform Configuration' or type 'create_wave_config' in the TCL console."
#   }
# }
# run 1000ns
INFO: [USF-XSim-96] XSim completed. Design snapshot 'reg_file_tb_behav' loaded.
INFO: [USF-XSim-97] XSim simulation ran for 1000ns
launch_simulation: Time (s): cpu = 00:00:04 ; elapsed = 00:00:06 . Memory (MB): peak = 1656.090 ; gain = 0.000
close_sim
INFO: [Simtcl 6-16] Simulation closed
launch_simulation
Command: launch_simulation 
INFO: [Vivado 12-5682] Launching behavioral simulation in 'C:/Users/austi/CPE 233/reg_file/reg_file.sim/sim_1/behav/xsim'
INFO: [SIM-utils-51] Simulation object is 'sim_1'
INFO: [SIM-utils-54] Inspecting design source files for 'reg_file_tb' in fileset 'sim_1'...
INFO: [USF-XSim-97] Finding global include files...
INFO: [USF-XSim-98] Fetching design files from 'sim_1'...
INFO: [USF-XSim-2] XSim::Compile design
INFO: [USF-XSim-61] Executing 'COMPILE and ANALYZE' step in 'C:/Users/austi/CPE 233/reg_file/reg_file.sim/sim_1/behav/xsim'
"xvlog --incr --relax -prj reg_file_tb_vlog.prj"
INFO: [VRFC 10-2263] Analyzing SystemVerilog file "C:/Users/austi/CPE 233/reg_file/reg_file.srcs/sources_1/new/reg_file.sv" into library xil_defaultlib
INFO: [VRFC 10-311] analyzing module reg_file
INFO: [VRFC 10-2263] Analyzing SystemVerilog file "C:/Users/austi/CPE 233/reg_file/reg_file.srcs/sim_1/new/reg_file_tb.sv" into library xil_defaultlib
INFO: [VRFC 10-311] analyzing module reg_file_tb
ERROR: [VRFC 10-2989] 'o' is not declared [C:/Users/austi/CPE 233/reg_file/reg_file.srcs/sim_1/new/reg_file_tb.sv:61]
ERROR: [VRFC 10-2865] module 'reg_file_tb' ignored due to previous errors [C:/Users/austi/CPE 233/reg_file/reg_file.srcs/sim_1/new/reg_file_tb.sv:23]
INFO: [USF-XSim-69] 'compile' step finished in '1' seconds
INFO: [USF-XSim-99] Step results log file:'C:/Users/austi/CPE 233/reg_file/reg_file.sim/sim_1/behav/xsim/xvlog.log'
ERROR: [USF-XSim-62] 'compile' step failed with error(s). Please check the Tcl console output or 'C:/Users/austi/CPE 233/reg_file/reg_file.sim/sim_1/behav/xsim/xvlog.log' file for more information.
ERROR: [Vivado 12-4473] Detected error while running simulation. Please correct the issue and retry this operation.
ERROR: [Common 17-39] 'launch_simulation' failed due to earlier errors.
launch_simulation
Command: launch_simulation 
INFO: [Vivado 12-5682] Launching behavioral simulation in 'C:/Users/austi/CPE 233/reg_file/reg_file.sim/sim_1/behav/xsim'
INFO: [SIM-utils-51] Simulation object is 'sim_1'
INFO: [SIM-utils-54] Inspecting design source files for 'reg_file_tb' in fileset 'sim_1'...
INFO: [USF-XSim-97] Finding global include files...
INFO: [USF-XSim-98] Fetching design files from 'sim_1'...
INFO: [USF-XSim-2] XSim::Compile design
INFO: [USF-XSim-61] Executing 'COMPILE and ANALYZE' step in 'C:/Users/austi/CPE 233/reg_file/reg_file.sim/sim_1/behav/xsim'
"xvlog --incr --relax -prj reg_file_tb_vlog.prj"
INFO: [VRFC 10-2263] Analyzing SystemVerilog file "C:/Users/austi/CPE 233/reg_file/reg_file.srcs/sources_1/new/reg_file.sv" into library xil_defaultlib
INFO: [VRFC 10-311] analyzing module reg_file
INFO: [VRFC 10-2263] Analyzing SystemVerilog file "C:/Users/austi/CPE 233/reg_file/reg_file.srcs/sim_1/new/reg_file_tb.sv" into library xil_defaultlib
INFO: [VRFC 10-311] analyzing module reg_file_tb
INFO: [USF-XSim-69] 'compile' step finished in '2' seconds
INFO: [USF-XSim-3] XSim::Elaborate design
INFO: [USF-XSim-61] Executing 'ELABORATE' step in 'C:/Users/austi/CPE 233/reg_file/reg_file.sim/sim_1/behav/xsim'
"xelab -wto 128acdc763f34070a3b6ae9751a7e4f3 --incr --debug typical --relax --mt 2 -L xil_defaultlib -L unisims_ver -L unimacro_ver -L secureip --snapshot reg_file_tb_behav xil_defaultlib.reg_file_tb xil_defaultlib.glbl -log elaborate.log"
Vivado Simulator 2020.1
Copyright 1986-1999, 2001-2020 Xilinx, Inc. All Rights Reserved.
Running: C:/Xilinx/Vivado/2020.1/bin/unwrapped/win64.o/xelab.exe -wto 128acdc763f34070a3b6ae9751a7e4f3 --incr --debug typical --relax --mt 2 -L xil_defaultlib -L unisims_ver -L unimacro_ver -L secureip --snapshot reg_file_tb_behav xil_defaultlib.reg_file_tb xil_defaultlib.glbl -log elaborate.log 
Using 2 slave threads.
Starting static elaboration
Pass Through NonSizing Optimizer
Completed static elaboration
Starting simulation data flow analysis
Completed simulation data flow analysis
Time Resolution for simulation is 1ps
Compiling module xil_defaultlib.reg_file
Compiling module xil_defaultlib.reg_file_tb
Compiling module xil_defaultlib.glbl
Built simulation snapshot reg_file_tb_behav
INFO: [USF-XSim-69] 'elaborate' step finished in '2' seconds
INFO: [USF-XSim-4] XSim::Simulate design
INFO: [USF-XSim-61] Executing 'SIMULATE' step in 'C:/Users/austi/CPE 233/reg_file/reg_file.sim/sim_1/behav/xsim'
INFO: [USF-XSim-98] *** Running xsim
   with args "reg_file_tb_behav -key {Behavioral:sim_1:Functional:reg_file_tb} -tclbatch {reg_file_tb.tcl} -log {simulate.log}"
INFO: [USF-XSim-8] Loading simulator feature
Vivado Simulator 2020.1
Time resolution is 1 ps
source reg_file_tb.tcl
# set curr_wave [current_wave_config]
# if { [string length $curr_wave] == 0 } {
#   if { [llength [get_objects]] > 0} {
#     add_wave /
#     set_property needs_save false [current_wave_config]
#   } else {
#      send_msg_id Add_Wave-1 WARNING "No top level signals found. Simulator will start without a wave window. If you want to open a wave window go to 'File->New Waveform Configuration' or type 'create_wave_config' in the TCL console."
#   }
# }
# run 1000ns
INFO: [USF-XSim-96] XSim completed. Design snapshot 'reg_file_tb_behav' loaded.
INFO: [USF-XSim-97] XSim simulation ran for 1000ns
launch_simulation: Time (s): cpu = 00:00:04 ; elapsed = 00:00:06 . Memory (MB): peak = 1657.508 ; gain = 1.418
close_sim
INFO: [Simtcl 6-16] Simulation closed
launch_simulation
Command: launch_simulation 
INFO: [Vivado 12-5682] Launching behavioral simulation in 'C:/Users/austi/CPE 233/reg_file/reg_file.sim/sim_1/behav/xsim'
INFO: [SIM-utils-51] Simulation object is 'sim_1'
INFO: [SIM-utils-54] Inspecting design source files for 'reg_file_tb' in fileset 'sim_1'...
INFO: [USF-XSim-97] Finding global include files...
INFO: [USF-XSim-98] Fetching design files from 'sim_1'...
INFO: [USF-XSim-2] XSim::Compile design
INFO: [USF-XSim-61] Executing 'COMPILE and ANALYZE' step in 'C:/Users/austi/CPE 233/reg_file/reg_file.sim/sim_1/behav/xsim'
"xvlog --incr --relax -prj reg_file_tb_vlog.prj"
INFO: [VRFC 10-2263] Analyzing SystemVerilog file "C:/Users/austi/CPE 233/reg_file/reg_file.srcs/sources_1/new/reg_file.sv" into library xil_defaultlib
INFO: [VRFC 10-311] analyzing module reg_file
INFO: [VRFC 10-2263] Analyzing SystemVerilog file "C:/Users/austi/CPE 233/reg_file/reg_file.srcs/sim_1/new/reg_file_tb.sv" into library xil_defaultlib
INFO: [VRFC 10-311] analyzing module reg_file_tb
INFO: [USF-XSim-69] 'compile' step finished in '1' seconds
INFO: [USF-XSim-3] XSim::Elaborate design
INFO: [USF-XSim-61] Executing 'ELABORATE' step in 'C:/Users/austi/CPE 233/reg_file/reg_file.sim/sim_1/behav/xsim'
"xelab -wto 128acdc763f34070a3b6ae9751a7e4f3 --incr --debug typical --relax --mt 2 -L xil_defaultlib -L unisims_ver -L unimacro_ver -L secureip --snapshot reg_file_tb_behav xil_defaultlib.reg_file_tb xil_defaultlib.glbl -log elaborate.log"
Vivado Simulator 2020.1
Copyright 1986-1999, 2001-2020 Xilinx, Inc. All Rights Reserved.
Running: C:/Xilinx/Vivado/2020.1/bin/unwrapped/win64.o/xelab.exe -wto 128acdc763f34070a3b6ae9751a7e4f3 --incr --debug typical --relax --mt 2 -L xil_defaultlib -L unisims_ver -L unimacro_ver -L secureip --snapshot reg_file_tb_behav xil_defaultlib.reg_file_tb xil_defaultlib.glbl -log elaborate.log 
Using 2 slave threads.
Starting static elaboration
Pass Through NonSizing Optimizer
Completed static elaboration
Starting simulation data flow analysis
Completed simulation data flow analysis
Time Resolution for simulation is 1ps
Compiling module xil_defaultlib.reg_file
Compiling module xil_defaultlib.reg_file_tb
Compiling module xil_defaultlib.glbl
Built simulation snapshot reg_file_tb_behav
INFO: [USF-XSim-69] 'elaborate' step finished in '1' seconds
INFO: [USF-XSim-4] XSim::Simulate design
INFO: [USF-XSim-61] Executing 'SIMULATE' step in 'C:/Users/austi/CPE 233/reg_file/reg_file.sim/sim_1/behav/xsim'
INFO: [USF-XSim-98] *** Running xsim
   with args "reg_file_tb_behav -key {Behavioral:sim_1:Functional:reg_file_tb} -tclbatch {reg_file_tb.tcl} -log {simulate.log}"
INFO: [USF-XSim-8] Loading simulator feature
Vivado Simulator 2020.1
Time resolution is 1 ps
source reg_file_tb.tcl
# set curr_wave [current_wave_config]
# if { [string length $curr_wave] == 0 } {
#   if { [llength [get_objects]] > 0} {
#     add_wave /
#     set_property needs_save false [current_wave_config]
#   } else {
#      send_msg_id Add_Wave-1 WARNING "No top level signals found. Simulator will start without a wave window. If you want to open a wave window go to 'File->New Waveform Configuration' or type 'create_wave_config' in the TCL console."
#   }
# }
# run 1000ns
INFO: [USF-XSim-96] XSim completed. Design snapshot 'reg_file_tb_behav' loaded.
INFO: [USF-XSim-97] XSim simulation ran for 1000ns
launch_simulation: Time (s): cpu = 00:00:05 ; elapsed = 00:00:06 . Memory (MB): peak = 1659.992 ; gain = 0.000
close_sim
INFO: [Simtcl 6-16] Simulation closed
close_project
create_project ALU_IMMED_GEN {C:/Users/austi/CPE 233/ALU_IMMED_GEN} -part xc7a35tcpg236-1
INFO: [IP_Flow 19-234] Refreshing IP repositories
INFO: [IP_Flow 19-1704] No user IP repositories specified
INFO: [IP_Flow 19-2313] Loaded Vivado IP repository 'C:/Xilinx/Vivado/2020.1/data/ip'.
file mkdir C:/Users/austi/CPE 233/ALU_IMMED_GEN/ALU_IMMED_GEN.srcs/sources_1/new
file mkdir C:/Users/austi/CPE 233/ALU_IMMED_GEN/ALU_IMMED_GEN.srcs/sources_1/new
file mkdir C:/Users/austi/CPE 233/ALU_IMMED_GEN/ALU_IMMED_GEN.srcs/sources_1/new
file mkdir C:/Users/austi/CPE 233/ALU_IMMED_GEN/ALU_IMMED_GEN.srcs/sources_1/new
file mkdir C:/Users/austi/CPE 233/ALU_IMMED_GEN/ALU_IMMED_GEN.srcs/sources_1/new
file mkdir {C:/Users/austi/CPE 233/ALU_IMMED_GEN/ALU_IMMED_GEN.srcs/sources_1/new}
close [ open {C:/Users/austi/CPE 233/ALU_IMMED_GEN/ALU_IMMED_GEN.srcs/sources_1/new/IMMED_GEN.v} w ]
add_files {{C:/Users/austi/CPE 233/ALU_IMMED_GEN/ALU_IMMED_GEN.srcs/sources_1/new/IMMED_GEN.v}}
close [ open {C:/Users/austi/CPE 233/ALU_IMMED_GEN/ALU_IMMED_GEN.srcs/sources_1/new/ALU.sv} w ]
add_files {{C:/Users/austi/CPE 233/ALU_IMMED_GEN/ALU_IMMED_GEN.srcs/sources_1/new/ALU.sv}}
update_compile_order -fileset sources_1
export_ip_user_files -of_objects  [get_files {{C:/Users/austi/CPE 233/ALU_IMMED_GEN/ALU_IMMED_GEN.srcs/sources_1/new/ALU.sv}}] -no_script -reset -force -quiet
remove_files  {{C:/Users/austi/CPE 233/ALU_IMMED_GEN/ALU_IMMED_GEN.srcs/sources_1/new/ALU.sv}}
file delete -force {C:/Users/austi/CPE 233/ALU_IMMED_GEN/ALU_IMMED_GEN.srcs/sources_1/new/ALU.sv}
close [ open {C:/Users/austi/CPE 233/ALU_IMMED_GEN/ALU_IMMED_GEN.srcs/sources_1/new/ALU.sv} w ]
add_files {{C:/Users/austi/CPE 233/ALU_IMMED_GEN/ALU_IMMED_GEN.srcs/sources_1/new/ALU.sv}}
update_compile_order -fileset sources_1
WARNING: [filemgmt 56-199] Attempt to get parsing info during refresh. "On-the-fly" syntax checking information may be incorrect. [C:\Users\austi\CPE 233\ALU_IMMED_GEN\ALU_IMMED_GEN.srcs\sources_1\new\IMMED_GEN.v:]
WARNING: [filemgmt 56-199] Attempt to get parsing info during refresh. "On-the-fly" syntax checking information may be incorrect. [C:\Users\austi\CPE 233\ALU_IMMED_GEN\ALU_IMMED_GEN.srcs\sources_1\new\ALU.sv:]
ERROR: [Common 17-180] Spawn failed: No error
WARNING: [filemgmt 56-199] Attempt to get parsing info during refresh. "On-the-fly" syntax checking information may be incorrect. [C:\Users\austi\CPE 233\ALU_IMMED_GEN\ALU_IMMED_GEN.srcs\sources_1\new\IMMED_GEN.v:]
WARNING: [filemgmt 56-199] Attempt to get parsing info during refresh. "On-the-fly" syntax checking information may be incorrect. [C:\Users\austi\CPE 233\ALU_IMMED_GEN\ALU_IMMED_GEN.srcs\sources_1\new\ALU.sv:]
ERROR: [Common 17-180] Spawn failed: No error
WARNING: [filemgmt 56-199] Attempt to get parsing info during refresh. "On-the-fly" syntax checking information may be incorrect. [C:\Users\austi\CPE 233\ALU_IMMED_GEN\ALU_IMMED_GEN.srcs\sources_1\new\IMMED_GEN.v:]
WARNING: [filemgmt 56-199] Attempt to get parsing info during refresh. "On-the-fly" syntax checking information may be incorrect. [C:\Users\austi\CPE 233\ALU_IMMED_GEN\ALU_IMMED_GEN.srcs\sources_1\new\ALU.sv:]
ERROR: [Common 17-180] Spawn failed: No error
WARNING: [filemgmt 56-199] Attempt to get parsing info during refresh. "On-the-fly" syntax checking information may be incorrect. [C:\Users\austi\CPE 233\ALU_IMMED_GEN\ALU_IMMED_GEN.srcs\sources_1\new\IMMED_GEN.v:]
WARNING: [filemgmt 56-199] Attempt to get parsing info during refresh. "On-the-fly" syntax checking information may be incorrect. [C:\Users\austi\CPE 233\ALU_IMMED_GEN\ALU_IMMED_GEN.srcs\sources_1\new\ALU.sv:]
WARNING: [filemgmt 56-199] Attempt to get parsing info during refresh. "On-the-fly" syntax checking information may be incorrect. [C:\Users\austi\CPE 233\ALU_IMMED_GEN\ALU_IMMED_GEN.srcs\sources_1\new\IMMED_GEN.v:]
WARNING: [filemgmt 56-199] Attempt to get parsing info during refresh. "On-the-fly" syntax checking information may be incorrect. [C:\Users\austi\CPE 233\ALU_IMMED_GEN\ALU_IMMED_GEN.srcs\sources_1\new\ALU.sv:]
ERROR: [Common 17-180] Spawn failed: No error
WARNING: [filemgmt 56-199] Attempt to get parsing info during refresh. "On-the-fly" syntax checking information may be incorrect. [C:\Users\austi\CPE 233\ALU_IMMED_GEN\ALU_IMMED_GEN.srcs\sources_1\new\IMMED_GEN.v:]
WARNING: [filemgmt 56-199] Attempt to get parsing info during refresh. "On-the-fly" syntax checking information may be incorrect. [C:\Users\austi\CPE 233\ALU_IMMED_GEN\ALU_IMMED_GEN.srcs\sources_1\new\ALU.sv:]
ERROR: [Common 17-180] Spawn failed: No error
WARNING: [filemgmt 56-199] Attempt to get parsing info during refresh. "On-the-fly" syntax checking information may be incorrect. [C:\Users\austi\CPE 233\ALU_IMMED_GEN\ALU_IMMED_GEN.srcs\sources_1\new\IMMED_GEN.v:]
WARNING: [filemgmt 56-199] Attempt to get parsing info during refresh. "On-the-fly" syntax checking information may be incorrect. [C:\Users\austi\CPE 233\ALU_IMMED_GEN\ALU_IMMED_GEN.srcs\sources_1\new\ALU.sv:]
ERROR: [Common 17-180] Spawn failed: No error
WARNING: [filemgmt 56-199] Attempt to get parsing info during refresh. "On-the-fly" syntax checking information may be incorrect. [C:\Users\austi\CPE 233\ALU_IMMED_GEN\ALU_IMMED_GEN.srcs\sources_1\new\IMMED_GEN.v:]
WARNING: [filemgmt 56-199] Attempt to get parsing info during refresh. "On-the-fly" syntax checking information may be incorrect. [C:\Users\austi\CPE 233\ALU_IMMED_GEN\ALU_IMMED_GEN.srcs\sources_1\new\ALU.sv:]
ERROR: [Common 17-180] Spawn failed: No error
WARNING: [filemgmt 56-199] Attempt to get parsing info during refresh. "On-the-fly" syntax checking information may be incorrect. [C:\Users\austi\CPE 233\ALU_IMMED_GEN\ALU_IMMED_GEN.srcs\sources_1\new\IMMED_GEN.v:]
WARNING: [filemgmt 56-199] Attempt to get parsing info during refresh. "On-the-fly" syntax checking information may be incorrect. [C:\Users\austi\CPE 233\ALU_IMMED_GEN\ALU_IMMED_GEN.srcs\sources_1\new\ALU.sv:]
ERROR: [Common 17-180] Spawn failed: No error
WARNING: [filemgmt 56-199] Attempt to get parsing info during refresh. "On-the-fly" syntax checking information may be incorrect. [C:\Users\austi\CPE 233\ALU_IMMED_GEN\ALU_IMMED_GEN.srcs\sources_1\new\IMMED_GEN.v:]
WARNING: [filemgmt 56-199] Attempt to get parsing info during refresh. "On-the-fly" syntax checking information may be incorrect. [C:\Users\austi\CPE 233\ALU_IMMED_GEN\ALU_IMMED_GEN.srcs\sources_1\new\ALU.sv:]
ERROR: [Common 17-180] Spawn failed: No error
WARNING: [filemgmt 56-199] Attempt to get parsing info during refresh. "On-the-fly" syntax checking information may be incorrect. [C:\Users\austi\CPE 233\ALU_IMMED_GEN\ALU_IMMED_GEN.srcs\sources_1\new\IMMED_GEN.v:]
WARNING: [filemgmt 56-199] Attempt to get parsing info during refresh. "On-the-fly" syntax checking information may be incorrect. [C:\Users\austi\CPE 233\ALU_IMMED_GEN\ALU_IMMED_GEN.srcs\sources_1\new\ALU.sv:]
ERROR: [Common 17-180] Spawn failed: No error
WARNING: [filemgmt 56-199] Attempt to get parsing info during refresh. "On-the-fly" syntax checking information may be incorrect. [C:\Users\austi\CPE 233\ALU_IMMED_GEN\ALU_IMMED_GEN.srcs\sources_1\new\IMMED_GEN.v:]
WARNING: [filemgmt 56-199] Attempt to get parsing info during refresh. "On-the-fly" syntax checking information may be incorrect. [C:\Users\austi\CPE 233\ALU_IMMED_GEN\ALU_IMMED_GEN.srcs\sources_1\new\ALU.sv:]
ERROR: [Common 17-180] Spawn failed: No error
WARNING: [filemgmt 56-199] Attempt to get parsing info during refresh. "On-the-fly" syntax checking information may be incorrect. [C:\Users\austi\CPE 233\ALU_IMMED_GEN\ALU_IMMED_GEN.srcs\sources_1\new\IMMED_GEN.v:]
WARNING: [filemgmt 56-199] Attempt to get parsing info during refresh. "On-the-fly" syntax checking information may be incorrect. [C:\Users\austi\CPE 233\ALU_IMMED_GEN\ALU_IMMED_GEN.srcs\sources_1\new\ALU.sv:]
ERROR: [Common 17-180] Spawn failed: No error
WARNING: [filemgmt 56-199] Attempt to get parsing info during refresh. "On-the-fly" syntax checking information may be incorrect. [C:\Users\austi\CPE 233\ALU_IMMED_GEN\ALU_IMMED_GEN.srcs\sources_1\new\IMMED_GEN.v:]
WARNING: [filemgmt 56-199] Attempt to get parsing info during refresh. "On-the-fly" syntax checking information may be incorrect. [C:\Users\austi\CPE 233\ALU_IMMED_GEN\ALU_IMMED_GEN.srcs\sources_1\new\ALU.sv:]
ERROR: [Common 17-180] Spawn failed: No error
WARNING: [filemgmt 56-199] Attempt to get parsing info during refresh. "On-the-fly" syntax checking information may be incorrect. [C:\Users\austi\CPE 233\ALU_IMMED_GEN\ALU_IMMED_GEN.srcs\sources_1\new\IMMED_GEN.v:]
WARNING: [filemgmt 56-199] Attempt to get parsing info during refresh. "On-the-fly" syntax checking information may be incorrect. [C:\Users\austi\CPE 233\ALU_IMMED_GEN\ALU_IMMED_GEN.srcs\sources_1\new\ALU.sv:]
ERROR: [Common 17-180] Spawn failed: No error
WARNING: [filemgmt 56-199] Attempt to get parsing info during refresh. "On-the-fly" syntax checking information may be incorrect. [C:\Users\austi\CPE 233\ALU_IMMED_GEN\ALU_IMMED_GEN.srcs\sources_1\new\IMMED_GEN.v:]
WARNING: [filemgmt 56-199] Attempt to get parsing info during refresh. "On-the-fly" syntax checking information may be incorrect. [C:\Users\austi\CPE 233\ALU_IMMED_GEN\ALU_IMMED_GEN.srcs\sources_1\new\ALU.sv:]
ERROR: [Common 17-180] Spawn failed: No error
WARNING: [filemgmt 56-199] Attempt to get parsing info during refresh. "On-the-fly" syntax checking information may be incorrect. [C:\Users\austi\CPE 233\ALU_IMMED_GEN\ALU_IMMED_GEN.srcs\sources_1\new\IMMED_GEN.v:]
WARNING: [filemgmt 56-199] Attempt to get parsing info during refresh. "On-the-fly" syntax checking information may be incorrect. [C:\Users\austi\CPE 233\ALU_IMMED_GEN\ALU_IMMED_GEN.srcs\sources_1\new\ALU.sv:]
WARNING: [filemgmt 56-199] Attempt to get parsing info during refresh. "On-the-fly" syntax checking information may be incorrect. [C:\Users\austi\CPE 233\ALU_IMMED_GEN\ALU_IMMED_GEN.srcs\sources_1\new\IMMED_GEN.v:]
WARNING: [filemgmt 56-199] Attempt to get parsing info during refresh. "On-the-fly" syntax checking information may be incorrect. [C:\Users\austi\CPE 233\ALU_IMMED_GEN\ALU_IMMED_GEN.srcs\sources_1\new\ALU.sv:]
ERROR: [Common 17-180] Spawn failed: No error
WARNING: [filemgmt 56-199] Attempt to get parsing info during refresh. "On-the-fly" syntax checking information may be incorrect. [C:\Users\austi\CPE 233\ALU_IMMED_GEN\ALU_IMMED_GEN.srcs\sources_1\new\IMMED_GEN.v:]
WARNING: [filemgmt 56-199] Attempt to get parsing info during refresh. "On-the-fly" syntax checking information may be incorrect. [C:\Users\austi\CPE 233\ALU_IMMED_GEN\ALU_IMMED_GEN.srcs\sources_1\new\ALU.sv:]
WARNING: [filemgmt 56-199] Attempt to get parsing info during refresh. "On-the-fly" syntax checking information may be incorrect. [C:\Users\austi\CPE 233\ALU_IMMED_GEN\ALU_IMMED_GEN.srcs\sources_1\new\IMMED_GEN.v:]
WARNING: [filemgmt 56-199] Attempt to get parsing info during refresh. "On-the-fly" syntax checking information may be incorrect. [C:\Users\austi\CPE 233\ALU_IMMED_GEN\ALU_IMMED_GEN.srcs\sources_1\new\ALU.sv:]
ERROR: [Common 17-180] Spawn failed: No error
WARNING: [filemgmt 56-199] Attempt to get parsing info during refresh. "On-the-fly" syntax checking information may be incorrect. [C:\Users\austi\CPE 233\ALU_IMMED_GEN\ALU_IMMED_GEN.srcs\sources_1\new\IMMED_GEN.v:]
WARNING: [filemgmt 56-199] Attempt to get parsing info during refresh. "On-the-fly" syntax checking information may be incorrect. [C:\Users\austi\CPE 233\ALU_IMMED_GEN\ALU_IMMED_GEN.srcs\sources_1\new\ALU.sv:]
ERROR: [Common 17-180] Spawn failed: No error
WARNING: [filemgmt 56-199] Attempt to get parsing info during refresh. "On-the-fly" syntax checking information may be incorrect. [C:\Users\austi\CPE 233\ALU_IMMED_GEN\ALU_IMMED_GEN.srcs\sources_1\new\IMMED_GEN.v:]
WARNING: [filemgmt 56-199] Attempt to get parsing info during refresh. "On-the-fly" syntax checking information may be incorrect. [C:\Users\austi\CPE 233\ALU_IMMED_GEN\ALU_IMMED_GEN.srcs\sources_1\new\ALU.sv:]
WARNING: [filemgmt 56-199] Attempt to get parsing info during refresh. "On-the-fly" syntax checking information may be incorrect. [C:\Users\austi\CPE 233\ALU_IMMED_GEN\ALU_IMMED_GEN.srcs\sources_1\new\IMMED_GEN.v:]
WARNING: [filemgmt 56-199] Attempt to get parsing info during refresh. "On-the-fly" syntax checking information may be incorrect. [C:\Users\austi\CPE 233\ALU_IMMED_GEN\ALU_IMMED_GEN.srcs\sources_1\new\ALU.sv:]
ERROR: [Common 17-180] Spawn failed: No error
WARNING: [filemgmt 56-199] Attempt to get parsing info during refresh. "On-the-fly" syntax checking information may be incorrect. [C:\Users\austi\CPE 233\ALU_IMMED_GEN\ALU_IMMED_GEN.srcs\sources_1\new\IMMED_GEN.v:]
WARNING: [filemgmt 56-199] Attempt to get parsing info during refresh. "On-the-fly" syntax checking information may be incorrect. [C:\Users\austi\CPE 233\ALU_IMMED_GEN\ALU_IMMED_GEN.srcs\sources_1\new\ALU.sv:]
ERROR: [Common 17-180] Spawn failed: No error
WARNING: [filemgmt 56-199] Attempt to get parsing info during refresh. "On-the-fly" syntax checking information may be incorrect. [C:\Users\austi\CPE 233\ALU_IMMED_GEN\ALU_IMMED_GEN.srcs\sources_1\new\IMMED_GEN.v:]
WARNING: [filemgmt 56-199] Attempt to get parsing info during refresh. "On-the-fly" syntax checking information may be incorrect. [C:\Users\austi\CPE 233\ALU_IMMED_GEN\ALU_IMMED_GEN.srcs\sources_1\new\ALU.sv:]
ERROR: [Common 17-180] Spawn failed: No error
WARNING: [filemgmt 56-199] Attempt to get parsing info during refresh. "On-the-fly" syntax checking information may be incorrect. [C:\Users\austi\CPE 233\ALU_IMMED_GEN\ALU_IMMED_GEN.srcs\sources_1\new\IMMED_GEN.v:]
WARNING: [filemgmt 56-199] Attempt to get parsing info during refresh. "On-the-fly" syntax checking information may be incorrect. [C:\Users\austi\CPE 233\ALU_IMMED_GEN\ALU_IMMED_GEN.srcs\sources_1\new\ALU.sv:]
ERROR: [Common 17-180] Spawn failed: No error
WARNING: [filemgmt 56-199] Attempt to get parsing info during refresh. "On-the-fly" syntax checking information may be incorrect. [C:\Users\austi\CPE 233\ALU_IMMED_GEN\ALU_IMMED_GEN.srcs\sources_1\new\IMMED_GEN.v:]
WARNING: [filemgmt 56-199] Attempt to get parsing info during refresh. "On-the-fly" syntax checking information may be incorrect. [C:\Users\austi\CPE 233\ALU_IMMED_GEN\ALU_IMMED_GEN.srcs\sources_1\new\ALU.sv:]
ERROR: [Common 17-180] Spawn failed: No error
WARNING: [filemgmt 56-199] Attempt to get parsing info during refresh. "On-the-fly" syntax checking information may be incorrect. [C:\Users\austi\CPE 233\ALU_IMMED_GEN\ALU_IMMED_GEN.srcs\sources_1\new\IMMED_GEN.v:]
WARNING: [filemgmt 56-199] Attempt to get parsing info during refresh. "On-the-fly" syntax checking information may be incorrect. [C:\Users\austi\CPE 233\ALU_IMMED_GEN\ALU_IMMED_GEN.srcs\sources_1\new\ALU.sv:]
ERROR: [Common 17-180] Spawn failed: No error
WARNING: [filemgmt 56-199] Attempt to get parsing info during refresh. "On-the-fly" syntax checking information may be incorrect. [C:\Users\austi\CPE 233\ALU_IMMED_GEN\ALU_IMMED_GEN.srcs\sources_1\new\IMMED_GEN.v:]
WARNING: [filemgmt 56-199] Attempt to get parsing info during refresh. "On-the-fly" syntax checking information may be incorrect. [C:\Users\austi\CPE 233\ALU_IMMED_GEN\ALU_IMMED_GEN.srcs\sources_1\new\ALU.sv:]
WARNING: [filemgmt 56-199] Attempt to get parsing info during refresh. "On-the-fly" syntax checking information may be incorrect. [C:\Users\austi\CPE 233\ALU_IMMED_GEN\ALU_IMMED_GEN.srcs\sources_1\new\IMMED_GEN.v:]
WARNING: [filemgmt 56-199] Attempt to get parsing info during refresh. "On-the-fly" syntax checking information may be incorrect. [C:\Users\austi\CPE 233\ALU_IMMED_GEN\ALU_IMMED_GEN.srcs\sources_1\new\ALU.sv:]
ERROR: [Common 17-180] Spawn failed: No error
WARNING: [filemgmt 56-199] Attempt to get parsing info during refresh. "On-the-fly" syntax checking information may be incorrect. [C:\Users\austi\CPE 233\ALU_IMMED_GEN\ALU_IMMED_GEN.srcs\sources_1\new\IMMED_GEN.v:]
WARNING: [filemgmt 56-199] Attempt to get parsing info during refresh. "On-the-fly" syntax checking information may be incorrect. [C:\Users\austi\CPE 233\ALU_IMMED_GEN\ALU_IMMED_GEN.srcs\sources_1\new\ALU.sv:]
ERROR: [Common 17-180] Spawn failed: No error
WARNING: [filemgmt 56-199] Attempt to get parsing info during refresh. "On-the-fly" syntax checking information may be incorrect. [C:\Users\austi\CPE 233\ALU_IMMED_GEN\ALU_IMMED_GEN.srcs\sources_1\new\IMMED_GEN.v:]
WARNING: [filemgmt 56-199] Attempt to get parsing info during refresh. "On-the-fly" syntax checking information may be incorrect. [C:\Users\austi\CPE 233\ALU_IMMED_GEN\ALU_IMMED_GEN.srcs\sources_1\new\ALU.sv:]
WARNING: [filemgmt 56-199] Attempt to get parsing info during refresh. "On-the-fly" syntax checking information may be incorrect. [C:\Users\austi\CPE 233\ALU_IMMED_GEN\ALU_IMMED_GEN.srcs\sources_1\new\IMMED_GEN.v:]
WARNING: [filemgmt 56-199] Attempt to get parsing info during refresh. "On-the-fly" syntax checking information may be incorrect. [C:\Users\austi\CPE 233\ALU_IMMED_GEN\ALU_IMMED_GEN.srcs\sources_1\new\ALU.sv:]
ERROR: [Common 17-180] Spawn failed: No error
WARNING: [filemgmt 56-199] Attempt to get parsing info during refresh. "On-the-fly" syntax checking information may be incorrect. [C:\Users\austi\CPE 233\ALU_IMMED_GEN\ALU_IMMED_GEN.srcs\sources_1\new\IMMED_GEN.v:]
WARNING: [filemgmt 56-199] Attempt to get parsing info during refresh. "On-the-fly" syntax checking information may be incorrect. [C:\Users\austi\CPE 233\ALU_IMMED_GEN\ALU_IMMED_GEN.srcs\sources_1\new\ALU.sv:]
ERROR: [Common 17-180] Spawn failed: No error
WARNING: [filemgmt 56-199] Attempt to get parsing info during refresh. "On-the-fly" syntax checking information may be incorrect. [C:\Users\austi\CPE 233\ALU_IMMED_GEN\ALU_IMMED_GEN.srcs\sources_1\new\IMMED_GEN.v:]
WARNING: [filemgmt 56-199] Attempt to get parsing info during refresh. "On-the-fly" syntax checking information may be incorrect. [C:\Users\austi\CPE 233\ALU_IMMED_GEN\ALU_IMMED_GEN.srcs\sources_1\new\ALU.sv:]
ERROR: [Common 17-180] Spawn failed: No error
WARNING: [filemgmt 56-199] Attempt to get parsing info during refresh. "On-the-fly" syntax checking information may be incorrect. [C:\Users\austi\CPE 233\ALU_IMMED_GEN\ALU_IMMED_GEN.srcs\sources_1\new\IMMED_GEN.v:]
WARNING: [filemgmt 56-199] Attempt to get parsing info during refresh. "On-the-fly" syntax checking information may be incorrect. [C:\Users\austi\CPE 233\ALU_IMMED_GEN\ALU_IMMED_GEN.srcs\sources_1\new\ALU.sv:]
ERROR: [Common 17-180] Spawn failed: No error
WARNING: [filemgmt 56-199] Attempt to get parsing info during refresh. "On-the-fly" syntax checking information may be incorrect. [C:\Users\austi\CPE 233\ALU_IMMED_GEN\ALU_IMMED_GEN.srcs\sources_1\new\IMMED_GEN.v:]
WARNING: [filemgmt 56-199] Attempt to get parsing info during refresh. "On-the-fly" syntax checking information may be incorrect. [C:\Users\austi\CPE 233\ALU_IMMED_GEN\ALU_IMMED_GEN.srcs\sources_1\new\ALU.sv:]
WARNING: [filemgmt 56-199] Attempt to get parsing info during refresh. "On-the-fly" syntax checking information may be incorrect. [C:\Users\austi\CPE 233\ALU_IMMED_GEN\ALU_IMMED_GEN.srcs\sources_1\new\IMMED_GEN.v:]
WARNING: [filemgmt 56-199] Attempt to get parsing info during refresh. "On-the-fly" syntax checking information may be incorrect. [C:\Users\austi\CPE 233\ALU_IMMED_GEN\ALU_IMMED_GEN.srcs\sources_1\new\ALU.sv:]
ERROR: [Common 17-180] Spawn failed: No error
WARNING: [filemgmt 56-199] Attempt to get parsing info during refresh. "On-the-fly" syntax checking information may be incorrect. [C:\Users\austi\CPE 233\ALU_IMMED_GEN\ALU_IMMED_GEN.srcs\sources_1\new\IMMED_GEN.v:]
WARNING: [filemgmt 56-199] Attempt to get parsing info during refresh. "On-the-fly" syntax checking information may be incorrect. [C:\Users\austi\CPE 233\ALU_IMMED_GEN\ALU_IMMED_GEN.srcs\sources_1\new\ALU.sv:]
ERROR: [Common 17-180] Spawn failed: No error
WARNING: [filemgmt 56-199] Attempt to get parsing info during refresh. "On-the-fly" syntax checking information may be incorrect. [C:\Users\austi\CPE 233\ALU_IMMED_GEN\ALU_IMMED_GEN.srcs\sources_1\new\IMMED_GEN.v:]
WARNING: [filemgmt 56-199] Attempt to get parsing info during refresh. "On-the-fly" syntax checking information may be incorrect. [C:\Users\austi\CPE 233\ALU_IMMED_GEN\ALU_IMMED_GEN.srcs\sources_1\new\ALU.sv:]
WARNING: [filemgmt 56-199] Attempt to get parsing info during refresh. "On-the-fly" syntax checking information may be incorrect. [C:\Users\austi\CPE 233\ALU_IMMED_GEN\ALU_IMMED_GEN.srcs\sources_1\new\IMMED_GEN.v:]
WARNING: [filemgmt 56-199] Attempt to get parsing info during refresh. "On-the-fly" syntax checking information may be incorrect. [C:\Users\austi\CPE 233\ALU_IMMED_GEN\ALU_IMMED_GEN.srcs\sources_1\new\ALU.sv:]
ERROR: [Common 17-180] Spawn failed: No error
WARNING: [filemgmt 56-199] Attempt to get parsing info during refresh. "On-the-fly" syntax checking information may be incorrect. [C:\Users\austi\CPE 233\ALU_IMMED_GEN\ALU_IMMED_GEN.srcs\sources_1\new\IMMED_GEN.v:]
WARNING: [filemgmt 56-199] Attempt to get parsing info during refresh. "On-the-fly" syntax checking information may be incorrect. [C:\Users\austi\CPE 233\ALU_IMMED_GEN\ALU_IMMED_GEN.srcs\sources_1\new\ALU.sv:]
ERROR: [Common 17-180] Spawn failed: No error
WARNING: [filemgmt 56-199] Attempt to get parsing info during refresh. "On-the-fly" syntax checking information may be incorrect. [C:\Users\austi\CPE 233\ALU_IMMED_GEN\ALU_IMMED_GEN.srcs\sources_1\new\IMMED_GEN.v:]
WARNING: [filemgmt 56-199] Attempt to get parsing info during refresh. "On-the-fly" syntax checking information may be incorrect. [C:\Users\austi\CPE 233\ALU_IMMED_GEN\ALU_IMMED_GEN.srcs\sources_1\new\ALU.sv:]
WARNING: [filemgmt 56-199] Attempt to get parsing info during refresh. "On-the-fly" syntax checking information may be incorrect. [C:\Users\austi\CPE 233\ALU_IMMED_GEN\ALU_IMMED_GEN.srcs\sources_1\new\IMMED_GEN.v:]
WARNING: [filemgmt 56-199] Attempt to get parsing info during refresh. "On-the-fly" syntax checking information may be incorrect. [C:\Users\austi\CPE 233\ALU_IMMED_GEN\ALU_IMMED_GEN.srcs\sources_1\new\ALU.sv:]
ERROR: [Common 17-180] Spawn failed: No error
WARNING: [filemgmt 56-199] Attempt to get parsing info during refresh. "On-the-fly" syntax checking information may be incorrect. [C:\Users\austi\CPE 233\ALU_IMMED_GEN\ALU_IMMED_GEN.srcs\sources_1\new\IMMED_GEN.v:]
WARNING: [filemgmt 56-199] Attempt to get parsing info during refresh. "On-the-fly" syntax checking information may be incorrect. [C:\Users\austi\CPE 233\ALU_IMMED_GEN\ALU_IMMED_GEN.srcs\sources_1\new\ALU.sv:]
ERROR: [Common 17-180] Spawn failed: No error
WARNING: [filemgmt 56-199] Attempt to get parsing info during refresh. "On-the-fly" syntax checking information may be incorrect. [C:\Users\austi\CPE 233\ALU_IMMED_GEN\ALU_IMMED_GEN.srcs\sources_1\new\IMMED_GEN.v:]
WARNING: [filemgmt 56-199] Attempt to get parsing info during refresh. "On-the-fly" syntax checking information may be incorrect. [C:\Users\austi\CPE 233\ALU_IMMED_GEN\ALU_IMMED_GEN.srcs\sources_1\new\ALU.sv:]
ERROR: [Common 17-180] Spawn failed: No error
WARNING: [filemgmt 56-199] Attempt to get parsing info during refresh. "On-the-fly" syntax checking information may be incorrect. [C:\Users\austi\CPE 233\ALU_IMMED_GEN\ALU_IMMED_GEN.srcs\sources_1\new\IMMED_GEN.v:]
WARNING: [filemgmt 56-199] Attempt to get parsing info during refresh. "On-the-fly" syntax checking information may be incorrect. [C:\Users\austi\CPE 233\ALU_IMMED_GEN\ALU_IMMED_GEN.srcs\sources_1\new\ALU.sv:]
WARNING: [filemgmt 56-199] Attempt to get parsing info during refresh. "On-the-fly" syntax checking information may be incorrect. [C:\Users\austi\CPE 233\ALU_IMMED_GEN\ALU_IMMED_GEN.srcs\sources_1\new\IMMED_GEN.v:]
WARNING: [filemgmt 56-199] Attempt to get parsing info during refresh. "On-the-fly" syntax checking information may be incorrect. [C:\Users\austi\CPE 233\ALU_IMMED_GEN\ALU_IMMED_GEN.srcs\sources_1\new\ALU.sv:]
ERROR: [Common 17-180] Spawn failed: No error
WARNING: [filemgmt 56-199] Attempt to get parsing info during refresh. "On-the-fly" syntax checking information may be incorrect. [C:\Users\austi\CPE 233\ALU_IMMED_GEN\ALU_IMMED_GEN.srcs\sources_1\new\IMMED_GEN.v:]
WARNING: [filemgmt 56-199] Attempt to get parsing info during refresh. "On-the-fly" syntax checking information may be incorrect. [C:\Users\austi\CPE 233\ALU_IMMED_GEN\ALU_IMMED_GEN.srcs\sources_1\new\ALU.sv:]
ERROR: [Common 17-180] Spawn failed: No error
WARNING: [filemgmt 56-199] Attempt to get parsing info during refresh. "On-the-fly" syntax checking information may be incorrect. [C:\Users\austi\CPE 233\ALU_IMMED_GEN\ALU_IMMED_GEN.srcs\sources_1\new\IMMED_GEN.v:]
WARNING: [filemgmt 56-199] Attempt to get parsing info during refresh. "On-the-fly" syntax checking information may be incorrect. [C:\Users\austi\CPE 233\ALU_IMMED_GEN\ALU_IMMED_GEN.srcs\sources_1\new\ALU.sv:]
INFO: [Common 17-14] Message 'filemgmt 56-199' appears 100 times and further instances of the messages will be disabled. Use the Tcl command set_msg_config to change the current settings.
ERROR: [Common 17-180] Spawn failed: No error
ERROR: [Common 17-180] Spawn failed: No error
ERROR: [Common 17-180] Spawn failed: No error
ERROR: [Common 17-180] Spawn failed: No error
ERROR: [Common 17-180] Spawn failed: No error
ERROR: [Common 17-180] Spawn failed: No error
ERROR: [Common 17-180] Spawn failed: No error
ERROR: [Common 17-180] Spawn failed: No error
ERROR: [Common 17-180] Spawn failed: No error
ERROR: [Common 17-180] Spawn failed: No error
ERROR: [Common 17-180] Spawn failed: No error
ERROR: [Common 17-180] Spawn failed: No error
ERROR: [Common 17-180] Spawn failed: No error
ERROR: [Common 17-180] Spawn failed: No error
ERROR: [Common 17-180] Spawn failed: No error
ERROR: [Common 17-180] Spawn failed: No error
ERROR: [Common 17-180] Spawn failed: No error
ERROR: [Common 17-180] Spawn failed: No error
ERROR: [Common 17-180] Spawn failed: No error
ERROR: [Common 17-180] Spawn failed: No error
ERROR: [Common 17-180] Spawn failed: No error
ERROR: [Common 17-180] Spawn failed: No error
ERROR: [Common 17-180] Spawn failed: No error
ERROR: [Common 17-180] Spawn failed: No error
ERROR: [Common 17-180] Spawn failed: No error
ERROR: [Common 17-180] Spawn failed: No error
ERROR: [Common 17-180] Spawn failed: No error
ERROR: [Common 17-180] Spawn failed: No error
ERROR: [Common 17-180] Spawn failed: No error
ERROR: [Common 17-180] Spawn failed: No error
ERROR: [Common 17-180] Spawn failed: No error
ERROR: [Common 17-180] Spawn failed: No error
ERROR: [Common 17-180] Spawn failed: No error
ERROR: [Common 17-180] Spawn failed: No error
ERROR: [Common 17-180] Spawn failed: No error
ERROR: [Common 17-180] Spawn failed: No error
ERROR: [Common 17-180] Spawn failed: No error
ERROR: [Common 17-180] Spawn failed: No error
ERROR: [Common 17-180] Spawn failed: No error
ERROR: [Common 17-180] Spawn failed: No error
ERROR: [Common 17-180] Spawn failed: No error
ERROR: [Common 17-180] Spawn failed: No error
ERROR: [Common 17-180] Spawn failed: No error
ERROR: [Common 17-180] Spawn failed: No error
ERROR: [Common 17-180] Spawn failed: No error
ERROR: [Common 17-180] Spawn failed: No error
ERROR: [Common 17-180] Spawn failed: No error
ERROR: [Common 17-180] Spawn failed: No error
ERROR: [Common 17-180] Spawn failed: No error
ERROR: [Common 17-180] Spawn failed: No error
ERROR: [Common 17-180] Spawn failed: No error
ERROR: [Common 17-180] Spawn failed: No error
ERROR: [Common 17-180] Spawn failed: No error
ERROR: [Common 17-180] Spawn failed: No error
ERROR: [Common 17-180] Spawn failed: No error
ERROR: [Common 17-180] Spawn failed: No error
ERROR: [Common 17-180] Spawn failed: No error
ERROR: [Common 17-180] Spawn failed: No error
ERROR: [Common 17-180] Spawn failed: No error
ERROR: [Common 17-180] Spawn failed: No error
ERROR: [Common 17-180] Spawn failed: No error
INFO: [Common 17-14] Message 'Common 17-180' appears 100 times and further instances of the messages will be disabled. Use the Tcl command set_msg_config to change the current settings.
export_ip_user_files -of_objects  [get_files {{C:/Users/austi/CPE 233/ALU_IMMED_GEN/ALU_IMMED_GEN.srcs/sources_1/new/IMMED_GEN.v}}] -no_script -reset -force -quiet
remove_files  {{C:/Users/austi/CPE 233/ALU_IMMED_GEN/ALU_IMMED_GEN.srcs/sources_1/new/IMMED_GEN.v}}
file delete -force {C:/Users/austi/CPE 233/ALU_IMMED_GEN/ALU_IMMED_GEN.srcs/sources_1/new/IMMED_GEN.v}
update_compile_order -fileset sources_1
close [ open {C:/Users/austi/CPE 233/ALU_IMMED_GEN/ALU_IMMED_GEN.srcs/sources_1/new/IMMED_GEN.sv} w ]
add_files {{C:/Users/austi/CPE 233/ALU_IMMED_GEN/ALU_IMMED_GEN.srcs/sources_1/new/IMMED_GEN.sv}}
update_compile_order -fileset sources_1
WARNING: [filemgmt 56-199] Attempt to get parsing info during refresh. "On-the-fly" syntax checking information may be incorrect. [C:\Users\austi\CPE 233\ALU_IMMED_GEN\ALU_IMMED_GEN.srcs\sources_1\new\IMMED_GEN.v:]
WARNING: [filemgmt 56-199] Attempt to get parsing info during refresh. "On-the-fly" syntax checking information may be incorrect. [C:\Users\austi\CPE 233\ALU_IMMED_GEN\ALU_IMMED_GEN.srcs\sources_1\new\IMMED_GEN.sv:]
WARNING: [filemgmt 56-199] Attempt to get parsing info during refresh. "On-the-fly" syntax checking information may be incorrect. [C:\Users\austi\CPE 233\ALU_IMMED_GEN\ALU_IMMED_GEN.srcs\sources_1\new\ALU.sv:]
ERROR: [Common 17-180] Spawn failed: No such file or directory
WARNING: [filemgmt 56-199] Attempt to get parsing info during refresh. "On-the-fly" syntax checking information may be incorrect. [C:\Users\austi\CPE 233\ALU_IMMED_GEN\ALU_IMMED_GEN.srcs\sources_1\new\IMMED_GEN.v:]
WARNING: [filemgmt 56-199] Attempt to get parsing info during refresh. "On-the-fly" syntax checking information may be incorrect. [C:\Users\austi\CPE 233\ALU_IMMED_GEN\ALU_IMMED_GEN.srcs\sources_1\new\IMMED_GEN.sv:]
WARNING: [filemgmt 56-199] Attempt to get parsing info during refresh. "On-the-fly" syntax checking information may be incorrect. [C:\Users\austi\CPE 233\ALU_IMMED_GEN\ALU_IMMED_GEN.srcs\sources_1\new\ALU.sv:]
ERROR: [Common 17-180] Spawn failed: No such file or directory
WARNING: [filemgmt 56-199] Attempt to get parsing info during refresh. "On-the-fly" syntax checking information may be incorrect. [C:\Users\austi\CPE 233\ALU_IMMED_GEN\ALU_IMMED_GEN.srcs\sources_1\new\IMMED_GEN.v:]
WARNING: [filemgmt 56-199] Attempt to get parsing info during refresh. "On-the-fly" syntax checking information may be incorrect. [C:\Users\austi\CPE 233\ALU_IMMED_GEN\ALU_IMMED_GEN.srcs\sources_1\new\IMMED_GEN.sv:]
WARNING: [filemgmt 56-199] Attempt to get parsing info during refresh. "On-the-fly" syntax checking information may be incorrect. [C:\Users\austi\CPE 233\ALU_IMMED_GEN\ALU_IMMED_GEN.srcs\sources_1\new\ALU.sv:]
ERROR: [Common 17-180] Spawn failed: No such file or directory
WARNING: [filemgmt 56-199] Attempt to get parsing info during refresh. "On-the-fly" syntax checking information may be incorrect. [C:\Users\austi\CPE 233\ALU_IMMED_GEN\ALU_IMMED_GEN.srcs\sources_1\new\IMMED_GEN.v:]
WARNING: [filemgmt 56-199] Attempt to get parsing info during refresh. "On-the-fly" syntax checking information may be incorrect. [C:\Users\austi\CPE 233\ALU_IMMED_GEN\ALU_IMMED_GEN.srcs\sources_1\new\IMMED_GEN.sv:]
WARNING: [filemgmt 56-199] Attempt to get parsing info during refresh. "On-the-fly" syntax checking information may be incorrect. [C:\Users\austi\CPE 233\ALU_IMMED_GEN\ALU_IMMED_GEN.srcs\sources_1\new\ALU.sv:]
ERROR: [Common 17-180] Spawn failed: No such file or directory
WARNING: [filemgmt 56-199] Attempt to get parsing info during refresh. "On-the-fly" syntax checking information may be incorrect. [C:\Users\austi\CPE 233\ALU_IMMED_GEN\ALU_IMMED_GEN.srcs\sources_1\new\IMMED_GEN.v:]
WARNING: [filemgmt 56-199] Attempt to get parsing info during refresh. "On-the-fly" syntax checking information may be incorrect. [C:\Users\austi\CPE 233\ALU_IMMED_GEN\ALU_IMMED_GEN.srcs\sources_1\new\IMMED_GEN.sv:]
WARNING: [filemgmt 56-199] Attempt to get parsing info during refresh. "On-the-fly" syntax checking information may be incorrect. [C:\Users\austi\CPE 233\ALU_IMMED_GEN\ALU_IMMED_GEN.srcs\sources_1\new\ALU.sv:]
ERROR: [Common 17-180] Spawn failed: No such file or directory
WARNING: [filemgmt 56-199] Attempt to get parsing info during refresh. "On-the-fly" syntax checking information may be incorrect. [C:\Users\austi\CPE 233\ALU_IMMED_GEN\ALU_IMMED_GEN.srcs\sources_1\new\IMMED_GEN.v:]
WARNING: [filemgmt 56-199] Attempt to get parsing info during refresh. "On-the-fly" syntax checking information may be incorrect. [C:\Users\austi\CPE 233\ALU_IMMED_GEN\ALU_IMMED_GEN.srcs\sources_1\new\IMMED_GEN.sv:]
WARNING: [filemgmt 56-199] Attempt to get parsing info during refresh. "On-the-fly" syntax checking information may be incorrect. [C:\Users\austi\CPE 233\ALU_IMMED_GEN\ALU_IMMED_GEN.srcs\sources_1\new\ALU.sv:]
ERROR: [Common 17-180] Spawn failed: No such file or directory
WARNING: [filemgmt 56-199] Attempt to get parsing info during refresh. "On-the-fly" syntax checking information may be incorrect. [C:\Users\austi\CPE 233\ALU_IMMED_GEN\ALU_IMMED_GEN.srcs\sources_1\new\IMMED_GEN.v:]
WARNING: [filemgmt 56-199] Attempt to get parsing info during refresh. "On-the-fly" syntax checking information may be incorrect. [C:\Users\austi\CPE 233\ALU_IMMED_GEN\ALU_IMMED_GEN.srcs\sources_1\new\IMMED_GEN.sv:]
WARNING: [filemgmt 56-199] Attempt to get parsing info during refresh. "On-the-fly" syntax checking information may be incorrect. [C:\Users\austi\CPE 233\ALU_IMMED_GEN\ALU_IMMED_GEN.srcs\sources_1\new\ALU.sv:]
ERROR: [Common 17-180] Spawn failed: No such file or directory
WARNING: [filemgmt 56-199] Attempt to get parsing info during refresh. "On-the-fly" syntax checking information may be incorrect. [C:\Users\austi\CPE 233\ALU_IMMED_GEN\ALU_IMMED_GEN.srcs\sources_1\new\IMMED_GEN.v:]
WARNING: [filemgmt 56-199] Attempt to get parsing info during refresh. "On-the-fly" syntax checking information may be incorrect. [C:\Users\austi\CPE 233\ALU_IMMED_GEN\ALU_IMMED_GEN.srcs\sources_1\new\IMMED_GEN.sv:]
WARNING: [filemgmt 56-199] Attempt to get parsing info during refresh. "On-the-fly" syntax checking information may be incorrect. [C:\Users\austi\CPE 233\ALU_IMMED_GEN\ALU_IMMED_GEN.srcs\sources_1\new\ALU.sv:]
ERROR: [Common 17-180] Spawn failed: No such file or directory
WARNING: [filemgmt 56-199] Attempt to get parsing info during refresh. "On-the-fly" syntax checking information may be incorrect. [C:\Users\austi\CPE 233\ALU_IMMED_GEN\ALU_IMMED_GEN.srcs\sources_1\new\IMMED_GEN.v:]
WARNING: [filemgmt 56-199] Attempt to get parsing info during refresh. "On-the-fly" syntax checking information may be incorrect. [C:\Users\austi\CPE 233\ALU_IMMED_GEN\ALU_IMMED_GEN.srcs\sources_1\new\IMMED_GEN.sv:]
WARNING: [filemgmt 56-199] Attempt to get parsing info during refresh. "On-the-fly" syntax checking information may be incorrect. [C:\Users\austi\CPE 233\ALU_IMMED_GEN\ALU_IMMED_GEN.srcs\sources_1\new\ALU.sv:]
ERROR: [Common 17-180] Spawn failed: No such file or directory
WARNING: [filemgmt 56-199] Attempt to get parsing info during refresh. "On-the-fly" syntax checking information may be incorrect. [C:\Users\austi\CPE 233\ALU_IMMED_GEN\ALU_IMMED_GEN.srcs\sources_1\new\IMMED_GEN.v:]
WARNING: [filemgmt 56-199] Attempt to get parsing info during refresh. "On-the-fly" syntax checking information may be incorrect. [C:\Users\austi\CPE 233\ALU_IMMED_GEN\ALU_IMMED_GEN.srcs\sources_1\new\IMMED_GEN.sv:]
WARNING: [filemgmt 56-199] Attempt to get parsing info during refresh. "On-the-fly" syntax checking information may be incorrect. [C:\Users\austi\CPE 233\ALU_IMMED_GEN\ALU_IMMED_GEN.srcs\sources_1\new\ALU.sv:]
ERROR: [Common 17-180] Spawn failed: No such file or directory
file mkdir C:/Users/austi/CPE 233/ALU_IMMED_GEN/ALU_IMMED_GEN.srcs/sim_1/new
file mkdir C:/Users/austi/CPE 233/ALU_IMMED_GEN/ALU_IMMED_GEN.srcs/sim_1/new
file mkdir C:/Users/austi/CPE 233/ALU_IMMED_GEN/ALU_IMMED_GEN.srcs/sim_1/new
file mkdir C:/Users/austi/CPE 233/ALU_IMMED_GEN/ALU_IMMED_GEN.srcs/sim_1/new
file mkdir C:/Users/austi/CPE 233/ALU_IMMED_GEN/ALU_IMMED_GEN.srcs/sim_1/new
set_property SOURCE_SET sources_1 [get_filesets sim_1]
file mkdir C:/Users/austi/CPE 233/ALU_IMMED_GEN/ALU_IMMED_GEN.srcs/sim_1/new
file mkdir {C:/Users/austi/CPE 233/ALU_IMMED_GEN/ALU_IMMED_GEN.srcs/sim_1/new}
close [ open {C:/Users/austi/CPE 233/ALU_IMMED_GEN/ALU_IMMED_GEN.srcs/sim_1/new/IMMED_GEN_TB.sv} w ]
add_files -fileset sim_1 {{C:/Users/austi/CPE 233/ALU_IMMED_GEN/ALU_IMMED_GEN.srcs/sim_1/new/IMMED_GEN_TB.sv}}
update_compile_order -fileset sim_1
launch_simulation
Command: launch_simulation 
INFO: [Vivado 12-5682] Launching behavioral simulation in 'C:/Users/austi/CPE 233/ALU_IMMED_GEN/ALU_IMMED_GEN.sim/sim_1/behav/xsim'
INFO: [SIM-utils-51] Simulation object is 'sim_1'
INFO: [SIM-utils-54] Inspecting design source files for 'ALU' in fileset 'sim_1'...
INFO: [USF-XSim-97] Finding global include files...
INFO: [USF-XSim-98] Fetching design files from 'sim_1'...
INFO: [USF-XSim-2] XSim::Compile design
INFO: [USF-XSim-61] Executing 'COMPILE and ANALYZE' step in 'C:/Users/austi/CPE 233/ALU_IMMED_GEN/ALU_IMMED_GEN.sim/sim_1/behav/xsim'
"xvlog --incr --relax -prj ALU_vlog.prj"
INFO: [VRFC 10-2263] Analyzing SystemVerilog file "C:/Users/austi/CPE 233/ALU_IMMED_GEN/ALU_IMMED_GEN.srcs/sources_1/new/IMMED_GEN.sv" into library xil_defaultlib
INFO: [VRFC 10-311] analyzing module IMMED_GEN
INFO: [VRFC 10-2263] Analyzing SystemVerilog file "C:/Users/austi/CPE 233/ALU_IMMED_GEN/ALU_IMMED_GEN.srcs/sim_1/new/IMMED_GEN_TB.sv" into library xil_defaultlib
INFO: [VRFC 10-311] analyzing module IMMED_GEN_TB
INFO: [VRFC 10-2263] Analyzing Verilog file "C:/Users/austi/CPE 233/ALU_IMMED_GEN/ALU_IMMED_GEN.sim/sim_1/behav/xsim/glbl.v" into library xil_defaultlib
INFO: [VRFC 10-311] analyzing module glbl
INFO: [USF-XSim-69] 'compile' step finished in '2' seconds
INFO: [USF-XSim-3] XSim::Elaborate design
INFO: [USF-XSim-61] Executing 'ELABORATE' step in 'C:/Users/austi/CPE 233/ALU_IMMED_GEN/ALU_IMMED_GEN.sim/sim_1/behav/xsim'
"xelab -wto 67714a2d2a0b45308bbe74f1c19670c8 --incr --debug typical --relax --mt 2 -L xil_defaultlib -L unisims_ver -L unimacro_ver -L secureip --snapshot ALU_behav xil_defaultlib.ALU xil_defaultlib.glbl -log elaborate.log"
Vivado Simulator 2020.1
Copyright 1986-1999, 2001-2020 Xilinx, Inc. All Rights Reserved.
Running: C:/Xilinx/Vivado/2020.1/bin/unwrapped/win64.o/xelab.exe -wto 67714a2d2a0b45308bbe74f1c19670c8 --incr --debug typical --relax --mt 2 -L xil_defaultlib -L unisims_ver -L unimacro_ver -L secureip --snapshot ALU_behav xil_defaultlib.ALU xil_defaultlib.glbl -log elaborate.log 
Using 2 slave threads.
ERROR: [XSIM 43-3225] Cannot find design unit xil_defaultlib.ALU in library work located at xsim.dir/work.
INFO: [USF-XSim-69] 'elaborate' step finished in '2' seconds
INFO: [USF-XSim-99] Step results log file:'C:/Users/austi/CPE 233/ALU_IMMED_GEN/ALU_IMMED_GEN.sim/sim_1/behav/xsim/elaborate.log'
ERROR: [USF-XSim-62] 'elaborate' step failed with error(s). Please check the Tcl console output or 'C:/Users/austi/CPE 233/ALU_IMMED_GEN/ALU_IMMED_GEN.sim/sim_1/behav/xsim/elaborate.log' file for more information.
ERROR: [Vivado 12-4473] Detected error while running simulation. Please correct the issue and retry this operation.
launch_simulation: Time (s): cpu = 00:00:00 ; elapsed = 00:00:09 . Memory (MB): peak = 1666.801 ; gain = 0.000
ERROR: [Common 17-39] 'launch_simulation' failed due to earlier errors.
update_compile_order -fileset sim_1
update_compile_order -fileset sources_1
launch_simulation
Command: launch_simulation 
INFO: [Vivado 12-5682] Launching behavioral simulation in 'C:/Users/austi/CPE 233/ALU_IMMED_GEN/ALU_IMMED_GEN.sim/sim_1/behav/xsim'
INFO: [SIM-utils-51] Simulation object is 'sim_1'
INFO: [SIM-utils-54] Inspecting design source files for 'IMMED_GEN_TB' in fileset 'sim_1'...
INFO: [USF-XSim-97] Finding global include files...
INFO: [USF-XSim-98] Fetching design files from 'sim_1'...
INFO: [USF-XSim-2] XSim::Compile design
INFO: [USF-XSim-61] Executing 'COMPILE and ANALYZE' step in 'C:/Users/austi/CPE 233/ALU_IMMED_GEN/ALU_IMMED_GEN.sim/sim_1/behav/xsim'
"xvlog --incr --relax -prj IMMED_GEN_TB_vlog.prj"
INFO: [USF-XSim-69] 'compile' step finished in '1' seconds
INFO: [USF-XSim-3] XSim::Elaborate design
INFO: [USF-XSim-61] Executing 'ELABORATE' step in 'C:/Users/austi/CPE 233/ALU_IMMED_GEN/ALU_IMMED_GEN.sim/sim_1/behav/xsim'
"xelab -wto 67714a2d2a0b45308bbe74f1c19670c8 --incr --debug typical --relax --mt 2 -L xil_defaultlib -L unisims_ver -L unimacro_ver -L secureip --snapshot IMMED_GEN_TB_behav xil_defaultlib.IMMED_GEN_TB xil_defaultlib.glbl -log elaborate.log"
Vivado Simulator 2020.1
Copyright 1986-1999, 2001-2020 Xilinx, Inc. All Rights Reserved.
Running: C:/Xilinx/Vivado/2020.1/bin/unwrapped/win64.o/xelab.exe -wto 67714a2d2a0b45308bbe74f1c19670c8 --incr --debug typical --relax --mt 2 -L xil_defaultlib -L unisims_ver -L unimacro_ver -L secureip --snapshot IMMED_GEN_TB_behav xil_defaultlib.IMMED_GEN_TB xil_defaultlib.glbl -log elaborate.log 
Using 2 slave threads.
Starting static elaboration
Pass Through NonSizing Optimizer
Completed static elaboration
Starting simulation data flow analysis
Completed simulation data flow analysis
Time Resolution for simulation is 1ps
Compiling module xil_defaultlib.IMMED_GEN
Compiling module xil_defaultlib.IMMED_GEN_TB
Compiling module xil_defaultlib.glbl
Built simulation snapshot IMMED_GEN_TB_behav

****** Webtalk v2020.1 (64-bit)
  **** SW Build 2902540 on Wed May 27 19:54:49 MDT 2020
  **** IP Build 2902112 on Wed May 27 22:43:36 MDT 2020
    ** Copyright 1986-2020 Xilinx, Inc. All Rights Reserved.

source C:/Users/austi/CPE -notrace
couldn't read file "C:/Users/austi/CPE": permission denied
INFO: [Common 17-206] Exiting Webtalk at Tue Jan 31 19:29:32 2023...
INFO: [USF-XSim-69] 'elaborate' step finished in '4' seconds
INFO: [USF-XSim-4] XSim::Simulate design
INFO: [USF-XSim-61] Executing 'SIMULATE' step in 'C:/Users/austi/CPE 233/ALU_IMMED_GEN/ALU_IMMED_GEN.sim/sim_1/behav/xsim'
INFO: [USF-XSim-98] *** Running xsim
   with args "IMMED_GEN_TB_behav -key {Behavioral:sim_1:Functional:IMMED_GEN_TB} -tclbatch {IMMED_GEN_TB.tcl} -log {simulate.log}"
INFO: [USF-XSim-8] Loading simulator feature
Vivado Simulator 2020.1
Time resolution is 1 ps
source IMMED_GEN_TB.tcl
# set curr_wave [current_wave_config]
# if { [string length $curr_wave] == 0 } {
#   if { [llength [get_objects]] > 0} {
#     add_wave /
#     set_property needs_save false [current_wave_config]
#   } else {
#      send_msg_id Add_Wave-1 WARNING "No top level signals found. Simulator will start without a wave window. If you want to open a wave window go to 'File->New Waveform Configuration' or type 'create_wave_config' in the TCL console."
#   }
# }
# run 1000ns
INFO: [USF-XSim-96] XSim completed. Design snapshot 'IMMED_GEN_TB_behav' loaded.
INFO: [USF-XSim-97] XSim simulation ran for 1000ns
launch_simulation: Time (s): cpu = 00:00:03 ; elapsed = 00:00:09 . Memory (MB): peak = 1666.801 ; gain = 0.000
WARNING: [filemgmt 56-199] Attempt to get parsing info during refresh. "On-the-fly" syntax checking information may be incorrect. [C:\Users\austi\CPE 233\ALU_IMMED_GEN\ALU_IMMED_GEN.srcs\sources_1\new\IMMED_GEN.v:]
WARNING: [filemgmt 56-199] Attempt to get parsing info during refresh. "On-the-fly" syntax checking information may be incorrect. [C:\Users\austi\CPE 233\ALU_IMMED_GEN\ALU_IMMED_GEN.srcs\sources_1\new\IMMED_GEN.sv:]
WARNING: [filemgmt 56-199] Attempt to get parsing info during refresh. "On-the-fly" syntax checking information may be incorrect. [C:\Users\austi\CPE 233\ALU_IMMED_GEN\ALU_IMMED_GEN.srcs\sources_1\new\ALU.sv:]
WARNING: [filemgmt 56-199] Attempt to get parsing info during refresh. "On-the-fly" syntax checking information may be incorrect. [C:\Users\austi\CPE 233\ALU_IMMED_GEN\ALU_IMMED_GEN.srcs\sim_1\new\IMMED_GEN_TB.sv:]
ERROR: [Common 17-180] Spawn failed: No such file or directory
WARNING: [filemgmt 56-199] Attempt to get parsing info during refresh. "On-the-fly" syntax checking information may be incorrect. [C:\Users\austi\CPE 233\ALU_IMMED_GEN\ALU_IMMED_GEN.srcs\sources_1\new\IMMED_GEN.v:]
WARNING: [filemgmt 56-199] Attempt to get parsing info during refresh. "On-the-fly" syntax checking information may be incorrect. [C:\Users\austi\CPE 233\ALU_IMMED_GEN\ALU_IMMED_GEN.srcs\sources_1\new\IMMED_GEN.sv:]
WARNING: [filemgmt 56-199] Attempt to get parsing info during refresh. "On-the-fly" syntax checking information may be incorrect. [C:\Users\austi\CPE 233\ALU_IMMED_GEN\ALU_IMMED_GEN.srcs\sources_1\new\ALU.sv:]
WARNING: [filemgmt 56-199] Attempt to get parsing info during refresh. "On-the-fly" syntax checking information may be incorrect. [C:\Users\austi\CPE 233\ALU_IMMED_GEN\ALU_IMMED_GEN.srcs\sim_1\new\IMMED_GEN_TB.sv:]
ERROR: [Common 17-180] Spawn failed: No such file or directory
set_property SOURCE_SET sources_1 [get_filesets sim_1]
close [ open {C:/Users/austi/CPE 233/ALU_IMMED_GEN/ALU_IMMED_GEN.srcs/sim_1/new/ALU_TB.sv} w ]
add_files -fileset sim_1 {{C:/Users/austi/CPE 233/ALU_IMMED_GEN/ALU_IMMED_GEN.srcs/sim_1/new/ALU_TB.sv}}
update_compile_order -fileset sim_1
close_sim
INFO: [Simtcl 6-16] Simulation closed
launch_simulation
Command: launch_simulation 
INFO: [Vivado 12-5682] Launching behavioral simulation in 'C:/Users/austi/CPE 233/ALU_IMMED_GEN/ALU_IMMED_GEN.sim/sim_1/behav/xsim'
INFO: [SIM-utils-51] Simulation object is 'sim_1'
INFO: [SIM-utils-54] Inspecting design source files for 'IMMED_GEN_TB' in fileset 'sim_1'...
INFO: [USF-XSim-97] Finding global include files...
INFO: [USF-XSim-98] Fetching design files from 'sim_1'...
INFO: [USF-XSim-2] XSim::Compile design
INFO: [USF-XSim-61] Executing 'COMPILE and ANALYZE' step in 'C:/Users/austi/CPE 233/ALU_IMMED_GEN/ALU_IMMED_GEN.sim/sim_1/behav/xsim'
"xvlog --incr --relax -prj IMMED_GEN_TB_vlog.prj"
INFO: [VRFC 10-2263] Analyzing SystemVerilog file "C:/Users/austi/CPE 233/ALU_IMMED_GEN/ALU_IMMED_GEN.srcs/sources_1/new/IMMED_GEN.sv" into library xil_defaultlib
INFO: [VRFC 10-311] analyzing module IMMED_GEN
INFO: [VRFC 10-2263] Analyzing SystemVerilog file "C:/Users/austi/CPE 233/ALU_IMMED_GEN/ALU_IMMED_GEN.srcs/sim_1/new/IMMED_GEN_TB.sv" into library xil_defaultlib
INFO: [VRFC 10-311] analyzing module IMMED_GEN_TB
INFO: [USF-XSim-69] 'compile' step finished in '1' seconds
INFO: [USF-XSim-3] XSim::Elaborate design
INFO: [USF-XSim-61] Executing 'ELABORATE' step in 'C:/Users/austi/CPE 233/ALU_IMMED_GEN/ALU_IMMED_GEN.sim/sim_1/behav/xsim'
"xelab -wto 67714a2d2a0b45308bbe74f1c19670c8 --incr --debug typical --relax --mt 2 -L xil_defaultlib -L unisims_ver -L unimacro_ver -L secureip --snapshot IMMED_GEN_TB_behav xil_defaultlib.IMMED_GEN_TB xil_defaultlib.glbl -log elaborate.log"
Vivado Simulator 2020.1
Copyright 1986-1999, 2001-2020 Xilinx, Inc. All Rights Reserved.
Running: C:/Xilinx/Vivado/2020.1/bin/unwrapped/win64.o/xelab.exe -wto 67714a2d2a0b45308bbe74f1c19670c8 --incr --debug typical --relax --mt 2 -L xil_defaultlib -L unisims_ver -L unimacro_ver -L secureip --snapshot IMMED_GEN_TB_behav xil_defaultlib.IMMED_GEN_TB xil_defaultlib.glbl -log elaborate.log 
Using 2 slave threads.
Starting static elaboration
Pass Through NonSizing Optimizer
Completed static elaboration
Starting simulation data flow analysis
Completed simulation data flow analysis
Time Resolution for simulation is 1ps
Compiling module xil_defaultlib.IMMED_GEN
Compiling module xil_defaultlib.IMMED_GEN_TB
Compiling module xil_defaultlib.glbl
Built simulation snapshot IMMED_GEN_TB_behav
INFO: [USF-XSim-69] 'elaborate' step finished in '2' seconds
INFO: [USF-XSim-4] XSim::Simulate design
INFO: [USF-XSim-61] Executing 'SIMULATE' step in 'C:/Users/austi/CPE 233/ALU_IMMED_GEN/ALU_IMMED_GEN.sim/sim_1/behav/xsim'
INFO: [USF-XSim-98] *** Running xsim
   with args "IMMED_GEN_TB_behav -key {Behavioral:sim_1:Functional:IMMED_GEN_TB} -tclbatch {IMMED_GEN_TB.tcl} -log {simulate.log}"
INFO: [USF-XSim-8] Loading simulator feature
Vivado Simulator 2020.1
Time resolution is 1 ps
source IMMED_GEN_TB.tcl
# set curr_wave [current_wave_config]
# if { [string length $curr_wave] == 0 } {
#   if { [llength [get_objects]] > 0} {
#     add_wave /
#     set_property needs_save false [current_wave_config]
#   } else {
#      send_msg_id Add_Wave-1 WARNING "No top level signals found. Simulator will start without a wave window. If you want to open a wave window go to 'File->New Waveform Configuration' or type 'create_wave_config' in the TCL console."
#   }
# }
# run 1000ns
INFO: [USF-XSim-96] XSim completed. Design snapshot 'IMMED_GEN_TB_behav' loaded.
INFO: [USF-XSim-97] XSim simulation ran for 1000ns
launch_simulation: Time (s): cpu = 00:00:03 ; elapsed = 00:00:06 . Memory (MB): peak = 1666.801 ; gain = 0.000
set_property top ALU_TB [get_filesets sim_1]
set_property top_lib xil_defaultlib [get_filesets sim_1]
WARNING: [filemgmt 56-199] Attempt to get parsing info during refresh. "On-the-fly" syntax checking information may be incorrect. [C:\Users\austi\CPE 233\ALU_IMMED_GEN\ALU_IMMED_GEN.srcs\sources_1\new\IMMED_GEN.v:]
WARNING: [filemgmt 56-199] Attempt to get parsing info during refresh. "On-the-fly" syntax checking information may be incorrect. [C:\Users\austi\CPE 233\ALU_IMMED_GEN\ALU_IMMED_GEN.srcs\sources_1\new\IMMED_GEN.sv:]
WARNING: [filemgmt 56-199] Attempt to get parsing info during refresh. "On-the-fly" syntax checking information may be incorrect. [C:\Users\austi\CPE 233\ALU_IMMED_GEN\ALU_IMMED_GEN.srcs\sources_1\new\ALU.sv:]
WARNING: [filemgmt 56-199] Attempt to get parsing info during refresh. "On-the-fly" syntax checking information may be incorrect. [C:\Users\austi\CPE 233\ALU_IMMED_GEN\ALU_IMMED_GEN.srcs\sim_1\new\IMMED_GEN_TB.sv:]
WARNING: [filemgmt 56-199] Attempt to get parsing info during refresh. "On-the-fly" syntax checking information may be incorrect. [C:\Users\austi\CPE 233\ALU_IMMED_GEN\ALU_IMMED_GEN.srcs\sim_1\new\ALU_TB.sv:]
WARNING: [filemgmt 56-199] Attempt to get parsing info during refresh. "On-the-fly" syntax checking information may be incorrect. [C:\Users\austi\CPE 233\ALU_IMMED_GEN\ALU_IMMED_GEN.srcs\sources_1\new\IMMED_GEN.v:]
WARNING: [filemgmt 56-199] Attempt to get parsing info during refresh. "On-the-fly" syntax checking information may be incorrect. [C:\Users\austi\CPE 233\ALU_IMMED_GEN\ALU_IMMED_GEN.srcs\sources_1\new\IMMED_GEN.sv:]
WARNING: [filemgmt 56-199] Attempt to get parsing info during refresh. "On-the-fly" syntax checking information may be incorrect. [C:\Users\austi\CPE 233\ALU_IMMED_GEN\ALU_IMMED_GEN.srcs\sources_1\new\ALU.sv:]
WARNING: [filemgmt 56-199] Attempt to get parsing info during refresh. "On-the-fly" syntax checking information may be incorrect. [C:\Users\austi\CPE 233\ALU_IMMED_GEN\ALU_IMMED_GEN.srcs\sim_1\new\IMMED_GEN_TB.sv:]
WARNING: [filemgmt 56-199] Attempt to get parsing info during refresh. "On-the-fly" syntax checking information may be incorrect. [C:\Users\austi\CPE 233\ALU_IMMED_GEN\ALU_IMMED_GEN.srcs\sim_1\new\ALU_TB.sv:]
WARNING: [filemgmt 56-199] Attempt to get parsing info during refresh. "On-the-fly" syntax checking information may be incorrect. [C:\Users\austi\CPE 233\ALU_IMMED_GEN\ALU_IMMED_GEN.srcs\sources_1\new\IMMED_GEN.v:]
WARNING: [filemgmt 56-199] Attempt to get parsing info during refresh. "On-the-fly" syntax checking information may be incorrect. [C:\Users\austi\CPE 233\ALU_IMMED_GEN\ALU_IMMED_GEN.srcs\sources_1\new\IMMED_GEN.sv:]
WARNING: [filemgmt 56-199] Attempt to get parsing info during refresh. "On-the-fly" syntax checking information may be incorrect. [C:\Users\austi\CPE 233\ALU_IMMED_GEN\ALU_IMMED_GEN.srcs\sources_1\new\ALU.sv:]
WARNING: [filemgmt 56-199] Attempt to get parsing info during refresh. "On-the-fly" syntax checking information may be incorrect. [C:\Users\austi\CPE 233\ALU_IMMED_GEN\ALU_IMMED_GEN.srcs\sim_1\new\IMMED_GEN_TB.sv:]
WARNING: [filemgmt 56-199] Attempt to get parsing info during refresh. "On-the-fly" syntax checking information may be incorrect. [C:\Users\austi\CPE 233\ALU_IMMED_GEN\ALU_IMMED_GEN.srcs\sim_1\new\ALU_TB.sv:]
update_compile_order -fileset sim_1
launch_simulation
Command: launch_simulation 
boost::filesystem::remove: The process cannot access the file because it is being used by another process: "C:/Users/austi/CPE 233/ALU_IMMED_GEN/ALU_IMMED_GEN.sim/sim_1/behav/xsim/simulate.log"
launch_simulation
Command: launch_simulation 
boost::filesystem::remove: The process cannot access the file because it is being used by another process: "C:/Users/austi/CPE 233/ALU_IMMED_GEN/ALU_IMMED_GEN.sim/sim_1/behav/xsim/simulate.log"
launch_simulation
Command: launch_simulation 
boost::filesystem::remove: The process cannot access the file because it is being used by another process: "C:/Users/austi/CPE 233/ALU_IMMED_GEN/ALU_IMMED_GEN.sim/sim_1/behav/xsim/simulate.log"
close_sim
INFO: [Simtcl 6-16] Simulation closed
exit
INFO: [Common 17-206] Exiting Vivado at Tue Jan 31 19:54:09 2023...
